#
# There is insufficient memory for the Java Runtime Environment to continue.
# Native memory allocation (mmap) failed to map 31457280 bytes for Failed to commit area from 0x000000008e700000 to 0x0000000090500000 of length 31457280.
# Possible reasons:
#   The system is out of physical RAM or swap space
#   The process is running with CompressedOops enabled, and the Java Heap may be blocking the growth of the native heap
# Possible solutions:
#   Reduce memory load on the system
#   Increase physical memory or swap space
#   Check if swap backing store is full
#   Decrease Java heap size (-Xmx/-Xms)
#   Decrease number of Java threads
#   Decrease Java thread stack sizes (-Xss)
#   Set larger code cache with -XX:ReservedCodeCacheSize=
#   JVM is running with Unscaled Compressed Oops mode in which the Java heap is
#     placed in the first 4GB address space. The Java Heap base address is the
#     maximum limit for the native heap growth. Please use -XX:HeapBaseMinAddress
#     to set the Java Heap base and to place the Java Heap above 4GB virtual address.
# This output file may be truncated or incomplete.
#
#  Out of Memory Error (./open/src/hotspot/os/windows/os_windows.cpp:3284), pid=10496, tid=10284
#
# JRE version: Java(TM) SE Runtime Environment 18.9 (11.0.14+8) (build 11.0.14+8-LTS-263)
# Java VM: Java HotSpot(TM) 64-Bit Server VM 18.9 (11.0.14+8-LTS-263, mixed mode, tiered, compressed oops, g1 gc, windows-amd64)
# No core dump will be written. Minidumps are not enabled by default on client versions of Windows
#

---------------  S U M M A R Y ------------

Command Line: C:\Users\SKANDE~1\AppData\Local\Temp\surefire17454233698892843245\surefirebooter10435436552684541163.jar C:\Users\Skander Boussorra\AppData\Local\Temp\surefire17454233698892843245 2022-06-11T09-30-37_663-jvmRun1 surefire1321331755538745970tmp surefire_010075411297079296506tmp

Host: 11th Gen Intel(R) Core(TM) i5-1135G7 @ 2.40GHz, 8 cores, 7G,  Windows 11 , 64 bit Build 22000 (10.0.22000.675)
Time: Sat Jun 11 09:30:47 2022 Afr. centrale Ouest elapsed time: 8.763838 seconds (0d 0h 0m 8s)

---------------  T H R E A D  ---------------

Current thread (0x000002077c6ee800):  VMThread "VM Thread" [stack: 0x000000925ed00000,0x000000925ee00000] [id=10284]

Stack: [0x000000925ed00000,0x000000925ee00000]
[error occurred during error reporting (printing stack bounds), id 0xc0000005, EXCEPTION_ACCESS_VIOLATION (0xc0000005) at pc=0x00000207660610e7]

Native frames: (J=compiled Java code, j=interpreted, Vv=VM code, C=native code)
V  [jvm.dll+0x6296da]
V  [jvm.dll+0x76323f]
V  [jvm.dll+0x7648e9]
V  [jvm.dll+0x764ed5]
V  [jvm.dll+0x764e8b]
V  [jvm.dll+0x628c23]
V  [jvm.dll+0x6292d8]
C  [ntdll.dll+0xa8e4f]
C  [ntdll.dll+0x35e9a]
C  [ntdll.dll+0xa7e5e]
C  0x00000207660610e7

VM_Operation (0x000000925e7f8800): G1CollectForAllocation, mode: safepoint, requested by thread 0x000002075e9d9800


---------------  P R O C E S S  ---------------

Threads class SMR info:
_java_thread_list=0x000002077c7081f0, length=15, elements={
0x000002075e9d9800, 0x000002077c6f4000, 0x000002077c6f6800, 0x000002077c712800,
0x000002077c715000, 0x000002077c716000, 0x000002077c718000, 0x000002077c71c000,
0x000002077c721800, 0x000002077d204800, 0x000002077d2f2000, 0x000002077d37f800,
0x0000020700e8b800, 0x000002077d1c2800, 0x0000020700d66000
}

Java Threads: ( => current thread )
  0x000002075e9d9800 JavaThread "main" [_thread_blocked, id=288, stack(0x000000925e700000,0x000000925e800000)]
  0x000002077c6f4000 JavaThread "Reference Handler" daemon [_thread_blocked, id=13428, stack(0x000000925ee00000,0x000000925ef00000)]
  0x000002077c6f6800 JavaThread "Finalizer" daemon [_thread_blocked, id=3212, stack(0x000000925ef00000,0x000000925f000000)]
  0x000002077c712800 JavaThread "Signal Dispatcher" daemon [_thread_blocked, id=24180, stack(0x000000925f000000,0x000000925f100000)]
  0x000002077c715000 JavaThread "Attach Listener" daemon [_thread_blocked, id=6612, stack(0x000000925f100000,0x000000925f200000)]
  0x000002077c716000 JavaThread "Service Thread" daemon [_thread_blocked, id=9264, stack(0x000000925f200000,0x000000925f300000)]
  0x000002077c718000 JavaThread "C2 CompilerThread0" daemon [_thread_blocked, id=24568, stack(0x000000925f300000,0x000000925f400000)]
  0x000002077c71c000 JavaThread "C1 CompilerThread0" daemon [_thread_blocked, id=22424, stack(0x000000925f400000,0x000000925f500000)]
  0x000002077c721800 JavaThread "Sweeper thread" daemon [_thread_blocked, id=23516, stack(0x000000925f500000,0x000000925f600000)]
  0x000002077d204800 JavaThread "Common-Cleaner" daemon [_thread_blocked, id=7896, stack(0x000000925f700000,0x000000925f800000)]
  0x000002077d2f2000 JavaThread "surefire-forkedjvm-command-thread" daemon [_thread_in_native, id=8032, stack(0x000000925f800000,0x000000925f900000)]
  0x000002077d37f800 JavaThread "surefire-forkedjvm-ping-30s" daemon [_thread_blocked, id=20268, stack(0x000000925f900000,0x000000925fa00000)]
  0x0000020700e8b800 JavaThread "mysql-cj-abandoned-connection-cleanup" daemon [_thread_blocked, id=24408, stack(0x000000925fc00000,0x000000925fd00000)]
  0x000002077d1c2800 JavaThread "HikariPool-1 housekeeper" daemon [_thread_blocked, id=21876, stack(0x0000009260000000,0x0000009260100000)]
  0x0000020700d66000 JavaThread "HikariPool-1 connection adder" daemon [_thread_blocked, id=22668, stack(0x0000009260100000,0x0000009260200000)]

Other Threads:
=>0x000002077c6ee800 VMThread "VM Thread" [stack: 0x000000925ed00000,0x000000925ee00000] [id=10284]
  0x000002077d203800 WatcherThread [stack: 0x000000925f600000,0x000000925f700000] [id=6680]
  0x000002075e9ed800 GCTaskThread "GC Thread#0" [stack: 0x000000925e800000,0x000000925e900000] [id=4728]
  0x000002077dfe1000 GCTaskThread "GC Thread#1" [stack: 0x000000925fa00000,0x000000925fb00000] [id=14824]
  0x000002077e459800 GCTaskThread "GC Thread#2" [stack: 0x000000925fd00000,0x000000925fe00000] [id=23160]
  0x00000207002e9000 GCTaskThread "GC Thread#3" [stack: 0x000000925fe00000,0x000000925ff00000] [id=23468]
  0x000002075ea1f000 ConcurrentGCThread "G1 Main Marker" [stack: 0x000000925e900000,0x000000925ea00000] [id=24272]
  0x000002075ea21800 ConcurrentGCThread "G1 Conc#0" [stack: 0x000000925ea00000,0x000000925eb00000] [id=13164]
  0x000002077e41f000 ConcurrentGCThread "G1 Conc#1" [stack: 0x000000925fb00000,0x000000925fc00000] [id=23608]
  0x000002075eab3000 ConcurrentGCThread "G1 Refine#0" [stack: 0x000000925eb00000,0x000000925ec00000] [id=3564]
  0x000002075eab4000 ConcurrentGCThread "G1 Young RemSet Sampling" [stack: 0x000000925ec00000,0x000000925ed00000] [id=8176]

Threads with active compile tasks:
C2 CompilerThread0   8783 5472   !   4       java.net.URL::<init> (543 bytes)

VM state:at safepoint (normal execution)

VM Mutex/Monitor currently owned by a thread:  ([mutex/lock_event])
[0x000002075e9d5ad0] Threads_lock - owner thread: 0x000002077c6ee800
[0x000002075e9d44e0] Heap_lock - owner thread: 0x000002075e9d9800

Heap address: 0x0000000085200000, size: 1966 MB, Compressed Oops mode: 32-bit
Narrow klass base: 0x0000000000000000, Narrow klass shift: 3
Compressed class space size: 1073741824 Address: 0x0000000100000000

Heap:
 garbage-first heap   total 183296K, used 32329K [0x0000000085200000, 0x0000000100000000)
  region size 1024K, 10 young (10240K), 10 survivors (10240K)
 Metaspace       used 68907K, capacity 70822K, committed 70960K, reserved 1110016K
  class space    used 8992K, capacity 9789K, committed 9856K, reserved 1048576K
Heap Regions: E=young(eden), S=young(survivor), O=old, HS=humongous(starts), HC=humongous(continues), CS=collection set, F=free, A=archive, TAMS=top-at-mark-start (previous, next)
|   0|0x0000000085200000, 0x0000000085300000, 0x0000000085300000|100%|HS|  |TAMS 0x0000000085300000, 0x0000000085200000| Complete 
|   1|0x0000000085300000, 0x0000000085400000, 0x0000000085400000|100%| O|  |TAMS 0x0000000085400000, 0x0000000085300000| Untracked 
|   2|0x0000000085400000, 0x0000000085500000, 0x0000000085500000|100%| O|  |TAMS 0x0000000085500000, 0x0000000085400000| Untracked 
|   3|0x0000000085500000, 0x0000000085600000, 0x0000000085600000|100%| O|  |TAMS 0x0000000085600000, 0x0000000085500000| Untracked 
|   4|0x0000000085600000, 0x0000000085700000, 0x0000000085700000|100%| O|  |TAMS 0x0000000085700000, 0x0000000085600000| Untracked 
|   5|0x0000000085700000, 0x0000000085800000, 0x0000000085800000|100%| O|  |TAMS 0x0000000085800000, 0x0000000085700000| Untracked 
|   6|0x0000000085800000, 0x0000000085900000, 0x0000000085900000|100%| O|  |TAMS 0x0000000085900000, 0x0000000085800000| Untracked 
|   7|0x0000000085900000, 0x0000000085a00000, 0x0000000085a00000|100%| O|  |TAMS 0x0000000085a00000, 0x0000000085900000| Untracked 
|   8|0x0000000085a00000, 0x0000000085b00000, 0x0000000085b00000|100%| O|  |TAMS 0x0000000085b00000, 0x0000000085a00000| Untracked 
|   9|0x0000000085b00000, 0x0000000085c00000, 0x0000000085c00000|100%| O|  |TAMS 0x0000000085c00000, 0x0000000085b00000| Untracked 
|  10|0x0000000085c00000, 0x0000000085d00000, 0x0000000085d00000|100%| O|  |TAMS 0x0000000085d00000, 0x0000000085c00000| Untracked 
|  11|0x0000000085d00000, 0x0000000085e00000, 0x0000000085e00000|100%| O|  |TAMS 0x0000000085e00000, 0x0000000085d00000| Untracked 
|  12|0x0000000085e00000, 0x0000000085f00000, 0x0000000085f00000|100%| O|  |TAMS 0x0000000085f00000, 0x0000000085e00000| Untracked 
|  13|0x0000000085f00000, 0x0000000086000000, 0x0000000086000000|100%| O|  |TAMS 0x0000000086000000, 0x0000000085f00000| Untracked 
|  14|0x0000000086000000, 0x0000000086100000, 0x0000000086100000|100%| O|  |TAMS 0x0000000086100000, 0x0000000086000000| Untracked 
|  15|0x0000000086100000, 0x0000000086200000, 0x0000000086200000|100%| O|  |TAMS 0x0000000086200000, 0x0000000086100000| Untracked 
|  16|0x0000000086200000, 0x0000000086300000, 0x0000000086300000|100%| O|  |TAMS 0x0000000086300000, 0x0000000086200000| Untracked 
|  17|0x0000000086300000, 0x0000000086400000, 0x0000000086400000|100%| O|  |TAMS 0x0000000086400000, 0x0000000086300000| Untracked 
|  18|0x0000000086400000, 0x0000000086500000, 0x0000000086500000|100%| O|  |TAMS 0x00000000864aac00, 0x0000000086400000| Untracked 
|  19|0x0000000086500000, 0x0000000086600000, 0x0000000086600000|100%| O|  |TAMS 0x0000000086500000, 0x0000000086500000| Untracked 
|  20|0x0000000086600000, 0x0000000086700000, 0x0000000086700000|100%| O|  |TAMS 0x0000000086600000, 0x0000000086600000| Untracked 
|  21|0x0000000086700000, 0x0000000086800000, 0x0000000086800000|100%| O|  |TAMS 0x0000000086700000, 0x0000000086700000| Untracked 
|  22|0x0000000086800000, 0x0000000086836a00, 0x0000000086900000| 21%| O|  |TAMS 0x0000000086800000, 0x0000000086800000| Untracked 
|  23|0x0000000086900000, 0x0000000086900000, 0x0000000086a00000|  0%| F|  |TAMS 0x0000000086900000, 0x0000000086900000| Untracked 
|  24|0x0000000086a00000, 0x0000000086a00000, 0x0000000086b00000|  0%| F|  |TAMS 0x0000000086a00000, 0x0000000086a00000| Untracked 
|  25|0x0000000086b00000, 0x0000000086b00000, 0x0000000086c00000|  0%| F|  |TAMS 0x0000000086b00000, 0x0000000086b00000| Untracked 
|  26|0x0000000086c00000, 0x0000000086c00000, 0x0000000086d00000|  0%| F|  |TAMS 0x0000000086c00000, 0x0000000086c00000| Untracked 
|  27|0x0000000086d00000, 0x0000000086d00000, 0x0000000086e00000|  0%| F|  |TAMS 0x0000000086d00000, 0x0000000086d00000| Untracked 
|  28|0x0000000086e00000, 0x0000000086e00000, 0x0000000086f00000|  0%| F|  |TAMS 0x0000000086e00000, 0x0000000086e00000| Untracked 
|  29|0x0000000086f00000, 0x0000000086f00000, 0x0000000087000000|  0%| F|  |TAMS 0x0000000086f00000, 0x0000000086f00000| Untracked 
|  30|0x0000000087000000, 0x0000000087000000, 0x0000000087100000|  0%| F|  |TAMS 0x0000000087000000, 0x0000000087000000| Untracked 
|  31|0x0000000087100000, 0x0000000087100000, 0x0000000087200000|  0%| F|  |TAMS 0x0000000087100000, 0x0000000087100000| Untracked 
|  32|0x0000000087200000, 0x0000000087200000, 0x0000000087300000|  0%| F|  |TAMS 0x0000000087200000, 0x0000000087200000| Untracked 
|  33|0x0000000087300000, 0x0000000087300000, 0x0000000087400000|  0%| F|  |TAMS 0x0000000087300000, 0x0000000087300000| Untracked 
|  34|0x0000000087400000, 0x0000000087400000, 0x0000000087500000|  0%| F|  |TAMS 0x0000000087400000, 0x0000000087400000| Untracked 
|  35|0x0000000087500000, 0x0000000087500000, 0x0000000087600000|  0%| F|  |TAMS 0x0000000087500000, 0x0000000087500000| Untracked 
|  36|0x0000000087600000, 0x0000000087600000, 0x0000000087700000|  0%| F|  |TAMS 0x0000000087600000, 0x0000000087600000| Untracked 
|  37|0x0000000087700000, 0x0000000087700000, 0x0000000087800000|  0%| F|  |TAMS 0x0000000087700000, 0x0000000087700000| Untracked 
|  38|0x0000000087800000, 0x0000000087800000, 0x0000000087900000|  0%| F|  |TAMS 0x0000000087800000, 0x0000000087800000| Untracked 
|  39|0x0000000087900000, 0x0000000087900000, 0x0000000087a00000|  0%| F|  |TAMS 0x0000000087900000, 0x0000000087900000| Untracked 
|  40|0x0000000087a00000, 0x0000000087a00000, 0x0000000087b00000|  0%| F|  |TAMS 0x0000000087a00000, 0x0000000087a00000| Untracked 
|  41|0x0000000087b00000, 0x0000000087b00000, 0x0000000087c00000|  0%| F|  |TAMS 0x0000000087b00000, 0x0000000087b00000| Untracked 
|  42|0x0000000087c00000, 0x0000000087c00000, 0x0000000087d00000|  0%| F|  |TAMS 0x0000000087c00000, 0x0000000087c00000| Untracked 
|  43|0x0000000087d00000, 0x0000000087d00000, 0x0000000087e00000|  0%| F|  |TAMS 0x0000000087d00000, 0x0000000087d00000| Untracked 
|  44|0x0000000087e00000, 0x0000000087e00000, 0x0000000087f00000|  0%| F|  |TAMS 0x0000000087e00000, 0x0000000087e00000| Untracked 
|  45|0x0000000087f00000, 0x0000000087f00000, 0x0000000088000000|  0%| F|  |TAMS 0x0000000087f00000, 0x0000000087f00000| Untracked 
|  46|0x0000000088000000, 0x0000000088000000, 0x0000000088100000|  0%| F|  |TAMS 0x0000000088000000, 0x0000000088000000| Untracked 
|  47|0x0000000088100000, 0x0000000088100000, 0x0000000088200000|  0%| F|  |TAMS 0x0000000088100000, 0x0000000088100000| Untracked 
|  48|0x0000000088200000, 0x0000000088200000, 0x0000000088300000|  0%| F|  |TAMS 0x0000000088200000, 0x0000000088200000| Untracked 
|  49|0x0000000088300000, 0x0000000088300000, 0x0000000088400000|  0%| F|  |TAMS 0x0000000088300000, 0x0000000088300000| Untracked 
|  50|0x0000000088400000, 0x0000000088400000, 0x0000000088500000|  0%| F|  |TAMS 0x0000000088400000, 0x0000000088400000| Untracked 
|  51|0x0000000088500000, 0x0000000088500000, 0x0000000088600000|  0%| F|  |TAMS 0x0000000088500000, 0x0000000088500000| Untracked 
|  52|0x0000000088600000, 0x0000000088600000, 0x0000000088700000|  0%| F|  |TAMS 0x0000000088600000, 0x0000000088600000| Untracked 
|  53|0x0000000088700000, 0x0000000088700000, 0x0000000088800000|  0%| F|  |TAMS 0x0000000088700000, 0x0000000088700000| Untracked 
|  54|0x0000000088800000, 0x0000000088800000, 0x0000000088900000|  0%| F|  |TAMS 0x0000000088800000, 0x0000000088800000| Untracked 
|  55|0x0000000088900000, 0x0000000088900000, 0x0000000088a00000|  0%| F|  |TAMS 0x0000000088900000, 0x0000000088900000| Untracked 
|  56|0x0000000088a00000, 0x0000000088a00000, 0x0000000088b00000|  0%| F|  |TAMS 0x0000000088a00000, 0x0000000088a00000| Untracked 
|  57|0x0000000088b00000, 0x0000000088b5bb78, 0x0000000088c00000| 35%| S|CS|TAMS 0x0000000088b00000, 0x0000000088b00000| Complete 
|  58|0x0000000088c00000, 0x0000000088d00000, 0x0000000088d00000|100%| S|CS|TAMS 0x0000000088c00000, 0x0000000088c00000| Complete 
|  59|0x0000000088d00000, 0x0000000088e00000, 0x0000000088e00000|100%| S|CS|TAMS 0x0000000088d00000, 0x0000000088d00000| Complete 
|  60|0x0000000088e00000, 0x0000000088f00000, 0x0000000088f00000|100%| S|CS|TAMS 0x0000000088e00000, 0x0000000088e00000| Complete 
|  61|0x0000000088f00000, 0x0000000089000000, 0x0000000089000000|100%| S|CS|TAMS 0x0000000088f00000, 0x0000000088f00000| Complete 
|  62|0x0000000089000000, 0x0000000089000000, 0x0000000089100000|  0%| F|  |TAMS 0x0000000089000000, 0x0000000089000000| Untracked 
|  63|0x0000000089100000, 0x0000000089100000, 0x0000000089200000|  0%| F|  |TAMS 0x0000000089100000, 0x0000000089100000| Untracked 
|  64|0x0000000089200000, 0x0000000089200000, 0x0000000089300000|  0%| F|  |TAMS 0x0000000089200000, 0x0000000089200000| Untracked 
|  65|0x0000000089300000, 0x0000000089300000, 0x0000000089400000|  0%| F|  |TAMS 0x0000000089300000, 0x0000000089300000| Untracked 
|  66|0x0000000089400000, 0x0000000089400000, 0x0000000089500000|  0%| F|  |TAMS 0x0000000089400000, 0x0000000089400000| Untracked 
|  67|0x0000000089500000, 0x0000000089500000, 0x0000000089600000|  0%| F|  |TAMS 0x0000000089500000, 0x0000000089500000| Untracked 
|  68|0x0000000089600000, 0x0000000089700000, 0x0000000089700000|100%| S|CS|TAMS 0x0000000089600000, 0x0000000089600000| Complete 
|  69|0x0000000089700000, 0x0000000089800000, 0x0000000089800000|100%| S|CS|TAMS 0x0000000089700000, 0x0000000089700000| Complete 
|  70|0x0000000089800000, 0x0000000089900000, 0x0000000089900000|100%| S|CS|TAMS 0x0000000089800000, 0x0000000089800000| Complete 
|  71|0x0000000089900000, 0x0000000089a00000, 0x0000000089a00000|100%| S|CS|TAMS 0x0000000089900000, 0x0000000089900000| Complete 
|  72|0x0000000089a00000, 0x0000000089b00000, 0x0000000089b00000|100%| S|CS|TAMS 0x0000000089a00000, 0x0000000089a00000| Complete 
|  73|0x0000000089b00000, 0x0000000089b00000, 0x0000000089c00000|  0%| F|  |TAMS 0x0000000089b00000, 0x0000000089b00000| Untracked 
|  74|0x0000000089c00000, 0x0000000089c00000, 0x0000000089d00000|  0%| F|  |TAMS 0x0000000089c00000, 0x0000000089c00000| Untracked 
|  75|0x0000000089d00000, 0x0000000089d00000, 0x0000000089e00000|  0%| F|  |TAMS 0x0000000089d00000, 0x0000000089d00000| Untracked 
|  76|0x0000000089e00000, 0x0000000089e00000, 0x0000000089f00000|  0%| F|  |TAMS 0x0000000089e00000, 0x0000000089e00000| Untracked 
|  77|0x0000000089f00000, 0x0000000089f00000, 0x000000008a000000|  0%| F|  |TAMS 0x0000000089f00000, 0x0000000089f00000| Untracked 
|  78|0x000000008a000000, 0x000000008a000000, 0x000000008a100000|  0%| F|  |TAMS 0x000000008a000000, 0x000000008a000000| Untracked 
|  79|0x000000008a100000, 0x000000008a100000, 0x000000008a200000|  0%| F|  |TAMS 0x000000008a100000, 0x000000008a100000| Untracked 
|  80|0x000000008a200000, 0x000000008a200000, 0x000000008a300000|  0%| F|  |TAMS 0x000000008a200000, 0x000000008a200000| Untracked 
|  81|0x000000008a300000, 0x000000008a300000, 0x000000008a400000|  0%| F|  |TAMS 0x000000008a300000, 0x000000008a300000| Untracked 
|  82|0x000000008a400000, 0x000000008a400000, 0x000000008a500000|  0%| F|  |TAMS 0x000000008a400000, 0x000000008a400000| Untracked 
|  83|0x000000008a500000, 0x000000008a500000, 0x000000008a600000|  0%| F|  |TAMS 0x000000008a500000, 0x000000008a500000| Untracked 
|  84|0x000000008a600000, 0x000000008a600000, 0x000000008a700000|  0%| F|  |TAMS 0x000000008a600000, 0x000000008a600000| Untracked 
|  85|0x000000008a700000, 0x000000008a700000, 0x000000008a800000|  0%| F|  |TAMS 0x000000008a700000, 0x000000008a700000| Untracked 
|  86|0x000000008a800000, 0x000000008a800000, 0x000000008a900000|  0%| F|  |TAMS 0x000000008a800000, 0x000000008a800000| Untracked 
|  87|0x000000008a900000, 0x000000008a900000, 0x000000008aa00000|  0%| F|  |TAMS 0x000000008a900000, 0x000000008a900000| Untracked 
|  88|0x000000008aa00000, 0x000000008aa00000, 0x000000008ab00000|  0%| F|  |TAMS 0x000000008aa00000, 0x000000008aa00000| Untracked 
|  89|0x000000008ab00000, 0x000000008ab00000, 0x000000008ac00000|  0%| F|  |TAMS 0x000000008ab00000, 0x000000008ab00000| Untracked 
|  90|0x000000008ac00000, 0x000000008ac00000, 0x000000008ad00000|  0%| F|  |TAMS 0x000000008ac00000, 0x000000008ac00000| Untracked 
|  91|0x000000008ad00000, 0x000000008ad00000, 0x000000008ae00000|  0%| F|  |TAMS 0x000000008ad00000, 0x000000008ad00000| Untracked 
|  92|0x000000008ae00000, 0x000000008ae00000, 0x000000008af00000|  0%| F|  |TAMS 0x000000008ae00000, 0x000000008ae00000| Untracked 
|  93|0x000000008af00000, 0x000000008af00000, 0x000000008b000000|  0%| F|  |TAMS 0x000000008af00000, 0x000000008af00000| Untracked 
|  94|0x000000008b000000, 0x000000008b000000, 0x000000008b100000|  0%| F|  |TAMS 0x000000008b000000, 0x000000008b000000| Untracked 
|  95|0x000000008b100000, 0x000000008b100000, 0x000000008b200000|  0%| F|  |TAMS 0x000000008b100000, 0x000000008b100000| Untracked 
|  96|0x000000008b200000, 0x000000008b200000, 0x000000008b300000|  0%| F|  |TAMS 0x000000008b200000, 0x000000008b200000| Untracked 
|  97|0x000000008b300000, 0x000000008b300000, 0x000000008b400000|  0%| F|  |TAMS 0x000000008b300000, 0x000000008b300000| Untracked 
|  98|0x000000008b400000, 0x000000008b400000, 0x000000008b500000|  0%| F|  |TAMS 0x000000008b400000, 0x000000008b400000| Untracked 
|  99|0x000000008b500000, 0x000000008b500000, 0x000000008b600000|  0%| F|  |TAMS 0x000000008b500000, 0x000000008b500000| Untracked 
| 100|0x000000008b600000, 0x000000008b600000, 0x000000008b700000|  0%| F|  |TAMS 0x000000008b600000, 0x000000008b600000| Untracked 
| 101|0x000000008b700000, 0x000000008b700000, 0x000000008b800000|  0%| F|  |TAMS 0x000000008b700000, 0x000000008b700000| Untracked 
| 102|0x000000008b800000, 0x000000008b800000, 0x000000008b900000|  0%| F|  |TAMS 0x000000008b800000, 0x000000008b800000| Untracked 
| 103|0x000000008b900000, 0x000000008b900000, 0x000000008ba00000|  0%| F|  |TAMS 0x000000008b900000, 0x000000008b900000| Untracked 
| 104|0x000000008ba00000, 0x000000008ba00000, 0x000000008bb00000|  0%| F|  |TAMS 0x000000008ba00000, 0x000000008ba00000| Untracked 
| 105|0x000000008bb00000, 0x000000008bb00000, 0x000000008bc00000|  0%| F|  |TAMS 0x000000008bb00000, 0x000000008bb00000| Untracked 
| 106|0x000000008bc00000, 0x000000008bc00000, 0x000000008bd00000|  0%| F|  |TAMS 0x000000008bc00000, 0x000000008bc00000| Untracked 
| 107|0x000000008bd00000, 0x000000008bd00000, 0x000000008be00000|  0%| F|  |TAMS 0x000000008bd00000, 0x000000008bd00000| Untracked 
| 108|0x000000008be00000, 0x000000008be00000, 0x000000008bf00000|  0%| F|  |TAMS 0x000000008be00000, 0x000000008be00000| Untracked 
| 109|0x000000008bf00000, 0x000000008bf00000, 0x000000008c000000|  0%| F|  |TAMS 0x000000008bf00000, 0x000000008bf00000| Untracked 
| 110|0x000000008c000000, 0x000000008c000000, 0x000000008c100000|  0%| F|  |TAMS 0x000000008c000000, 0x000000008c000000| Untracked 
| 111|0x000000008c100000, 0x000000008c100000, 0x000000008c200000|  0%| F|  |TAMS 0x000000008c100000, 0x000000008c100000| Untracked 
| 112|0x000000008c200000, 0x000000008c200000, 0x000000008c300000|  0%| F|  |TAMS 0x000000008c200000, 0x000000008c200000| Untracked 
| 113|0x000000008c300000, 0x000000008c300000, 0x000000008c400000|  0%| F|  |TAMS 0x000000008c300000, 0x000000008c300000| Untracked 
| 114|0x000000008c400000, 0x000000008c400000, 0x000000008c500000|  0%| F|  |TAMS 0x000000008c400000, 0x000000008c400000| Untracked 
| 115|0x000000008c500000, 0x000000008c500000, 0x000000008c600000|  0%| F|  |TAMS 0x000000008c500000, 0x000000008c500000| Untracked 
| 116|0x000000008c600000, 0x000000008c600000, 0x000000008c700000|  0%| F|  |TAMS 0x000000008c600000, 0x000000008c600000| Untracked 
| 117|0x000000008c700000, 0x000000008c700000, 0x000000008c800000|  0%| F|  |TAMS 0x000000008c700000, 0x000000008c700000| Untracked 
| 118|0x000000008c800000, 0x000000008c800000, 0x000000008c900000|  0%| F|  |TAMS 0x000000008c800000, 0x000000008c800000| Untracked 
| 119|0x000000008c900000, 0x000000008c900000, 0x000000008ca00000|  0%| F|  |TAMS 0x000000008c900000, 0x000000008c900000| Untracked 
| 120|0x000000008ca00000, 0x000000008ca00000, 0x000000008cb00000|  0%| F|  |TAMS 0x000000008ca00000, 0x000000008ca00000| Untracked 
| 121|0x000000008cb00000, 0x000000008cb00000, 0x000000008cc00000|  0%| F|  |TAMS 0x000000008cb00000, 0x000000008cb00000| Untracked 
| 122|0x000000008cc00000, 0x000000008cc00000, 0x000000008cd00000|  0%| F|  |TAMS 0x000000008cc00000, 0x000000008cc00000| Untracked 
| 123|0x000000008cd00000, 0x000000008cd00000, 0x000000008ce00000|  0%| F|  |TAMS 0x000000008cd00000, 0x000000008cd00000| Untracked 
| 124|0x000000008ce00000, 0x000000008ce00000, 0x000000008cf00000|  0%| F|  |TAMS 0x000000008ce00000, 0x000000008ce00000| Untracked 
| 125|0x000000008cf00000, 0x000000008cf00000, 0x000000008d000000|  0%| F|  |TAMS 0x000000008cf00000, 0x000000008cf00000| Untracked 
| 126|0x000000008d000000, 0x000000008d000000, 0x000000008d100000|  0%| F|  |TAMS 0x000000008d000000, 0x000000008d000000| Untracked 
| 127|0x000000008d100000, 0x000000008d100000, 0x000000008d200000|  0%| F|  |TAMS 0x000000008d100000, 0x000000008d100000| Untracked 
| 128|0x000000008d200000, 0x000000008d200000, 0x000000008d300000|  0%| F|  |TAMS 0x000000008d200000, 0x000000008d200000| Untracked 
| 129|0x000000008d300000, 0x000000008d300000, 0x000000008d400000|  0%| F|  |TAMS 0x000000008d300000, 0x000000008d300000| Untracked 
| 130|0x000000008d400000, 0x000000008d400000, 0x000000008d500000|  0%| F|  |TAMS 0x000000008d400000, 0x000000008d400000| Untracked 
| 131|0x000000008d500000, 0x000000008d500000, 0x000000008d600000|  0%| F|  |TAMS 0x000000008d500000, 0x000000008d500000| Untracked 
| 132|0x000000008d600000, 0x000000008d600000, 0x000000008d700000|  0%| F|  |TAMS 0x000000008d600000, 0x000000008d600000| Untracked 
| 133|0x000000008d700000, 0x000000008d700000, 0x000000008d800000|  0%| F|  |TAMS 0x000000008d700000, 0x000000008d700000| Untracked 
| 134|0x000000008d800000, 0x000000008d800000, 0x000000008d900000|  0%| F|  |TAMS 0x000000008d800000, 0x000000008d800000| Untracked 
| 135|0x000000008d900000, 0x000000008d900000, 0x000000008da00000|  0%| F|  |TAMS 0x000000008d900000, 0x000000008d900000| Untracked 
| 136|0x000000008da00000, 0x000000008da00000, 0x000000008db00000|  0%| F|  |TAMS 0x000000008da00000, 0x000000008da00000| Untracked 
| 137|0x000000008db00000, 0x000000008db00000, 0x000000008dc00000|  0%| F|  |TAMS 0x000000008db00000, 0x000000008db00000| Untracked 
| 138|0x000000008dc00000, 0x000000008dc00000, 0x000000008dd00000|  0%| F|  |TAMS 0x000000008dc00000, 0x000000008dc00000| Untracked 
| 139|0x000000008dd00000, 0x000000008dd00000, 0x000000008de00000|  0%| F|  |TAMS 0x000000008dd00000, 0x000000008dd00000| Untracked 
| 140|0x000000008de00000, 0x000000008de00000, 0x000000008df00000|  0%| F|  |TAMS 0x000000008de00000, 0x000000008de00000| Untracked 
| 141|0x000000008df00000, 0x000000008df00000, 0x000000008e000000|  0%| F|  |TAMS 0x000000008df00000, 0x000000008df00000| Untracked 
| 142|0x000000008e000000, 0x000000008e000000, 0x000000008e100000|  0%| F|  |TAMS 0x000000008e000000, 0x000000008e000000| Untracked 
| 143|0x000000008e100000, 0x000000008e100000, 0x000000008e200000|  0%| F|  |TAMS 0x000000008e100000, 0x000000008e100000| Untracked 
| 144|0x000000008e200000, 0x000000008e200000, 0x000000008e300000|  0%| F|  |TAMS 0x000000008e200000, 0x000000008e200000| Untracked 
| 145|0x000000008e300000, 0x000000008e300000, 0x000000008e400000|  0%| F|  |TAMS 0x000000008e300000, 0x000000008e300000| Untracked 
| 146|0x000000008e400000, 0x000000008e400000, 0x000000008e500000|  0%| F|  |TAMS 0x000000008e400000, 0x000000008e400000| Untracked 
| 147|0x000000008e500000, 0x000000008e500000, 0x000000008e600000|  0%| F|  |TAMS 0x000000008e500000, 0x000000008e500000| Untracked 
| 148|0x000000008e600000, 0x000000008e600000, 0x000000008e700000|  0%| F|  |TAMS 0x000000008e600000, 0x000000008e600000| Untracked 

Card table byte_map: [0x0000020775770000,0x0000020775b50000] _byte_map_base: 0x0000020775347000

Marking Bits (Prev, Next): (CMBitMap*) 0x000002075ea16930, (CMBitMap*) 0x000002075ea168f8
 Prev Bits: [0x0000020777df0000, 0x0000020779ca8000)
 Next Bits: [0x0000020775f30000, 0x0000020777de8000)

Polling page: 0x000002075c9c0000

Metaspace:

Usage:
  Non-class:     59.60 MB capacity,    58.51 MB ( 98%) used,   879.25 KB (  1%) free+waste,   238.38 KB ( <1%) overhead. 
      Class:      9.56 MB capacity,     8.78 MB ( 92%) used,   678.35 KB (  7%) free+waste,   118.19 KB (  1%) overhead. 
       Both:     69.16 MB capacity,    67.29 MB ( 97%) used,     1.52 MB (  2%) free+waste,   356.56 KB ( <1%) overhead. 

Virtual space:
  Non-class space:       60.00 MB reserved,      59.67 MB (>99%) committed 
      Class space:        1.00 GB reserved,       9.63 MB ( <1%) committed 
             Both:        1.06 GB reserved,      69.30 MB (  6%) committed 

Chunk freelists:
   Non-Class:  896 bytes
       Class:  384 bytes
        Both:  1.25 KB

CodeHeap 'non-profiled nmethods': size=120000Kb used=2689Kb max_used=2689Kb free=117310Kb
 bounds [0x000002076db30000, 0x000002076dde0000, 0x0000020775060000]
CodeHeap 'profiled nmethods': size=120000Kb used=11586Kb max_used=11586Kb free=108413Kb
 bounds [0x0000020766600000, 0x0000020767160000, 0x000002076db30000]
CodeHeap 'non-nmethods': size=5760Kb used=1239Kb max_used=1293Kb free=4520Kb
 bounds [0x0000020766060000, 0x00000207662d0000, 0x0000020766600000]
 total_blobs=6134 nmethods=5531 adapters=514
 compilation: enabled
              stopped_count=0, restarted_count=0
 full_count=0

Compilation events (10 events):
Event: 8.666 Thread 0x000002077c71c000 5641       2       java.util.WeakHashMap::get (77 bytes)
Event: 8.667 Thread 0x000002077c71c000 nmethod 5641 0x000002076714f890 code [0x000002076714fa60, 0x000002076714fd48]
Event: 8.675 Thread 0x000002077c71c000 5642       1       org.springframework.beans.factory.config.DependencyDescriptor::isEager (5 bytes)
Event: 8.675 Thread 0x000002077c71c000 nmethod 5642 0x000002076ddcfd90 code [0x000002076ddcff20, 0x000002076ddcffd8]
Event: 8.677 Thread 0x000002077c71c000 5643       2       java.util.IdentityHashMap::<init> (44 bytes)
Event: 8.678 Thread 0x000002077c71c000 nmethod 5643 0x000002076714ff10 code [0x0000020767150120, 0x00000207671506a8]
Event: 8.679 Thread 0x000002077c71c000 5644       1       java.lang.ThreadLocal::initialValue (2 bytes)
Event: 8.679 Thread 0x000002077c71c000 nmethod 5644 0x000002076ddd0090 code [0x000002076ddd0220, 0x000002076ddd02d8]
Event: 8.703 Thread 0x000002077c71c000 5645       1       org.springframework.core.MethodParameter::initParameterNameDiscovery (6 bytes)
Event: 8.704 Thread 0x000002077c71c000 nmethod 5645 0x000002076ddd0390 code [0x000002076ddd0520, 0x000002076ddd0638]

GC Heap History (10 events):
Event: 4.471 GC heap after
{Heap after GC invocations=8 (full 0):
 garbage-first heap   total 152576K, used 19582K [0x0000000085200000, 0x0000000100000000)
  region size 1024K, 9 young (9216K), 9 survivors (9216K)
 Metaspace       used 39570K, capacity 40809K, committed 41008K, reserved 1085440K
  class space    used 4898K, capacity 5390K, committed 5504K, reserved 1048576K
}
Event: 5.921 GC heap before
{Heap before GC invocations=8 (full 0):
 garbage-first heap   total 152576K, used 101502K [0x0000000085200000, 0x0000000100000000)
  region size 1024K, 89 young (91136K), 9 survivors (9216K)
 Metaspace       used 48053K, capacity 49445K, committed 49712K, reserved 1091584K
  class space    used 6116K, capacity 6676K, committed 6784K, reserved 1048576K
}
Event: 5.935 GC heap after
{Heap after GC invocations=9 (full 0):
 garbage-first heap   total 152576K, used 23501K [0x0000000085200000, 0x0000000100000000)
  region size 1024K, 10 young (10240K), 10 survivors (10240K)
 Metaspace       used 48053K, capacity 49445K, committed 49712K, reserved 1091584K
  class space    used 6116K, capacity 6676K, committed 6784K, reserved 1048576K
}
Event: 6.831 GC heap before
{Heap before GC invocations=9 (full 0):
 garbage-first heap   total 152576K, used 104397K [0x0000000085200000, 0x0000000100000000)
  region size 1024K, 89 young (91136K), 10 survivors (10240K)
 Metaspace       used 55863K, capacity 57295K, committed 57520K, reserved 1099776K
  class space    used 7263K, capacity 7860K, committed 7936K, reserved 1048576K
}
Event: 6.840 GC heap after
{Heap after GC invocations=10 (full 0):
 garbage-first heap   total 152576K, used 25259K [0x0000000085200000, 0x0000000100000000)
  region size 1024K, 6 young (6144K), 6 survivors (6144K)
 Metaspace       used 55863K, capacity 57295K, committed 57520K, reserved 1099776K
  class space    used 7263K, capacity 7860K, committed 7936K, reserved 1048576K
}
Event: 7.286 GC heap before
{Heap before GC invocations=10 (full 0):
 garbage-first heap   total 152576K, used 55979K [0x0000000085200000, 0x0000000100000000)
  region size 1024K, 37 young (37888K), 6 survivors (6144K)
 Metaspace       used 58680K, capacity 60092K, committed 60208K, reserved 1101824K
  class space    used 7639K, capacity 8237K, committed 8320K, reserved 1048576K
}
Event: 7.290 GC heap after
{Heap after GC invocations=11 (full 0):
 garbage-first heap   total 152576K, used 25671K [0x0000000085200000, 0x0000000100000000)
  region size 1024K, 7 young (7168K), 7 survivors (7168K)
 Metaspace       used 58680K, capacity 60092K, committed 60208K, reserved 1101824K
  class space    used 7639K, capacity 8237K, committed 8320K, reserved 1048576K
}
Event: 8.093 GC heap before
{Heap before GC invocations=12 (full 0):
 garbage-first heap   total 152576K, used 101447K [0x0000000085200000, 0x0000000100000000)
  region size 1024K, 81 young (82944K), 7 survivors (7168K)
 Metaspace       used 65596K, capacity 67300K, committed 67632K, reserved 1107968K
  class space    used 8526K, capacity 9227K, committed 9344K, reserved 1048576K
}
Event: 8.102 GC heap after
{Heap after GC invocations=13 (full 0):
 garbage-first heap   total 152576K, used 28660K [0x0000000085200000, 0x0000000100000000)
  region size 1024K, 6 young (6144K), 6 survivors (6144K)
 Metaspace       used 65596K, capacity 67300K, committed 67632K, reserved 1107968K
  class space    used 8526K, capacity 9227K, committed 9344K, reserved 1048576K
}
Event: 8.750 GC heap before
{Heap before GC invocations=13 (full 0):
 garbage-first heap   total 152576K, used 106484K [0x0000000085200000, 0x0000000100000000)
  region size 1024K, 82 young (83968K), 6 survivors (6144K)
 Metaspace       used 68907K, capacity 70822K, committed 70960K, reserved 1110016K
  class space    used 8992K, capacity 9789K, committed 9856K, reserved 1048576K
}

Deoptimization events (10 events):
Event: 8.055 Thread 0x000002075e9d9800 Uncommon trap: reason=class_check action=maybe_recompile pc=0x000002076dd160f0 method=java.util.concurrent.ConcurrentHashMap.get(Ljava/lang/Object;)Ljava/lang/Object; @ 93 c2
Event: 8.076 Thread 0x000002075e9d9800 Uncommon trap: reason=class_check action=maybe_recompile pc=0x000002076dd160f0 method=java.util.concurrent.ConcurrentHashMap.get(Ljava/lang/Object;)Ljava/lang/Object; @ 93 c2
Event: 8.081 Thread 0x000002075e9d9800 Uncommon trap: reason=null_check action=make_not_entrant pc=0x000002076dcd9e68 method=java.lang.Class.isAnnotation()Z @ 1 c2
Event: 8.112 Thread 0x000002075e9d9800 Uncommon trap: reason=class_check action=maybe_recompile pc=0x000002076dd160f0 method=java.util.concurrent.ConcurrentHashMap.get(Ljava/lang/Object;)Ljava/lang/Object; @ 93 c2
Event: 8.152 Thread 0x000002075e9d9800 Uncommon trap: reason=class_check action=maybe_recompile pc=0x000002076dd160f0 method=java.util.concurrent.ConcurrentHashMap.get(Ljava/lang/Object;)Ljava/lang/Object; @ 93 c2
Event: 8.444 Thread 0x000002075e9d9800 Uncommon trap: reason=unstable_if action=reinterpret pc=0x000002076dd54230 method=java.lang.Class.cast(Ljava/lang/Object;)Ljava/lang/Object; @ 9 c2
Event: 8.450 Thread 0x000002075e9d9800 Uncommon trap: reason=unstable_if action=reinterpret pc=0x000002076dc2a16c method=jdk.internal.org.objectweb.asm.Type.getArgumentsAndReturnSizes(Ljava/lang/String;)I @ 41 c2
Event: 8.450 Thread 0x000002075e9d9800 Uncommon trap: reason=unstable_if action=reinterpret pc=0x000002076dd92720 method=jdk.internal.org.objectweb.asm.Type.getArgumentsAndReturnSizes(Ljava/lang/String;)I @ 41 c2
Event: 8.486 Thread 0x000002075e9d9800 Uncommon trap: reason=unstable_if action=reinterpret pc=0x000002076dca76a0 method=java.util.concurrent.ConcurrentHashMap.transfer([Ljava/util/concurrent/ConcurrentHashMap$Node;[Ljava/util/concurrent/ConcurrentHashMap$Node;)V @ 352 c2
Event: 8.501 Thread 0x000002075e9d9800 Uncommon trap: reason=unstable_if action=reinterpret pc=0x000002076dd9e38c method=org.springframework.beans.factory.support.AbstractBeanFactory.isTypeMatch(Ljava/lang/String;Lorg/springframework/core/ResolvableType;Z)Z @ 581 c2

Classes redefined (0 events):
No events

Internal exceptions (10 events):
Event: 8.728 Thread 0x000002075e9d9800 Exception <a 'java/lang/ClassNotFoundException'{0x0000000089d91690}: org/springframework/security/config/annotation/SecurityBuilderCustomizer> (0x0000000089d91690) thrown at [./open/src/hotspot/share/classfile/systemDictionary.cpp, line 226]
Event: 8.728 Thread 0x000002075e9d9800 Exception <a 'java/lang/ClassNotFoundException'{0x0000000089dab4d8}: org/springframework/context/ApplicationContextAwareCustomizer> (0x0000000089dab4d8) thrown at [./open/src/hotspot/share/classfile/systemDictionary.cpp, line 226]
Event: 8.729 Thread 0x000002075e9d9800 Exception <a 'java/lang/ClassNotFoundException'{0x0000000089dc32b0}: org/springframework/beans/factory/AwareCustomizer> (0x0000000089dc32b0) thrown at [./open/src/hotspot/share/classfile/systemDictionary.cpp, line 226]
Event: 8.729 Thread 0x000002075e9d9800 Exception <a 'java/lang/ClassNotFoundException'{0x0000000089ddc858}: org/springframework/web/context/ServletContextAwareCustomizer> (0x0000000089ddc858) thrown at [./open/src/hotspot/share/classfile/systemDictionary.cpp, line 226]
Event: 8.729 Thread 0x000002075e9d9800 Exception <a 'java/lang/ClassNotFoundException'{0x0000000089df4110}: org/springframework/beans/factory/AwareCustomizer> (0x0000000089df4110) thrown at [./open/src/hotspot/share/classfile/systemDictionary.cpp, line 226]
Event: 8.729 Thread 0x000002075e9d9800 Exception <a 'java/lang/ClassNotFoundException'{0x0000000089c0fc80}: org/springframework/security/config/annotation/SecurityBuilderCustomizer> (0x0000000089c0fc80) thrown at [./open/src/hotspot/share/classfile/systemDictionary.cpp, line 226]
Event: 8.732 Thread 0x000002075e9d9800 Exception <a 'java/lang/ClassNotFoundException'{0x0000000089c33cc8}: java/lang/ObjectCustomizer> (0x0000000089c33cc8) thrown at [./open/src/hotspot/share/classfile/systemDictionary.cpp, line 226]
Event: 8.732 Thread 0x000002075e9d9800 Exception <a 'java/lang/ClassNotFoundException'{0x0000000089c53590}: org/springframework/security/context/DelegatingApplicationListenerCustomizer> (0x0000000089c53590) thrown at [./open/src/hotspot/share/classfile/systemDictionary.cpp, line 226]
Event: 8.733 Thread 0x000002075e9d9800 Exception <a 'java/lang/ClassNotFoundException'{0x0000000089c6eb80}: org/springframework/context/ApplicationListenerCustomizer> (0x0000000089c6eb80) thrown at [./open/src/hotspot/share/classfile/systemDictionary.cpp, line 226]
Event: 8.733 Thread 0x000002075e9d9800 Exception <a 'java/lang/ClassNotFoundException'{0x0000000089c71b58}: java/util/EventListenerCustomizer> (0x0000000089c71b58) thrown at [./open/src/hotspot/share/classfile/systemDictionary.cpp, line 226]

Events (10 events):
Event: 8.748 loading class org/springframework/security/crypto/password/DelegatingPasswordEncoder done
Event: 8.748 loading class org/springframework/security/crypto/password/DelegatingPasswordEncoder$UnmappedIdPasswordEncoder
Event: 8.748 loading class org/springframework/security/crypto/password/DelegatingPasswordEncoder$UnmappedIdPasswordEncoder done
Event: 8.749 loading class org/springframework/security/core/userdetails/UserDetailsPasswordService
Event: 8.749 loading class org/springframework/security/core/userdetails/UserDetailsPasswordService done
Event: 8.749 loading class org/springframework/jdbc/support/SQLExceptionTranslator
Event: 8.749 loading class org/springframework/jdbc/support/SQLExceptionTranslator done
Event: 8.749 loading class org/springframework/jdbc/UncategorizedSQLException
Event: 8.749 loading class org/springframework/jdbc/UncategorizedSQLException done
Event: 8.749 Executing VM operation: G1CollectForAllocation


Dynamic libraries:
0x00007ff7331d0000 - 0x00007ff7331df000 	C:\Program Files\Java\jdk-11.0.14\bin\java.exe
0x00007ffb3f7c0000 - 0x00007ffb3f9c9000 	C:\WINDOWS\SYSTEM32\ntdll.dll
0x00007ffb3dcb0000 - 0x00007ffb3dd6d000 	C:\WINDOWS\System32\KERNEL32.DLL
0x00007ffb3ccb0000 - 0x00007ffb3d029000 	C:\WINDOWS\System32\KERNELBASE.dll
0x00007ffb3d430000 - 0x00007ffb3d541000 	C:\WINDOWS\System32\ucrtbase.dll
0x00007ffae5730000 - 0x00007ffae5748000 	C:\Program Files\Java\jdk-11.0.14\bin\jli.dll
0x00007ffae5470000 - 0x00007ffae5485000 	C:\Program Files\Java\jdk-11.0.14\bin\VCRUNTIME140.dll
0x00007ffb3d6d0000 - 0x00007ffb3d77e000 	C:\WINDOWS\System32\ADVAPI32.dll
0x00007ffb3dba0000 - 0x00007ffb3dc43000 	C:\WINDOWS\System32\msvcrt.dll
0x00007ffb3f1e0000 - 0x00007ffb3f27e000 	C:\WINDOWS\System32\sechost.dll
0x00007ffb3d800000 - 0x00007ffb3d920000 	C:\WINDOWS\System32\RPCRT4.dll
0x00007ffb3d9f0000 - 0x00007ffb3db9c000 	C:\WINDOWS\System32\USER32.dll
0x00007ffb1fea0000 - 0x00007ffb20145000 	C:\WINDOWS\WinSxS\amd64_microsoft.windows.common-controls_6595b64144ccf1df_6.0.22000.120_none_9d947278b86cc467\COMCTL32.dll
0x00007ffb3d0b0000 - 0x00007ffb3d0d6000 	C:\WINDOWS\System32\win32u.dll
0x00007ffb3dd80000 - 0x00007ffb3dda9000 	C:\WINDOWS\System32\GDI32.dll
0x00007ffb3d310000 - 0x00007ffb3d422000 	C:\WINDOWS\System32\gdi32full.dll
0x00007ffb3d550000 - 0x00007ffb3d5ed000 	C:\WINDOWS\System32\msvcp_win.dll
0x00007ffb32780000 - 0x00007ffb3278a000 	C:\WINDOWS\SYSTEM32\VERSION.dll
0x00007ffb3d9b0000 - 0x00007ffb3d9e1000 	C:\WINDOWS\System32\IMM32.DLL
0x00007ffad74c0000 - 0x00007ffad755b000 	C:\Program Files\Java\jdk-11.0.14\bin\msvcp140.dll
0x00007ffad0310000 - 0x00007ffad0e26000 	C:\Program Files\Java\jdk-11.0.14\bin\server\jvm.dll
0x00007ffb3edf0000 - 0x00007ffb3edf8000 	C:\WINDOWS\System32\PSAPI.DLL
0x00007ffb181f0000 - 0x00007ffb181f9000 	C:\WINDOWS\SYSTEM32\WSOCK32.dll
0x00007ffb35050000 - 0x00007ffb35083000 	C:\WINDOWS\SYSTEM32\WINMM.dll
0x00007ffb3eba0000 - 0x00007ffb3ec0f000 	C:\WINDOWS\System32\WS2_32.dll
0x00007ffb3bea0000 - 0x00007ffb3beb8000 	C:\WINDOWS\SYSTEM32\kernel.appcore.dll
0x00007ffb17d20000 - 0x00007ffb17d30000 	C:\Program Files\Java\jdk-11.0.14\bin\verify.dll
0x00007ffb3a7a0000 - 0x00007ffb3a9c1000 	C:\WINDOWS\SYSTEM32\DBGHELP.DLL
0x00007ffb1c0a0000 - 0x00007ffb1c0d1000 	C:\WINDOWS\SYSTEM32\dbgcore.DLL
0x00007ffb3d030000 - 0x00007ffb3d0af000 	C:\WINDOWS\System32\bcryptPrimitives.dll
0x00007ffae42c0000 - 0x00007ffae42e8000 	C:\Program Files\Java\jdk-11.0.14\bin\java.dll
0x00007ffafa060000 - 0x00007ffafa06a000 	C:\Program Files\Java\jdk-11.0.14\bin\jimage.dll
0x00007ffae5450000 - 0x00007ffae5466000 	C:\Program Files\Java\jdk-11.0.14\bin\zip.dll
0x00007ffb3ddb0000 - 0x00007ffb3e55f000 	C:\WINDOWS\System32\SHELL32.dll
0x00007ffb3adf0000 - 0x00007ffb3b658000 	C:\WINDOWS\SYSTEM32\windows.storage.dll
0x00007ffb3ee60000 - 0x00007ffb3f1d8000 	C:\WINDOWS\System32\combase.dll
0x00007ffb3ac80000 - 0x00007ffb3ade6000 	C:\WINDOWS\SYSTEM32\wintypes.dll
0x00007ffb3f280000 - 0x00007ffb3f36a000 	C:\WINDOWS\System32\SHCORE.dll
0x00007ffb3ee00000 - 0x00007ffb3ee5d000 	C:\WINDOWS\System32\shlwapi.dll
0x00007ffb3cbe0000 - 0x00007ffb3cc01000 	C:\WINDOWS\SYSTEM32\profapi.dll
0x00007ffae42a0000 - 0x00007ffae42b9000 	C:\Program Files\Java\jdk-11.0.14\bin\net.dll
0x00007ffb34120000 - 0x00007ffb3422c000 	C:\WINDOWS\SYSTEM32\WINHTTP.dll
0x00007ffb3c2d0000 - 0x00007ffb3c337000 	C:\WINDOWS\system32\mswsock.dll
0x00007ffae41c0000 - 0x00007ffae41d2000 	C:\Program Files\Java\jdk-11.0.14\bin\nio.dll
0x00007ffae7690000 - 0x00007ffae7699000 	C:\Program Files\Java\jdk-11.0.14\bin\management.dll
0x00007ffae6b60000 - 0x00007ffae6b6b000 	C:\Program Files\Java\jdk-11.0.14\bin\management_ext.dll
0x00007ffb10050000 - 0x00007ffb10067000 	C:\WINDOWS\system32\napinsp.dll
0x00007ffb0f200000 - 0x00007ffb0f21b000 	C:\WINDOWS\system32\pnrpnsp.dll
0x00007ffb3ba20000 - 0x00007ffb3bb08000 	C:\WINDOWS\SYSTEM32\DNSAPI.dll
0x00007ffb3b9b0000 - 0x00007ffb3b9dd000 	C:\WINDOWS\SYSTEM32\IPHLPAPI.DLL
0x00007ffb3d9a0000 - 0x00007ffb3d9a9000 	C:\WINDOWS\System32\NSI.dll
0x00007ffb0f1e0000 - 0x00007ffb0f1f2000 	C:\WINDOWS\System32\winrnr.dll
0x00007ffb0f1c0000 - 0x00007ffb0f1d5000 	C:\WINDOWS\system32\wshbth.dll
0x00007ffb0f1a0000 - 0x00007ffb0f1bf000 	C:\WINDOWS\system32\nlansp_c.dll
0x00007ffb2bdc0000 - 0x00007ffb2bdca000 	C:\Windows\System32\rasadhlp.dll
0x00007ffb2bf10000 - 0x00007ffb2bf91000 	C:\WINDOWS\System32\fwpuclnt.dll
0x00007ffb3c510000 - 0x00007ffb3c528000 	C:\WINDOWS\SYSTEM32\CRYPTSP.dll
0x00007ffb3be00000 - 0x00007ffb3be35000 	C:\WINDOWS\system32\rsaenh.dll
0x00007ffb3c3c0000 - 0x00007ffb3c3e9000 	C:\WINDOWS\SYSTEM32\USERENV.dll
0x00007ffb3c690000 - 0x00007ffb3c6b7000 	C:\WINDOWS\SYSTEM32\bcrypt.dll
0x00007ffb3c530000 - 0x00007ffb3c53c000 	C:\WINDOWS\SYSTEM32\CRYPTBASE.dll
0x00007ffb34240000 - 0x00007ffb34259000 	C:\WINDOWS\SYSTEM32\dhcpcsvc6.DLL
0x00007ffb350e0000 - 0x00007ffb350fe000 	C:\WINDOWS\SYSTEM32\dhcpcsvc.DLL

dbghelp: loaded successfully - version: 4.0.5 - missing functions: none
symbol engine: initialized successfully - sym options: 0x614 - pdb path: .;C:\Program Files\Java\jdk-11.0.14\bin;C:\WINDOWS\SYSTEM32;C:\WINDOWS\WinSxS\amd64_microsoft.windows.common-controls_6595b64144ccf1df_6.0.22000.120_none_9d947278b86cc467;C:\Program Files\Java\jdk-11.0.14\bin\server

VM Arguments:
java_command: C:\Users\SKANDE~1\AppData\Local\Temp\surefire17454233698892843245\surefirebooter10435436552684541163.jar C:\Users\Skander Boussorra\AppData\Local\Temp\surefire17454233698892843245 2022-06-11T09-30-37_663-jvmRun1 surefire1321331755538745970tmp surefire_010075411297079296506tmp
java_class_path (initial): C:\Users\SKANDE~1\AppData\Local\Temp\surefire17454233698892843245\surefirebooter10435436552684541163.jar
Launcher Type: SUN_STANDARD

[Global flags]
     intx CICompilerCount                          = 4                                         {product} {ergonomic}
     uint ConcGCThreads                            = 2                                         {product} {ergonomic}
     uint G1ConcRefinementThreads                  = 8                                         {product} {ergonomic}
   size_t G1HeapRegionSize                         = 1048576                                   {product} {ergonomic}
    uintx GCDrainStackTargetSize                   = 64                                        {product} {ergonomic}
   size_t InitialHeapSize                          = 130023424                                 {product} {ergonomic}
   size_t MarkStackSize                            = 4194304                                   {product} {ergonomic}
   size_t MaxHeapSize                              = 2061500416                                {product} {ergonomic}
   size_t MaxNewSize                               = 1236271104                                {product} {ergonomic}
   size_t MinHeapDeltaBytes                        = 1048576                                   {product} {ergonomic}
    uintx NonNMethodCodeHeapSize                   = 5836300                                {pd product} {ergonomic}
    uintx NonProfiledCodeHeapSize                  = 122910970                              {pd product} {ergonomic}
    uintx ProfiledCodeHeapSize                     = 122910970                              {pd product} {ergonomic}
    uintx ReservedCodeCacheSize                    = 251658240                              {pd product} {ergonomic}
     bool SegmentedCodeCache                       = true                                      {product} {ergonomic}
     bool UseCompressedClassPointers               = true                                 {lp64_product} {ergonomic}
     bool UseCompressedOops                        = true                                 {lp64_product} {ergonomic}
     bool UseG1GC                                  = true                                      {product} {ergonomic}
     bool UseLargePagesIndividualAllocation        = false                                  {pd product} {ergonomic}

Logging:
Log output configuration:
 #0: stdout all=warning uptime,level,tags
 #1: stderr all=off uptime,level,tags

Environment Variables:
JAVA_HOME=C:\Program Files\Java\jdk-11.0.14
PATH=C:\Program Files (x86)\VMware\VMware Workstation\bin\;C:\WINDOWS\system32;C:\WINDOWS;C:\WINDOWS\System32\Wbem;C:\WINDOWS\System32\WindowsPowerShell\v1.0\;C:\WINDOWS\System32\OpenSSH\;C:\Program Files (x86)\Common Files\PCXTools;C:\Program Files\PuTTY\;C:\Program Files\Git\cmd;C:\Program Files\Docker\Docker\resources\bin;C:\ProgramData\DockerDesktop\version-bin;C:\Users\Skander Boussorra\AppData\Local\Microsoft\WindowsApps;C:\Program Files\JetBrains\IntelliJ IDEA 2022.1\bin;;C:\apache-maven-3.8.5\bin;C:\Program Files\Java\jdk-11.0.14\bin;C:\Program Files\apache-maven-3.5.0\bin;
USERNAME=Skander Boussorra
OS=Windows_NT
PROCESSOR_IDENTIFIER=Intel64 Family 6 Model 140 Stepping 1, GenuineIntel



---------------  S Y S T E M  ---------------

OS: Windows 11 , 64 bit Build 22000 (10.0.22000.675)
Hyper-V role detected

CPU:total 8 (initial active 8) (4 cores per cpu, 2 threads per core) family 6 model 140 stepping 1 microcode 0x86, cmov, cx8, fxsr, mmx, sse, sse2, sse3, ssse3, sse4.1, sse4.2, popcnt, avx, avx2, aes, clmul, erms, 3dnowpref, lzcnt, ht, tsc, tscinvbit, bmi1, bmi2, adx, evex, sha, fma

Memory: 4k page, system-wide physical 7859M (230M free)
TotalPageFile size 22978M (AvailPageFile size 4M)
current process WorkingSet (physical memory assigned to process): 306M, peak: 310M
current process commit charge ("private bytes"): 374M, peak: 404M

vm_info: Java HotSpot(TM) 64-Bit Server VM (11.0.14+8-LTS-263) for windows-amd64 JRE (11.0.14+8-LTS-263), built on Dec  7 2021 21:53:57 by "mach5one" with MS VC++ 15.9 (VS2017)

END.
