#
# There is insufficient memory for the Java Runtime Environment to continue.
# Native memory allocation (mmap) failed to map 130023424 bytes for Failed to commit area from 0x0000000085200000 to 0x000000008ce00000 of length 130023424.
# Possible reasons:
#   The system is out of physical RAM or swap space
#   The process is running with CompressedOops enabled, and the Java Heap may be blocking the growth of the native heap
# Possible solutions:
#   Reduce memory load on the system
#   Increase physical memory or swap space
#   Check if swap backing store is full
#   Decrease Java heap size (-Xmx/-Xms)
#   Decrease number of Java threads
#   Decrease Java thread stack sizes (-Xss)
#   Set larger code cache with -XX:ReservedCodeCacheSize=
# This output file may be truncated or incomplete.
#
#  Out of Memory Error (./open/src/hotspot/os/windows/os_windows.cpp:3284), pid=19660, tid=22772
#
# JRE version:  (11.0.14+8) (build )
# Java VM: Java HotSpot(TM) 64-Bit Server VM (11.0.14+8-LTS-263, mixed mode, sharing, tiered, compressed oops, g1 gc, windows-amd64)
# No core dump will be written. Minidumps are not enabled by default on client versions of Windows
#

---------------  S U M M A R Y ------------

Command Line: -ea -Didea.test.cyclic.buffer.size=1048576 -javaagent:C:\Program Files\JetBrains\IntelliJ IDEA 2022.1\lib\idea_rt.jar=60826:C:\Program Files\JetBrains\IntelliJ IDEA 2022.1\bin -Dfile.encoding=UTF-8 com.intellij.rt.junit.JUnitStarter -ideVersion5 -junit5 io.order.manager.food.order.manager.services.impl.CategoryServicesImpTest,getAllCatigories

Host: 11th Gen Intel(R) Core(TM) i5-1135G7 @ 2.40GHz, 8 cores, 7G,  Windows 11 , 64 bit Build 22000 (10.0.22000.675)
Time: Sun Jun 12 10:42:49 2022 Afr. centrale Ouest elapsed time: 0.031993 seconds (0d 0h 0m 0s)

---------------  T H R E A D  ---------------

Current thread (0x00000230f30b4000):  JavaThread "Unknown thread" [_thread_in_vm, id=22772, stack(0x00000093d5d00000,0x00000093d5e00000)]

Stack: [0x00000093d5d00000,0x00000093d5e00000]
Native frames: (J=compiled Java code, j=interpreted, Vv=VM code, C=native code)
V  [jvm.dll+0x6296da]
V  [jvm.dll+0x76323f]
V  [jvm.dll+0x7648e9]
V  [jvm.dll+0x764f73]
V  [jvm.dll+0x23d7c8]
V  [jvm.dll+0x626a5a]
V  [jvm.dll+0x61b7f5]
V  [jvm.dll+0x2f262c]
V  [jvm.dll+0x2f24b2]
V  [jvm.dll+0x2f71d6]
V  [jvm.dll+0x339bdf]
V  [jvm.dll+0x339610]
V  [jvm.dll+0x2cfc48]
V  [jvm.dll+0x2d0db6]
V  [jvm.dll+0x73d857]
V  [jvm.dll+0x73f0ef]
V  [jvm.dll+0x346909]
V  [jvm.dll+0x723160]
V  [jvm.dll+0x3b551f]
V  [jvm.dll+0x3b7631]
C  [jli.dll+0x5207]
C  [ucrtbase.dll+0x26c0c]
C  [KERNEL32.DLL+0x154e0]
C  [ntdll.dll+0x485b]


---------------  P R O C E S S  ---------------

Threads class SMR info:
_java_thread_list=0x00000230f0e24f90, length=0, elements={
}

Java Threads: ( => current thread )

Other Threads:
  0x00000230f30c8000 GCTaskThread "GC Thread#0" [stack: 0x00000093d5e00000,0x00000093d5f00000] [id=20080]
  0x00000230f30f7000 ConcurrentGCThread "G1 Main Marker" [stack: 0x00000093d5f00000,0x00000093d6000000] [id=18232]
  0x00000230f30f8800 ConcurrentGCThread "G1 Conc#0" [stack: 0x00000093d6000000,0x00000093d6100000] [id=13016]

[error occurred during error reporting (printing all threads), id 0xc0000005, EXCEPTION_ACCESS_VIOLATION (0xc0000005) at pc=0x00007ffd8356eed7]

VM state:not at safepoint (not fully initialized)

VM Mutex/Monitor currently owned by a thread:  ([mutex/lock_event])
[0x00000230f30b0540] Heap_lock - owner thread: 0x00000230f30b4000

Heap address: 0x0000000085200000, size: 1966 MB, Compressed Oops mode: Non-zero based: 0x0000000085200000
Narrow klass base: 0x0000000000000000, Narrow klass shift: 0

GC Heap History (0 events):
No events

Deoptimization events (0 events):
No events

Classes redefined (0 events):
No events

Internal exceptions (0 events):
No events

Events (0 events):
No events


Dynamic libraries:
0x00007ff7d9b40000 - 0x00007ff7d9b4f000 	C:\Program Files\Java\jdk-11.0.14\bin\java.exe
0x00007ffde0760000 - 0x00007ffde0969000 	C:\WINDOWS\SYSTEM32\ntdll.dll
0x00007ffddef30000 - 0x00007ffddefed000 	C:\WINDOWS\System32\KERNEL32.DLL
0x00007ffdddda0000 - 0x00007ffdde119000 	C:\WINDOWS\System32\KERNELBASE.dll
0x00007ffdddc50000 - 0x00007ffdddd61000 	C:\WINDOWS\System32\ucrtbase.dll
0x00007ffdb7cd0000 - 0x00007ffdb7ce5000 	C:\Program Files\Java\jdk-11.0.14\bin\VCRUNTIME140.dll
0x00007ffdb7cb0000 - 0x00007ffdb7cc8000 	C:\Program Files\Java\jdk-11.0.14\bin\jli.dll
0x00007ffde0380000 - 0x00007ffde042e000 	C:\WINDOWS\System32\ADVAPI32.dll
0x00007ffde00b0000 - 0x00007ffde0153000 	C:\WINDOWS\System32\msvcrt.dll
0x00007ffddf040000 - 0x00007ffddf0de000 	C:\WINDOWS\System32\sechost.dll
0x00007ffde0600000 - 0x00007ffde0720000 	C:\WINDOWS\System32\RPCRT4.dll
0x00007ffde01d0000 - 0x00007ffde037c000 	C:\WINDOWS\System32\USER32.dll
0x00007ffdddd70000 - 0x00007ffdddd96000 	C:\WINDOWS\System32\win32u.dll
0x00007ffdc1aa0000 - 0x00007ffdc1d45000 	C:\WINDOWS\WinSxS\amd64_microsoft.windows.common-controls_6595b64144ccf1df_6.0.22000.120_none_9d947278b86cc467\COMCTL32.dll
0x00007ffddf000000 - 0x00007ffddf029000 	C:\WINDOWS\System32\GDI32.dll
0x00007ffdde4e0000 - 0x00007ffdde5f2000 	C:\WINDOWS\System32\gdi32full.dll
0x00007ffdde210000 - 0x00007ffdde2ad000 	C:\WINDOWS\System32\msvcp_win.dll
0x00007ffdd3cd0000 - 0x00007ffdd3cda000 	C:\WINDOWS\SYSTEM32\VERSION.dll
0x00007ffddf8b0000 - 0x00007ffddf8e1000 	C:\WINDOWS\System32\IMM32.DLL
0x00007ffd99d60000 - 0x00007ffd99dfb000 	C:\Program Files\Java\jdk-11.0.14\bin\msvcp140.dll
0x00007ffd83290000 - 0x00007ffd83da6000 	C:\Program Files\Java\jdk-11.0.14\bin\server\jvm.dll
0x00007ffddea50000 - 0x00007ffddea58000 	C:\WINDOWS\System32\PSAPI.DLL
0x00007ffdbcd80000 - 0x00007ffdbcd89000 	C:\WINDOWS\SYSTEM32\WSOCK32.dll
0x00007ffdde9e0000 - 0x00007ffddea4f000 	C:\WINDOWS\System32\WS2_32.dll
0x00007ffdd5bd0000 - 0x00007ffdd5c03000 	C:\WINDOWS\SYSTEM32\WINMM.dll
0x00007ffddcdc0000 - 0x00007ffddcdd8000 	C:\WINDOWS\SYSTEM32\kernel.appcore.dll
0x00007ffdae650000 - 0x00007ffdae660000 	C:\Program Files\Java\jdk-11.0.14\bin\verify.dll
0x00007ffddb600000 - 0x00007ffddb821000 	C:\WINDOWS\SYSTEM32\DBGHELP.DLL
0x00007ffdc09b0000 - 0x00007ffdc09e1000 	C:\WINDOWS\SYSTEM32\dbgcore.DLL
0x00007ffdde120000 - 0x00007ffdde19f000 	C:\WINDOWS\System32\bcryptPrimitives.dll
0x00007ffda24b0000 - 0x00007ffda24d8000 	C:\Program Files\Java\jdk-11.0.14\bin\java.dll
0x00007ffdad330000 - 0x00007ffdad33a000 	C:\Program Files\Java\jdk-11.0.14\bin\jimage.dll
0x00007ffdbe6b0000 - 0x00007ffdbe6be000 	C:\Program Files\Java\jdk-11.0.14\bin\instrument.dll
0x00007ffda8f90000 - 0x00007ffda8fa6000 	C:\Program Files\Java\jdk-11.0.14\bin\zip.dll

dbghelp: loaded successfully - version: 4.0.5 - missing functions: none
symbol engine: initialized successfully - sym options: 0x614 - pdb path: .;C:\Program Files\Java\jdk-11.0.14\bin;C:\WINDOWS\SYSTEM32;C:\WINDOWS\WinSxS\amd64_microsoft.windows.common-controls_6595b64144ccf1df_6.0.22000.120_none_9d947278b86cc467;C:\Program Files\Java\jdk-11.0.14\bin\server

VM Arguments:
jvm_args: -ea -Didea.test.cyclic.buffer.size=1048576 -javaagent:C:\Program Files\JetBrains\IntelliJ IDEA 2022.1\lib\idea_rt.jar=60826:C:\Program Files\JetBrains\IntelliJ IDEA 2022.1\bin -Dfile.encoding=UTF-8 
java_command: com.intellij.rt.junit.JUnitStarter -ideVersion5 -junit5 io.order.manager.food.order.manager.services.impl.CategoryServicesImpTest,getAllCatigories
java_class_path (initial): C:\Users\Skander Boussorra\.m2\repository\org\junit\platform\junit-platform-launcher\1.8.2\junit-platform-launcher-1.8.2.jar;C:\Users\Skander Boussorra\.m2\repository\org\junit\vintage\junit-vintage-engine\5.8.2\junit-vintage-engine-5.8.2.jar;C:\Program Files\JetBrains\IntelliJ IDEA 2022.1\lib\idea_rt.jar;C:\Program Files\JetBrains\IntelliJ IDEA 2022.1\plugins\junit\lib\junit5-rt.jar;C:\Program Files\JetBrains\IntelliJ IDEA 2022.1\plugins\junit\lib\junit-rt.jar;C:\Users\Skander Boussorra\Desktop\Projet DEVOPS\08_06_2022\restaurant-backend-devops\restaurant-backend-devops\order-MicroService\target\test-classes;C:\Users\Skander Boussorra\Desktop\Projet DEVOPS\08_06_2022\restaurant-backend-devops\restaurant-backend-devops\order-MicroService\target\classes;C:\Users\Skander Boussorra\.m2\repository\org\modelmapper\modelmapper\3.1.0\modelmapper-3.1.0.jar;C:\Users\Skander Boussorra\.m2\repository\org\sonarsource\scanner\maven\sonar-maven-plugin\3.9.1.2184\sonar-maven-plugin-3.9.1.2184.jar;C:\Users\Skander Boussorra\.m2\repository\org\sonatype\plexus\plexus-sec-dispatcher\1.4\plexus-sec-dispatcher-1.4.jar;C:\Users\Skander Boussorra\.m2\repository\org\sonatype\plexus\plexus-cipher\1.4\plexus-cipher-1.4.jar;C:\Users\Skander Boussorra\.m2\repository\org\codehaus\plexus\plexus-utils\3.2.1\plexus-utils-3.2.1.jar;C:\Users\Skander Boussorra\.m2\repository\org\sonarsource\scanner\api\sonar-scanner-api\2.16.2.588\sonar-scanner-api-2.16.2.588.jar;C:\Users\Skander Boussorra\.m2\repository\commons-lang\commons-lang\2.6\commons-lang-2.6.jar;C:\Users\Skander Boussorra\.m2\repository\org\springframework\boot\spring-boot-starter-validation\2.6.6\spring-boot-starter-validation-2.6.6.jar;C:\Users\Skander Boussorra\.m2\repository\org\springframework\boot\spring-boot-starter\2.6.6\spring-boot-starter-2.6.6.jar;C:\Users\Skander Boussorra\.m2\repository\org\springframework\boot\spring-boot\2.6.6\spring-boot-2.6.6.jar;C:\Users\Skander Boussorra\.m2\repository\org\spri
Launcher Type: SUN_STANDARD

[Global flags]
     intx CICompilerCount                          = 4                                         {product} {ergonomic}
     uint ConcGCThreads                            = 2                                         {product} {ergonomic}
     uint G1ConcRefinementThreads                  = 8                                         {product} {ergonomic}
   size_t G1HeapRegionSize                         = 1048576                                   {product} {ergonomic}
    uintx GCDrainStackTargetSize                   = 64                                        {product} {ergonomic}
   size_t InitialHeapSize                          = 130023424                                 {product} {ergonomic}
   size_t MarkStackSize                            = 4194304                                   {product} {ergonomic}
   size_t MaxHeapSize                              = 2061500416                                {product} {ergonomic}
   size_t MinHeapDeltaBytes                        = 1048576                                   {product} {ergonomic}
    uintx NonNMethodCodeHeapSize                   = 5836300                                {pd product} {ergonomic}
    uintx NonProfiledCodeHeapSize                  = 122910970                              {pd product} {ergonomic}
    uintx ProfiledCodeHeapSize                     = 122910970                              {pd product} {ergonomic}
    uintx ReservedCodeCacheSize                    = 251658240                              {pd product} {ergonomic}
     bool SegmentedCodeCache                       = true                                      {product} {ergonomic}
     bool UseCompressedClassPointers               = true                                 {lp64_product} {ergonomic}
     bool UseCompressedOops                        = true                                 {lp64_product} {ergonomic}
     bool UseG1GC                                  = true                                      {product} {ergonomic}
     bool UseLargePagesIndividualAllocation        = false                                  {pd product} {ergonomic}

Logging:
Log output configuration:
 #0: stdout all=warning uptime,level,tags
 #1: stderr all=off uptime,level,tags

Environment Variables:
JAVA_HOME=C:\Program Files\Java\jdk-11.0.14
PATH=C:\Program Files (x86)\VMware\VMware Workstation\bin\;C:\WINDOWS\system32;C:\WINDOWS;C:\WINDOWS\System32\Wbem;C:\WINDOWS\System32\WindowsPowerShell\v1.0\;C:\WINDOWS\System32\OpenSSH\;C:\Program Files (x86)\Common Files\PCXTools;C:\Program Files\PuTTY\;C:\Program Files\Git\cmd;C:\Program Files\Docker\Docker\resources\bin;C:\ProgramData\DockerDesktop\version-bin;C:\Users\Skander Boussorra\AppData\Local\Microsoft\WindowsApps;C:\Program Files\JetBrains\IntelliJ IDEA 2022.1\bin;;C:\apache-maven-3.8.5\bin;C:\Program Files\Java\jdk-11.0.14\bin;C:\Program Files\apache-maven-3.5.0\bin;
USERNAME=Skander Boussorra
OS=Windows_NT
PROCESSOR_IDENTIFIER=Intel64 Family 6 Model 140 Stepping 1, GenuineIntel



---------------  S Y S T E M  ---------------

OS: Windows 11 , 64 bit Build 22000 (10.0.22000.675)
Hyper-V role detected

CPU:total 8 (initial active 8) (4 cores per cpu, 2 threads per core) family 6 model 140 stepping 1 microcode 0x86, cmov, cx8, fxsr, mmx, sse, sse2, sse3, ssse3, sse4.1, sse4.2, popcnt, avx, avx2, aes, clmul, erms, 3dnowpref, lzcnt, ht, tsc, tscinvbit, bmi1, bmi2, adx, evex, sha, fma

Memory: 4k page, system-wide physical 7859M (276M free)
TotalPageFile size 22978M (AvailPageFile size 109M)
current process WorkingSet (physical memory assigned to process): 10M, peak: 10M
current process commit charge ("private bytes"): 60M, peak: 184M

vm_info: Java HotSpot(TM) 64-Bit Server VM (11.0.14+8-LTS-263) for windows-amd64 JRE (11.0.14+8-LTS-263), built on Dec  7 2021 21:53:57 by "mach5one" with MS VC++ 15.9 (VS2017)

END.
