#
# There is insufficient memory for the Java Runtime Environment to continue.
# Native memory allocation (malloc) failed to allocate 936896 bytes for Chunk::new
# Possible reasons:
#   The system is out of physical RAM or swap space
#   The process is running with CompressedOops enabled, and the Java Heap may be blocking the growth of the native heap
# Possible solutions:
#   Reduce memory load on the system
#   Increase physical memory or swap space
#   Check if swap backing store is full
#   Decrease Java heap size (-Xmx/-Xms)
#   Decrease number of Java threads
#   Decrease Java thread stack sizes (-Xss)
#   Set larger code cache with -XX:ReservedCodeCacheSize=
#   JVM is running with Unscaled Compressed Oops mode in which the Java heap is
#     placed in the first 4GB address space. The Java Heap base address is the
#     maximum limit for the native heap growth. Please use -XX:HeapBaseMinAddress
#     to set the Java Heap base and to place the Java Heap above 4GB virtual address.
# This output file may be truncated or incomplete.
#
#  Out of Memory Error (./open/src/hotspot/share/memory/arena.cpp:197), pid=14536, tid=13768
#
# JRE version: Java(TM) SE Runtime Environment 18.9 (11.0.14+8) (build 11.0.14+8-LTS-263)
# Java VM: Java HotSpot(TM) 64-Bit Server VM 18.9 (11.0.14+8-LTS-263, mixed mode, tiered, compressed oops, g1 gc, windows-amd64)
# No core dump will be written. Minidumps are not enabled by default on client versions of Windows
#

---------------  S U M M A R Y ------------

Command Line: -Dmaven.multiModuleProjectDirectory=C:\Users\Skander Boussorra\Desktop\Projet DEVOPS\08_06_2022\restaurant-backend-devops\restaurant-backend-devops\order-MicroService -Dmaven.home=C:\Users\Skander Boussorra\.m2\wrapper\dists\apache-maven-3.8.4-bin\52ccbt68d252mdldqsfsn03jlf\apache-maven-3.8.4 -Dclassworlds.conf=C:\Users\Skander Boussorra\.m2\wrapper\dists\apache-maven-3.8.4-bin\52ccbt68d252mdldqsfsn03jlf\apache-maven-3.8.4\bin\m2.conf -Dmaven.ext.class.path=C:\Program Files\JetBrains\IntelliJ IDEA 2022.1\plugins\maven\lib\maven-event-listener.jar -javaagent:C:\Program Files\JetBrains\IntelliJ IDEA 2022.1\lib\idea_rt.jar=59063:C:\Program Files\JetBrains\IntelliJ IDEA 2022.1\bin -Dfile.encoding=UTF-8 org.codehaus.classworlds.Launcher -Didea.version=2022.1 clean

Host: 11th Gen Intel(R) Core(TM) i5-1135G7 @ 2.40GHz, 8 cores, 7G,  Windows 11 , 64 bit Build 22000 (10.0.22000.675)
Time: Sat Jun 11 09:39:27 2022 Afr. centrale Ouest elapsed time: 3.982013 seconds (0d 0h 0m 3s)

---------------  T H R E A D  ---------------

Current thread (0x000001fd44db1800):  JavaThread "C2 CompilerThread0" daemon [_thread_in_native, id=13768, stack(0x000000496e400000,0x000000496e500000)]


Current CompileTask:
C2:   3982 1840   !   4       java.net.URL::<init> (543 bytes)

Stack: [0x000000496e400000,0x000000496e500000]
Native frames: (J=compiled Java code, j=interpreted, Vv=VM code, C=native code)
V  [jvm.dll+0x6296da]
V  [jvm.dll+0x76323f]
V  [jvm.dll+0x7648e9]
V  [jvm.dll+0x764f73]
V  [jvm.dll+0x23d7c8]
V  [jvm.dll+0xb297c]
V  [jvm.dll+0xb2f3c]
V  [jvm.dll+0x2ae594]
V  [jvm.dll+0x53cec6]
V  [jvm.dll+0x20069d]
V  [jvm.dll+0x1fa44a]
V  [jvm.dll+0x1f742d]
V  [jvm.dll+0x177b21]
V  [jvm.dll+0x206e26]
V  [jvm.dll+0x204fbb]
V  [jvm.dll+0x729170]
V  [jvm.dll+0x721d44]
V  [jvm.dll+0x6285d6]
C  [ucrtbase.dll+0x26c0c]
C  [KERNEL32.DLL+0x154e0]
C  [ntdll.dll+0x485b]


---------------  P R O C E S S  ---------------

Threads class SMR info:
_java_thread_list=0x000001fd44dac2c0, length=10, elements={
0x000001fd250da000, 0x000001fd44d93000, 0x000001fd44d9d000, 0x000001fd45752800,
0x000001fd44db0000, 0x000001fd44db1000, 0x000001fd44db1800, 0x000001fd44db4000,
0x000001fd44db5800, 0x000001fd458aa800
}

Java Threads: ( => current thread )
  0x000001fd250da000 JavaThread "main" [_thread_in_vm, id=15432, stack(0x000000496d800000,0x000000496d900000)]
  0x000001fd44d93000 JavaThread "Reference Handler" daemon [_thread_blocked, id=18648, stack(0x000000496df00000,0x000000496e000000)]
  0x000001fd44d9d000 JavaThread "Finalizer" daemon [_thread_blocked, id=23888, stack(0x000000496e000000,0x000000496e100000)]
  0x000001fd45752800 JavaThread "Signal Dispatcher" daemon [_thread_blocked, id=1404, stack(0x000000496e100000,0x000000496e200000)]
  0x000001fd44db0000 JavaThread "Attach Listener" daemon [_thread_blocked, id=2008, stack(0x000000496e200000,0x000000496e300000)]
  0x000001fd44db1000 JavaThread "Service Thread" daemon [_thread_blocked, id=6680, stack(0x000000496e300000,0x000000496e400000)]
=>0x000001fd44db1800 JavaThread "C2 CompilerThread0" daemon [_thread_in_native, id=13768, stack(0x000000496e400000,0x000000496e500000)]
  0x000001fd44db4000 JavaThread "C1 CompilerThread0" daemon [_thread_in_native, id=22352, stack(0x000000496e500000,0x000000496e600000)]
  0x000001fd44db5800 JavaThread "Sweeper thread" daemon [_thread_blocked, id=2988, stack(0x000000496e600000,0x000000496e700000)]
  0x000001fd458aa800 JavaThread "Common-Cleaner" daemon [_thread_blocked, id=13868, stack(0x000000496e700000,0x000000496e800000)]

Other Threads:
  0x000001fd44d70800 VMThread "VM Thread" [stack: 0x000000496de00000,0x000000496df00000] [id=1896]
  0x000001fd45a1d000 WatcherThread [stack: 0x000000496e900000,0x000000496ea00000] [id=23228]
  0x000001fd250ef000 GCTaskThread "GC Thread#0" [stack: 0x000000496d900000,0x000000496da00000] [id=9096]
  0x000001fd467d5800 GCTaskThread "GC Thread#1" [stack: 0x000000496ea00000,0x000000496eb00000] [id=13784]
  0x000001fd2511f000 ConcurrentGCThread "G1 Main Marker" [stack: 0x000000496da00000,0x000000496db00000] [id=24552]
  0x000001fd25120800 ConcurrentGCThread "G1 Conc#0" [stack: 0x000000496db00000,0x000000496dc00000] [id=9832]
  0x000001fd251b4800 ConcurrentGCThread "G1 Refine#0" [stack: 0x000000496dc00000,0x000000496dd00000] [id=1680]
  0x000001fd251b5800 ConcurrentGCThread "G1 Young RemSet Sampling" [stack: 0x000000496dd00000,0x000000496de00000] [id=22700]

Threads with active compile tasks:
C2 CompilerThread0   4012 1840   !   4       java.net.URL::<init> (543 bytes)
C1 CompilerThread0   4012 1969       3       java.lang.invoke.InvokerBytecodeGenerator::emitPushArgument (120 bytes)

VM state:not at safepoint (normal execution)

VM Mutex/Monitor currently owned by a thread: None

Heap address: 0x0000000085200000, size: 1966 MB, Compressed Oops mode: 32-bit
Narrow klass base: 0x0000000000000000, Narrow klass shift: 3
Compressed class space size: 1073741824 Address: 0x0000000100000000

Heap:
 garbage-first heap   total 126976K, used 46772K [0x0000000085200000, 0x0000000100000000)
  region size 1024K, 46 young (47104K), 3 survivors (3072K)
 Metaspace       used 18660K, capacity 18977K, committed 19072K, reserved 1067008K
  class space    used 2027K, capacity 2152K, committed 2176K, reserved 1048576K
Heap Regions: E=young(eden), S=young(survivor), O=old, HS=humongous(starts), HC=humongous(continues), CS=collection set, F=free, A=archive, TAMS=top-at-mark-start (previous, next)
|   0|0x0000000085200000, 0x00000000852ad200, 0x0000000085300000| 67%| O|  |TAMS 0x0000000085200000, 0x0000000085200000| Untracked 
|   1|0x0000000085300000, 0x0000000085300000, 0x0000000085400000|  0%| F|  |TAMS 0x0000000085300000, 0x0000000085300000| Untracked 
|   2|0x0000000085400000, 0x0000000085400000, 0x0000000085500000|  0%| F|  |TAMS 0x0000000085400000, 0x0000000085400000| Untracked 
|   3|0x0000000085500000, 0x0000000085500000, 0x0000000085600000|  0%| F|  |TAMS 0x0000000085500000, 0x0000000085500000| Untracked 
|   4|0x0000000085600000, 0x0000000085600000, 0x0000000085700000|  0%| F|  |TAMS 0x0000000085600000, 0x0000000085600000| Untracked 
|   5|0x0000000085700000, 0x0000000085700000, 0x0000000085800000|  0%| F|  |TAMS 0x0000000085700000, 0x0000000085700000| Untracked 
|   6|0x0000000085800000, 0x0000000085800000, 0x0000000085900000|  0%| F|  |TAMS 0x0000000085800000, 0x0000000085800000| Untracked 
|   7|0x0000000085900000, 0x0000000085900000, 0x0000000085a00000|  0%| F|  |TAMS 0x0000000085900000, 0x0000000085900000| Untracked 
|   8|0x0000000085a00000, 0x0000000085a00000, 0x0000000085b00000|  0%| F|  |TAMS 0x0000000085a00000, 0x0000000085a00000| Untracked 
|   9|0x0000000085b00000, 0x0000000085b00000, 0x0000000085c00000|  0%| F|  |TAMS 0x0000000085b00000, 0x0000000085b00000| Untracked 
|  10|0x0000000085c00000, 0x0000000085c00000, 0x0000000085d00000|  0%| F|  |TAMS 0x0000000085c00000, 0x0000000085c00000| Untracked 
|  11|0x0000000085d00000, 0x0000000085d00000, 0x0000000085e00000|  0%| F|  |TAMS 0x0000000085d00000, 0x0000000085d00000| Untracked 
|  12|0x0000000085e00000, 0x0000000085e00000, 0x0000000085f00000|  0%| F|  |TAMS 0x0000000085e00000, 0x0000000085e00000| Untracked 
|  13|0x0000000085f00000, 0x0000000085f00000, 0x0000000086000000|  0%| F|  |TAMS 0x0000000085f00000, 0x0000000085f00000| Untracked 
|  14|0x0000000086000000, 0x0000000086000000, 0x0000000086100000|  0%| F|  |TAMS 0x0000000086000000, 0x0000000086000000| Untracked 
|  15|0x0000000086100000, 0x0000000086100000, 0x0000000086200000|  0%| F|  |TAMS 0x0000000086100000, 0x0000000086100000| Untracked 
|  16|0x0000000086200000, 0x0000000086200000, 0x0000000086300000|  0%| F|  |TAMS 0x0000000086200000, 0x0000000086200000| Untracked 
|  17|0x0000000086300000, 0x0000000086300000, 0x0000000086400000|  0%| F|  |TAMS 0x0000000086300000, 0x0000000086300000| Untracked 
|  18|0x0000000086400000, 0x0000000086400000, 0x0000000086500000|  0%| F|  |TAMS 0x0000000086400000, 0x0000000086400000| Untracked 
|  19|0x0000000086500000, 0x0000000086500000, 0x0000000086600000|  0%| F|  |TAMS 0x0000000086500000, 0x0000000086500000| Untracked 
|  20|0x0000000086600000, 0x0000000086600000, 0x0000000086700000|  0%| F|  |TAMS 0x0000000086600000, 0x0000000086600000| Untracked 
|  21|0x0000000086700000, 0x0000000086700000, 0x0000000086800000|  0%| F|  |TAMS 0x0000000086700000, 0x0000000086700000| Untracked 
|  22|0x0000000086800000, 0x0000000086800000, 0x0000000086900000|  0%| F|  |TAMS 0x0000000086800000, 0x0000000086800000| Untracked 
|  23|0x0000000086900000, 0x0000000086900000, 0x0000000086a00000|  0%| F|  |TAMS 0x0000000086900000, 0x0000000086900000| Untracked 
|  24|0x0000000086a00000, 0x0000000086a00000, 0x0000000086b00000|  0%| F|  |TAMS 0x0000000086a00000, 0x0000000086a00000| Untracked 
|  25|0x0000000086b00000, 0x0000000086b00000, 0x0000000086c00000|  0%| F|  |TAMS 0x0000000086b00000, 0x0000000086b00000| Untracked 
|  26|0x0000000086c00000, 0x0000000086c00000, 0x0000000086d00000|  0%| F|  |TAMS 0x0000000086c00000, 0x0000000086c00000| Untracked 
|  27|0x0000000086d00000, 0x0000000086d00000, 0x0000000086e00000|  0%| F|  |TAMS 0x0000000086d00000, 0x0000000086d00000| Untracked 
|  28|0x0000000086e00000, 0x0000000086e00000, 0x0000000086f00000|  0%| F|  |TAMS 0x0000000086e00000, 0x0000000086e00000| Untracked 
|  29|0x0000000086f00000, 0x0000000086f00000, 0x0000000087000000|  0%| F|  |TAMS 0x0000000086f00000, 0x0000000086f00000| Untracked 
|  30|0x0000000087000000, 0x0000000087000000, 0x0000000087100000|  0%| F|  |TAMS 0x0000000087000000, 0x0000000087000000| Untracked 
|  31|0x0000000087100000, 0x0000000087100000, 0x0000000087200000|  0%| F|  |TAMS 0x0000000087100000, 0x0000000087100000| Untracked 
|  32|0x0000000087200000, 0x0000000087200000, 0x0000000087300000|  0%| F|  |TAMS 0x0000000087200000, 0x0000000087200000| Untracked 
|  33|0x0000000087300000, 0x0000000087300000, 0x0000000087400000|  0%| F|  |TAMS 0x0000000087300000, 0x0000000087300000| Untracked 
|  34|0x0000000087400000, 0x0000000087400000, 0x0000000087500000|  0%| F|  |TAMS 0x0000000087400000, 0x0000000087400000| Untracked 
|  35|0x0000000087500000, 0x0000000087500000, 0x0000000087600000|  0%| F|  |TAMS 0x0000000087500000, 0x0000000087500000| Untracked 
|  36|0x0000000087600000, 0x0000000087600000, 0x0000000087700000|  0%| F|  |TAMS 0x0000000087600000, 0x0000000087600000| Untracked 
|  37|0x0000000087700000, 0x0000000087700000, 0x0000000087800000|  0%| F|  |TAMS 0x0000000087700000, 0x0000000087700000| Untracked 
|  38|0x0000000087800000, 0x0000000087800000, 0x0000000087900000|  0%| F|  |TAMS 0x0000000087800000, 0x0000000087800000| Untracked 
|  39|0x0000000087900000, 0x0000000087900000, 0x0000000087a00000|  0%| F|  |TAMS 0x0000000087900000, 0x0000000087900000| Untracked 
|  40|0x0000000087a00000, 0x0000000087a00000, 0x0000000087b00000|  0%| F|  |TAMS 0x0000000087a00000, 0x0000000087a00000| Untracked 
|  41|0x0000000087b00000, 0x0000000087b00000, 0x0000000087c00000|  0%| F|  |TAMS 0x0000000087b00000, 0x0000000087b00000| Untracked 
|  42|0x0000000087c00000, 0x0000000087c00000, 0x0000000087d00000|  0%| F|  |TAMS 0x0000000087c00000, 0x0000000087c00000| Untracked 
|  43|0x0000000087d00000, 0x0000000087d00000, 0x0000000087e00000|  0%| F|  |TAMS 0x0000000087d00000, 0x0000000087d00000| Untracked 
|  44|0x0000000087e00000, 0x0000000087e00000, 0x0000000087f00000|  0%| F|  |TAMS 0x0000000087e00000, 0x0000000087e00000| Untracked 
|  45|0x0000000087f00000, 0x0000000087f00000, 0x0000000088000000|  0%| F|  |TAMS 0x0000000087f00000, 0x0000000087f00000| Untracked 
|  46|0x0000000088000000, 0x0000000088000000, 0x0000000088100000|  0%| F|  |TAMS 0x0000000088000000, 0x0000000088000000| Untracked 
|  47|0x0000000088100000, 0x0000000088100000, 0x0000000088200000|  0%| F|  |TAMS 0x0000000088100000, 0x0000000088100000| Untracked 
|  48|0x0000000088200000, 0x0000000088200000, 0x0000000088300000|  0%| F|  |TAMS 0x0000000088200000, 0x0000000088200000| Untracked 
|  49|0x0000000088300000, 0x0000000088300000, 0x0000000088400000|  0%| F|  |TAMS 0x0000000088300000, 0x0000000088300000| Untracked 
|  50|0x0000000088400000, 0x0000000088400000, 0x0000000088500000|  0%| F|  |TAMS 0x0000000088400000, 0x0000000088400000| Untracked 
|  51|0x0000000088500000, 0x0000000088500000, 0x0000000088600000|  0%| F|  |TAMS 0x0000000088500000, 0x0000000088500000| Untracked 
|  52|0x0000000088600000, 0x0000000088600000, 0x0000000088700000|  0%| F|  |TAMS 0x0000000088600000, 0x0000000088600000| Untracked 
|  53|0x0000000088700000, 0x0000000088700000, 0x0000000088800000|  0%| F|  |TAMS 0x0000000088700000, 0x0000000088700000| Untracked 
|  54|0x0000000088800000, 0x0000000088800000, 0x0000000088900000|  0%| F|  |TAMS 0x0000000088800000, 0x0000000088800000| Untracked 
|  55|0x0000000088900000, 0x0000000088900000, 0x0000000088a00000|  0%| F|  |TAMS 0x0000000088900000, 0x0000000088900000| Untracked 
|  56|0x0000000088a00000, 0x0000000088a00000, 0x0000000088b00000|  0%| F|  |TAMS 0x0000000088a00000, 0x0000000088a00000| Untracked 
|  57|0x0000000088b00000, 0x0000000088b00000, 0x0000000088c00000|  0%| F|  |TAMS 0x0000000088b00000, 0x0000000088b00000| Untracked 
|  58|0x0000000088c00000, 0x0000000088c00000, 0x0000000088d00000|  0%| F|  |TAMS 0x0000000088c00000, 0x0000000088c00000| Untracked 
|  59|0x0000000088d00000, 0x0000000088d00000, 0x0000000088e00000|  0%| F|  |TAMS 0x0000000088d00000, 0x0000000088d00000| Untracked 
|  60|0x0000000088e00000, 0x0000000088e00000, 0x0000000088f00000|  0%| F|  |TAMS 0x0000000088e00000, 0x0000000088e00000| Untracked 
|  61|0x0000000088f00000, 0x0000000088f00000, 0x0000000089000000|  0%| F|  |TAMS 0x0000000088f00000, 0x0000000088f00000| Untracked 
|  62|0x0000000089000000, 0x0000000089000000, 0x0000000089100000|  0%| F|  |TAMS 0x0000000089000000, 0x0000000089000000| Untracked 
|  63|0x0000000089100000, 0x0000000089100000, 0x0000000089200000|  0%| F|  |TAMS 0x0000000089100000, 0x0000000089100000| Untracked 
|  64|0x0000000089200000, 0x0000000089200000, 0x0000000089300000|  0%| F|  |TAMS 0x0000000089200000, 0x0000000089200000| Untracked 
|  65|0x0000000089300000, 0x0000000089300000, 0x0000000089400000|  0%| F|  |TAMS 0x0000000089300000, 0x0000000089300000| Untracked 
|  66|0x0000000089400000, 0x0000000089400000, 0x0000000089500000|  0%| F|  |TAMS 0x0000000089400000, 0x0000000089400000| Untracked 
|  67|0x0000000089500000, 0x0000000089500000, 0x0000000089600000|  0%| F|  |TAMS 0x0000000089500000, 0x0000000089500000| Untracked 
|  68|0x0000000089600000, 0x0000000089600000, 0x0000000089700000|  0%| F|  |TAMS 0x0000000089600000, 0x0000000089600000| Untracked 
|  69|0x0000000089700000, 0x0000000089700000, 0x0000000089800000|  0%| F|  |TAMS 0x0000000089700000, 0x0000000089700000| Untracked 
|  70|0x0000000089800000, 0x0000000089800000, 0x0000000089900000|  0%| F|  |TAMS 0x0000000089800000, 0x0000000089800000| Untracked 
|  71|0x0000000089900000, 0x0000000089900000, 0x0000000089a00000|  0%| F|  |TAMS 0x0000000089900000, 0x0000000089900000| Untracked 
|  72|0x0000000089a00000, 0x0000000089a00000, 0x0000000089b00000|  0%| F|  |TAMS 0x0000000089a00000, 0x0000000089a00000| Untracked 
|  73|0x0000000089b00000, 0x0000000089b00000, 0x0000000089c00000|  0%| F|  |TAMS 0x0000000089b00000, 0x0000000089b00000| Untracked 
|  74|0x0000000089c00000, 0x0000000089c00000, 0x0000000089d00000|  0%| F|  |TAMS 0x0000000089c00000, 0x0000000089c00000| Untracked 
|  75|0x0000000089d00000, 0x0000000089d00000, 0x0000000089e00000|  0%| F|  |TAMS 0x0000000089d00000, 0x0000000089d00000| Untracked 
|  76|0x0000000089e00000, 0x0000000089e00000, 0x0000000089f00000|  0%| F|  |TAMS 0x0000000089e00000, 0x0000000089e00000| Untracked 
|  77|0x0000000089f00000, 0x0000000089f00000, 0x000000008a000000|  0%| F|  |TAMS 0x0000000089f00000, 0x0000000089f00000| Untracked 
|  78|0x000000008a000000, 0x000000008a100000, 0x000000008a100000|100%| E|  |TAMS 0x000000008a000000, 0x000000008a000000| Complete 
|  79|0x000000008a100000, 0x000000008a200000, 0x000000008a200000|100%| E|CS|TAMS 0x000000008a100000, 0x000000008a100000| Complete 
|  80|0x000000008a200000, 0x000000008a300000, 0x000000008a300000|100%| E|CS|TAMS 0x000000008a200000, 0x000000008a200000| Complete 
|  81|0x000000008a300000, 0x000000008a400000, 0x000000008a400000|100%| E|CS|TAMS 0x000000008a300000, 0x000000008a300000| Complete 
|  82|0x000000008a400000, 0x000000008a500000, 0x000000008a500000|100%| E|CS|TAMS 0x000000008a400000, 0x000000008a400000| Complete 
|  83|0x000000008a500000, 0x000000008a600000, 0x000000008a600000|100%| E|CS|TAMS 0x000000008a500000, 0x000000008a500000| Complete 
|  84|0x000000008a600000, 0x000000008a700000, 0x000000008a700000|100%| E|CS|TAMS 0x000000008a600000, 0x000000008a600000| Complete 
|  85|0x000000008a700000, 0x000000008a800000, 0x000000008a800000|100%| E|CS|TAMS 0x000000008a700000, 0x000000008a700000| Complete 
|  86|0x000000008a800000, 0x000000008a900000, 0x000000008a900000|100%| E|CS|TAMS 0x000000008a800000, 0x000000008a800000| Complete 
|  87|0x000000008a900000, 0x000000008aa00000, 0x000000008aa00000|100%| E|CS|TAMS 0x000000008a900000, 0x000000008a900000| Complete 
|  88|0x000000008aa00000, 0x000000008ab00000, 0x000000008ab00000|100%| E|CS|TAMS 0x000000008aa00000, 0x000000008aa00000| Complete 
|  89|0x000000008ab00000, 0x000000008ac00000, 0x000000008ac00000|100%| E|CS|TAMS 0x000000008ab00000, 0x000000008ab00000| Complete 
|  90|0x000000008ac00000, 0x000000008ad00000, 0x000000008ad00000|100%| E|CS|TAMS 0x000000008ac00000, 0x000000008ac00000| Complete 
|  91|0x000000008ad00000, 0x000000008ae00000, 0x000000008ae00000|100%| E|CS|TAMS 0x000000008ad00000, 0x000000008ad00000| Complete 
|  92|0x000000008ae00000, 0x000000008af00000, 0x000000008af00000|100%| E|CS|TAMS 0x000000008ae00000, 0x000000008ae00000| Complete 
|  93|0x000000008af00000, 0x000000008b000000, 0x000000008b000000|100%| E|CS|TAMS 0x000000008af00000, 0x000000008af00000| Complete 
|  94|0x000000008b000000, 0x000000008b100000, 0x000000008b100000|100%| E|CS|TAMS 0x000000008b000000, 0x000000008b000000| Complete 
|  95|0x000000008b100000, 0x000000008b200000, 0x000000008b200000|100%| E|CS|TAMS 0x000000008b100000, 0x000000008b100000| Complete 
|  96|0x000000008b200000, 0x000000008b300000, 0x000000008b300000|100%| E|CS|TAMS 0x000000008b200000, 0x000000008b200000| Complete 
|  97|0x000000008b300000, 0x000000008b400000, 0x000000008b400000|100%| S|CS|TAMS 0x000000008b300000, 0x000000008b300000| Complete 
|  98|0x000000008b400000, 0x000000008b500000, 0x000000008b500000|100%| S|CS|TAMS 0x000000008b400000, 0x000000008b400000| Complete 
|  99|0x000000008b500000, 0x000000008b600000, 0x000000008b600000|100%| S|CS|TAMS 0x000000008b500000, 0x000000008b500000| Complete 
| 100|0x000000008b600000, 0x000000008b700000, 0x000000008b700000|100%| E|CS|TAMS 0x000000008b600000, 0x000000008b600000| Complete 
| 101|0x000000008b700000, 0x000000008b800000, 0x000000008b800000|100%| E|CS|TAMS 0x000000008b700000, 0x000000008b700000| Complete 
| 102|0x000000008b800000, 0x000000008b900000, 0x000000008b900000|100%| E|CS|TAMS 0x000000008b800000, 0x000000008b800000| Complete 
| 103|0x000000008b900000, 0x000000008ba00000, 0x000000008ba00000|100%| E|CS|TAMS 0x000000008b900000, 0x000000008b900000| Complete 
| 104|0x000000008ba00000, 0x000000008bb00000, 0x000000008bb00000|100%| E|CS|TAMS 0x000000008ba00000, 0x000000008ba00000| Complete 
| 105|0x000000008bb00000, 0x000000008bc00000, 0x000000008bc00000|100%| E|CS|TAMS 0x000000008bb00000, 0x000000008bb00000| Complete 
| 106|0x000000008bc00000, 0x000000008bd00000, 0x000000008bd00000|100%| E|CS|TAMS 0x000000008bc00000, 0x000000008bc00000| Complete 
| 107|0x000000008bd00000, 0x000000008be00000, 0x000000008be00000|100%| E|CS|TAMS 0x000000008bd00000, 0x000000008bd00000| Complete 
| 108|0x000000008be00000, 0x000000008bf00000, 0x000000008bf00000|100%| E|CS|TAMS 0x000000008be00000, 0x000000008be00000| Complete 
| 109|0x000000008bf00000, 0x000000008c000000, 0x000000008c000000|100%| E|CS|TAMS 0x000000008bf00000, 0x000000008bf00000| Complete 
| 110|0x000000008c000000, 0x000000008c100000, 0x000000008c100000|100%| E|CS|TAMS 0x000000008c000000, 0x000000008c000000| Complete 
| 111|0x000000008c100000, 0x000000008c200000, 0x000000008c200000|100%| E|CS|TAMS 0x000000008c100000, 0x000000008c100000| Complete 
| 112|0x000000008c200000, 0x000000008c300000, 0x000000008c300000|100%| E|CS|TAMS 0x000000008c200000, 0x000000008c200000| Complete 
| 113|0x000000008c300000, 0x000000008c400000, 0x000000008c400000|100%| E|CS|TAMS 0x000000008c300000, 0x000000008c300000| Complete 
| 114|0x000000008c400000, 0x000000008c500000, 0x000000008c500000|100%| E|CS|TAMS 0x000000008c400000, 0x000000008c400000| Complete 
| 115|0x000000008c500000, 0x000000008c600000, 0x000000008c600000|100%| E|CS|TAMS 0x000000008c500000, 0x000000008c500000| Complete 
| 116|0x000000008c600000, 0x000000008c700000, 0x000000008c700000|100%| E|CS|TAMS 0x000000008c600000, 0x000000008c600000| Complete 
| 117|0x000000008c700000, 0x000000008c800000, 0x000000008c800000|100%| E|CS|TAMS 0x000000008c700000, 0x000000008c700000| Complete 
| 118|0x000000008c800000, 0x000000008c900000, 0x000000008c900000|100%| E|CS|TAMS 0x000000008c800000, 0x000000008c800000| Complete 
| 119|0x000000008c900000, 0x000000008ca00000, 0x000000008ca00000|100%| E|CS|TAMS 0x000000008c900000, 0x000000008c900000| Complete 
| 120|0x000000008ca00000, 0x000000008cb00000, 0x000000008cb00000|100%| E|CS|TAMS 0x000000008ca00000, 0x000000008ca00000| Complete 
| 121|0x000000008cb00000, 0x000000008cc00000, 0x000000008cc00000|100%| E|CS|TAMS 0x000000008cb00000, 0x000000008cb00000| Complete 
| 122|0x000000008cc00000, 0x000000008cd00000, 0x000000008cd00000|100%| E|CS|TAMS 0x000000008cc00000, 0x000000008cc00000| Complete 
| 123|0x000000008cd00000, 0x000000008ce00000, 0x000000008ce00000|100%| E|CS|TAMS 0x000000008cd00000, 0x000000008cd00000| Complete 

Card table byte_map: [0x000001fd3dd80000,0x000001fd3e160000] _byte_map_base: 0x000001fd3d957000

Marking Bits (Prev, Next): (CMBitMap*) 0x000001fd251165a8, (CMBitMap*) 0x000001fd251165e0
 Prev Bits: [0x000001fd3e540000, 0x000001fd403f8000)
 Next Bits: [0x000001fd40400000, 0x000001fd422b8000)

Polling page: 0x000001fd251c0000

Metaspace:

Usage:
  Non-class:     16.49 MB capacity,    16.26 MB ( 99%) used,   218.94 KB (  1%) free+waste,    20.38 KB ( <1%) overhead. 
      Class:      2.10 MB capacity,     1.98 MB ( 94%) used,   113.28 KB (  5%) free+waste,     8.63 KB ( <1%) overhead. 
       Both:     18.59 MB capacity,    18.24 MB ( 98%) used,   332.22 KB (  2%) free+waste,    29.00 KB ( <1%) overhead. 

Virtual space:
  Non-class space:       18.00 MB reserved,      16.50 MB ( 92%) committed 
      Class space:        1.00 GB reserved,       2.13 MB ( <1%) committed 
             Both:        1.02 GB reserved,      18.63 MB (  2%) committed 

Chunk freelists:
   Non-Class:  896 bytes
       Class:  3.00 KB
        Both:  3.88 KB

CodeHeap 'non-profiled nmethods': size=120000Kb used=683Kb max_used=683Kb free=119316Kb
 bounds [0x000001fd35a10000, 0x000001fd35c80000, 0x000001fd3cf40000]
CodeHeap 'profiled nmethods': size=120000Kb used=3873Kb max_used=3873Kb free=116126Kb
 bounds [0x000001fd2e4e0000, 0x000001fd2e8b0000, 0x000001fd35a10000]
CodeHeap 'non-nmethods': size=5760Kb used=1114Kb max_used=1128Kb free=4645Kb
 bounds [0x000001fd2df40000, 0x000001fd2e1b0000, 0x000001fd2e4e0000]
 total_blobs=2384 nmethods=1972 adapters=323
 compilation: enabled
              stopped_count=0, restarted_count=0
 full_count=0

Compilation events (10 events):
Event: 3.977 Thread 0x000001fd44db4000 1929       1       jdk.internal.reflect.DelegatingConstructorAccessorImpl::setDelegate (6 bytes)
Event: 3.977 Thread 0x000001fd44db4000 nmethod 1929 0x000001fd35ab9210 code [0x000001fd35ab93a0, 0x000001fd35ab9498]
Event: 3.977 Thread 0x000001fd44db4000 1933       3       java.util.IdentityHashMap::maskNull (12 bytes)
Event: 3.977 Thread 0x000001fd44db4000 nmethod 1933 0x000001fd2e896390 code [0x000001fd2e896520, 0x000001fd2e896658]
Event: 3.977 Thread 0x000001fd44db4000 1932       3       com.google.inject.internal.ConstructionContext::setProxyDelegates (50 bytes)
Event: 3.977 Thread 0x000001fd44db4000 nmethod 1932 0x000001fd2e896710 code [0x000001fd2e896900, 0x000001fd2e896eb8]
Event: 3.977 Thread 0x000001fd44db4000 1931       1       com.google.inject.Key$AnnotationInstanceStrategy::getAnnotation (5 bytes)
Event: 3.977 Thread 0x000001fd44db4000 nmethod 1931 0x000001fd35ab9510 code [0x000001fd35ab96a0, 0x000001fd35ab9758]
Event: 3.977 Thread 0x000001fd44db4000 1935       3       org.eclipse.sisu.inject.RankedSequence$Itr::hasNext (114 bytes)
Event: 3.978 Thread 0x000001fd44db4000 nmethod 1935 0x000001fd2e897090 code [0x000001fd2e897260, 0x000001fd2e897748]

GC Heap History (2 events):
Event: 1.913 GC heap before
{Heap before GC invocations=0 (full 0):
 garbage-first heap   total 126976K, used 23552K [0x0000000085200000, 0x0000000100000000)
  region size 1024K, 24 young (24576K), 0 survivors (0K)
 Metaspace       used 12956K, capacity 13284K, committed 13440K, reserved 1060864K
  class space    used 1304K, capacity 1391K, committed 1408K, reserved 1048576K
}
Event: 1.928 GC heap after
{Heap after GC invocations=1 (full 0):
 garbage-first heap   total 126976K, used 3764K [0x0000000085200000, 0x0000000100000000)
  region size 1024K, 3 young (3072K), 3 survivors (3072K)
 Metaspace       used 12956K, capacity 13284K, committed 13440K, reserved 1060864K
  class space    used 1304K, capacity 1391K, committed 1408K, reserved 1048576K
}

Deoptimization events (10 events):
Event: 1.744 Thread 0x000001fd250da000 Uncommon trap: reason=unstable_if action=reinterpret pc=0x000001fd35a394a8 method=org.codehaus.plexus.util.xml.pull.MXParser.more()C @ 8 c2
Event: 1.824 Thread 0x000001fd250da000 Uncommon trap: reason=unstable_if action=reinterpret pc=0x000001fd35a5e3ec method=java.nio.charset.CoderResult.isOverflow()Z @ 5 c2
Event: 2.195 Thread 0x000001fd250da000 Uncommon trap: reason=unstable_if action=reinterpret pc=0x000001fd35a6d6d0 method=org.codehaus.plexus.util.xml.pull.MXParser.nextImpl()I @ 241 c2
Event: 2.196 Thread 0x000001fd250da000 Uncommon trap: reason=unstable_if action=reinterpret pc=0x000001fd35a63664 method=sun.nio.cs.StreamDecoder.read0()I @ 39 c2
Event: 2.201 Thread 0x000001fd250da000 Uncommon trap: reason=unstable_if action=reinterpret pc=0x000001fd35a6bcf8 method=sun.nio.cs.StreamDecoder.read0()I @ 39 c2
Event: 2.221 Thread 0x000001fd250da000 Uncommon trap: reason=bimorphic_or_optimized_type_check action=maybe_recompile pc=0x000001fd35a57130 method=java.util.HashMap.getNode(ILjava/lang/Object;)Ljava/util/HashMap$Node; @ 126 c2
Event: 2.273 Thread 0x000001fd250da000 Uncommon trap: reason=bimorphic_or_optimized_type_check action=maybe_recompile pc=0x000001fd35a57130 method=java.util.HashMap.getNode(ILjava/lang/Object;)Ljava/util/HashMap$Node; @ 126 c2
Event: 2.291 Thread 0x000001fd250da000 Uncommon trap: reason=bimorphic_or_optimized_type_check action=maybe_recompile pc=0x000001fd35a57130 method=java.util.HashMap.getNode(ILjava/lang/Object;)Ljava/util/HashMap$Node; @ 126 c2
Event: 2.300 Thread 0x000001fd250da000 Uncommon trap: reason=bimorphic_or_optimized_type_check action=maybe_recompile pc=0x000001fd35a57130 method=java.util.HashMap.getNode(ILjava/lang/Object;)Ljava/util/HashMap$Node; @ 126 c2
Event: 2.541 Thread 0x000001fd250da000 Uncommon trap: reason=unstable_if action=reinterpret pc=0x000001fd35a81b50 method=java.lang.String.<init>([CIILjava/lang/Void;)V @ 5 c2

Classes redefined (0 events):
No events

Internal exceptions (10 events):
Event: 0.880 Thread 0x000001fd250da000 Exception <a 'java/lang/NullPointerException'{0x000000008c8adb08}> (0x000000008c8adb08) thrown at [./open/src/hotspot/share/interpreter/linkResolver.cpp, line 1354]
Event: 0.880 Thread 0x000001fd250da000 Exception <a 'java/lang/NullPointerException'{0x000000008c8addd8}> (0x000000008c8addd8) thrown at [./open/src/hotspot/share/interpreter/linkResolver.cpp, line 1354]
Event: 0.883 Thread 0x000001fd250da000 Exception <a 'java/lang/NullPointerException'{0x000000008c8b5250}> (0x000000008c8b5250) thrown at [./open/src/hotspot/share/interpreter/linkResolver.cpp, line 1354]
Event: 0.886 Thread 0x000001fd250da000 Exception <a 'java/lang/NullPointerException'{0x000000008c8cc9b0}> (0x000000008c8cc9b0) thrown at [./open/src/hotspot/share/interpreter/linkResolver.cpp, line 1354]
Event: 0.886 Thread 0x000001fd250da000 Exception <a 'java/lang/NullPointerException'{0x000000008c8ccc80}> (0x000000008c8ccc80) thrown at [./open/src/hotspot/share/interpreter/linkResolver.cpp, line 1354]
Event: 0.886 Thread 0x000001fd250da000 Exception <a 'java/lang/NullPointerException'{0x000000008c8ccf50}> (0x000000008c8ccf50) thrown at [./open/src/hotspot/share/interpreter/linkResolver.cpp, line 1354]
Event: 0.886 Thread 0x000001fd250da000 Exception <a 'java/lang/NullPointerException'{0x000000008c8cd220}> (0x000000008c8cd220) thrown at [./open/src/hotspot/share/interpreter/linkResolver.cpp, line 1354]
Event: 1.730 Thread 0x000001fd250da000 Exception <a 'java/lang/NoClassDefFoundError'{0x000000008ba87b98}: javax/enterprise/inject/Typed> (0x000000008ba87b98) thrown at [./open/src/hotspot/share/classfile/systemDictionary.cpp, line 215]
Event: 3.844 Thread 0x000001fd250da000 Exception <a 'java/lang/NoClassDefFoundError'{0x000000008a3c0920}: com/google/inject/servlet/ServletModuleTargetVisitor> (0x000000008a3c0920) thrown at [./open/src/hotspot/share/classfile/systemDictionary.cpp, line 215]
Event: 3.844 Thread 0x000001fd250da000 Exception <a 'java/lang/NoClassDefFoundError'{0x000000008a3c0920}> (0x000000008a3c0920) thrown at [./open/src/hotspot/share/prims/jvm.cpp, line 1309]

Events (10 events):
Event: 3.968 loading class org/apache/maven/repository/legacy/DefaultUpdateCheckManager
Event: 3.968 loading class org/apache/maven/repository/legacy/DefaultUpdateCheckManager done
Event: 3.969 loading class org/apache/maven/project/artifact/DefaultMavenMetadataCache
Event: 3.969 loading class org/apache/maven/project/artifact/DefaultMavenMetadataCache done
Event: 3.969 loading class org/apache/maven/project/artifact/DefaultMavenMetadataCache
Event: 3.969 loading class org/apache/maven/project/artifact/DefaultMavenMetadataCache done
Event: 3.969 loading class org/apache/maven/project/artifact/DefaultMavenMetadataCache
Event: 3.969 loading class org/apache/maven/project/artifact/DefaultMavenMetadataCache done
Event: 3.971 loading class org/eclipse/sisu/wire/EntrySetAdapter
Event: 3.971 loading class org/eclipse/sisu/wire/EntrySetAdapter done


Dynamic libraries:
0x00007ff7331d0000 - 0x00007ff7331df000 	C:\Program Files\Java\jdk-11.0.14\bin\java.exe
0x00007ffb3f7c0000 - 0x00007ffb3f9c9000 	C:\WINDOWS\SYSTEM32\ntdll.dll
0x00007ffb3dcb0000 - 0x00007ffb3dd6d000 	C:\WINDOWS\System32\KERNEL32.DLL
0x00007ffb3ccb0000 - 0x00007ffb3d029000 	C:\WINDOWS\System32\KERNELBASE.dll
0x00007ffb3d430000 - 0x00007ffb3d541000 	C:\WINDOWS\System32\ucrtbase.dll
0x00007ffae5470000 - 0x00007ffae5485000 	C:\Program Files\Java\jdk-11.0.14\bin\VCRUNTIME140.dll
0x00007ffae5730000 - 0x00007ffae5748000 	C:\Program Files\Java\jdk-11.0.14\bin\jli.dll
0x00007ffb3d6d0000 - 0x00007ffb3d77e000 	C:\WINDOWS\System32\ADVAPI32.dll
0x00007ffb3dba0000 - 0x00007ffb3dc43000 	C:\WINDOWS\System32\msvcrt.dll
0x00007ffb3f1e0000 - 0x00007ffb3f27e000 	C:\WINDOWS\System32\sechost.dll
0x00007ffb3d800000 - 0x00007ffb3d920000 	C:\WINDOWS\System32\RPCRT4.dll
0x00007ffb3d9f0000 - 0x00007ffb3db9c000 	C:\WINDOWS\System32\USER32.dll
0x00007ffb1fea0000 - 0x00007ffb20145000 	C:\WINDOWS\WinSxS\amd64_microsoft.windows.common-controls_6595b64144ccf1df_6.0.22000.120_none_9d947278b86cc467\COMCTL32.dll
0x00007ffb3d0b0000 - 0x00007ffb3d0d6000 	C:\WINDOWS\System32\win32u.dll
0x00007ffb3dd80000 - 0x00007ffb3dda9000 	C:\WINDOWS\System32\GDI32.dll
0x00007ffb3d310000 - 0x00007ffb3d422000 	C:\WINDOWS\System32\gdi32full.dll
0x00007ffb3d550000 - 0x00007ffb3d5ed000 	C:\WINDOWS\System32\msvcp_win.dll
0x00007ffb32780000 - 0x00007ffb3278a000 	C:\WINDOWS\SYSTEM32\VERSION.dll
0x00007ffb3d9b0000 - 0x00007ffb3d9e1000 	C:\WINDOWS\System32\IMM32.DLL
0x00007ffad74c0000 - 0x00007ffad755b000 	C:\Program Files\Java\jdk-11.0.14\bin\msvcp140.dll
0x00007ffad0310000 - 0x00007ffad0e26000 	C:\Program Files\Java\jdk-11.0.14\bin\server\jvm.dll
0x00007ffb3edf0000 - 0x00007ffb3edf8000 	C:\WINDOWS\System32\PSAPI.DLL
0x00007ffb181f0000 - 0x00007ffb181f9000 	C:\WINDOWS\SYSTEM32\WSOCK32.dll
0x00007ffb3eba0000 - 0x00007ffb3ec0f000 	C:\WINDOWS\System32\WS2_32.dll
0x00007ffb35050000 - 0x00007ffb35083000 	C:\WINDOWS\SYSTEM32\WINMM.dll
0x00007ffb3bea0000 - 0x00007ffb3beb8000 	C:\WINDOWS\SYSTEM32\kernel.appcore.dll
0x00007ffb17d20000 - 0x00007ffb17d30000 	C:\Program Files\Java\jdk-11.0.14\bin\verify.dll
0x00007ffb3a7a0000 - 0x00007ffb3a9c1000 	C:\WINDOWS\SYSTEM32\DBGHELP.DLL
0x00007ffb1c0a0000 - 0x00007ffb1c0d1000 	C:\WINDOWS\SYSTEM32\dbgcore.DLL
0x00007ffb3d030000 - 0x00007ffb3d0af000 	C:\WINDOWS\System32\bcryptPrimitives.dll
0x00007ffae42c0000 - 0x00007ffae42e8000 	C:\Program Files\Java\jdk-11.0.14\bin\java.dll
0x00007ffafa060000 - 0x00007ffafa06a000 	C:\Program Files\Java\jdk-11.0.14\bin\jimage.dll
0x00007ffb38ca0000 - 0x00007ffb38cae000 	C:\Program Files\Java\jdk-11.0.14\bin\instrument.dll
0x00007ffae5450000 - 0x00007ffae5466000 	C:\Program Files\Java\jdk-11.0.14\bin\zip.dll
0x00007ffb3ddb0000 - 0x00007ffb3e55f000 	C:\WINDOWS\System32\SHELL32.dll
0x00007ffb3adf0000 - 0x00007ffb3b658000 	C:\WINDOWS\SYSTEM32\windows.storage.dll
0x00007ffb3ee60000 - 0x00007ffb3f1d8000 	C:\WINDOWS\System32\combase.dll
0x00007ffb3ac80000 - 0x00007ffb3ade6000 	C:\WINDOWS\SYSTEM32\wintypes.dll
0x00007ffb3f280000 - 0x00007ffb3f36a000 	C:\WINDOWS\System32\SHCORE.dll
0x00007ffb3ee00000 - 0x00007ffb3ee5d000 	C:\WINDOWS\System32\shlwapi.dll
0x00007ffb3cbe0000 - 0x00007ffb3cc01000 	C:\WINDOWS\SYSTEM32\profapi.dll
0x00007ffae42a0000 - 0x00007ffae42b9000 	C:\Program Files\Java\jdk-11.0.14\bin\net.dll
0x00007ffb34120000 - 0x00007ffb3422c000 	C:\WINDOWS\SYSTEM32\WINHTTP.dll
0x00007ffb3c2d0000 - 0x00007ffb3c337000 	C:\WINDOWS\system32\mswsock.dll
0x00007ffae41c0000 - 0x00007ffae41d2000 	C:\Program Files\Java\jdk-11.0.14\bin\nio.dll
0x00007ffb10f40000 - 0x00007ffb10f5a000 	C:\Program Files\JetBrains\IntelliJ IDEA 2022.1\bin\breakgen64.dll
0x0000000069ac0000 - 0x0000000069ae4000 	C:\Users\Skander Boussorra\AppData\Local\Temp\jansi-2.4.0-c9db28e9e29671dd-jansi.dll

dbghelp: loaded successfully - version: 4.0.5 - missing functions: none
symbol engine: initialized successfully - sym options: 0x614 - pdb path: .;C:\Program Files\Java\jdk-11.0.14\bin;C:\WINDOWS\SYSTEM32;C:\WINDOWS\WinSxS\amd64_microsoft.windows.common-controls_6595b64144ccf1df_6.0.22000.120_none_9d947278b86cc467;C:\Program Files\Java\jdk-11.0.14\bin\server;C:\Program Files\JetBrains\IntelliJ IDEA 2022.1\bin;C:\Users\Skander Boussorra\AppData\Local\Temp

VM Arguments:
jvm_args: -Dmaven.multiModuleProjectDirectory=C:\Users\Skander Boussorra\Desktop\Projet DEVOPS\08_06_2022\restaurant-backend-devops\restaurant-backend-devops\order-MicroService -Dmaven.home=C:\Users\Skander Boussorra\.m2\wrapper\dists\apache-maven-3.8.4-bin\52ccbt68d252mdldqsfsn03jlf\apache-maven-3.8.4 -Dclassworlds.conf=C:\Users\Skander Boussorra\.m2\wrapper\dists\apache-maven-3.8.4-bin\52ccbt68d252mdldqsfsn03jlf\apache-maven-3.8.4\bin\m2.conf -Dmaven.ext.class.path=C:\Program Files\JetBrains\IntelliJ IDEA 2022.1\plugins\maven\lib\maven-event-listener.jar -javaagent:C:\Program Files\JetBrains\IntelliJ IDEA 2022.1\lib\idea_rt.jar=59063:C:\Program Files\JetBrains\IntelliJ IDEA 2022.1\bin -Dfile.encoding=UTF-8 
java_command: org.codehaus.classworlds.Launcher -Didea.version=2022.1 clean
java_class_path (initial): C:\Users\Skander Boussorra\.m2\wrapper\dists\apache-maven-3.8.4-bin\52ccbt68d252mdldqsfsn03jlf\apache-maven-3.8.4\boot\plexus-classworlds-2.6.0.jar;C:\Users\Skander Boussorra\.m2\wrapper\dists\apache-maven-3.8.4-bin\52ccbt68d252mdldqsfsn03jlf\apache-maven-3.8.4\boot\plexus-classworlds.license
Launcher Type: SUN_STANDARD

[Global flags]
     intx CICompilerCount                          = 4                                         {product} {ergonomic}
     uint ConcGCThreads                            = 2                                         {product} {ergonomic}
     uint G1ConcRefinementThreads                  = 8                                         {product} {ergonomic}
   size_t G1HeapRegionSize                         = 1048576                                   {product} {ergonomic}
    uintx GCDrainStackTargetSize                   = 64                                        {product} {ergonomic}
   size_t InitialHeapSize                          = 130023424                                 {product} {ergonomic}
   size_t MarkStackSize                            = 4194304                                   {product} {ergonomic}
   size_t MaxHeapSize                              = 2061500416                                {product} {ergonomic}
   size_t MaxNewSize                               = 1236271104                                {product} {ergonomic}
   size_t MinHeapDeltaBytes                        = 1048576                                   {product} {ergonomic}
    uintx NonNMethodCodeHeapSize                   = 5836300                                {pd product} {ergonomic}
    uintx NonProfiledCodeHeapSize                  = 122910970                              {pd product} {ergonomic}
    uintx ProfiledCodeHeapSize                     = 122910970                              {pd product} {ergonomic}
    uintx ReservedCodeCacheSize                    = 251658240                              {pd product} {ergonomic}
     bool SegmentedCodeCache                       = true                                      {product} {ergonomic}
     bool UseCompressedClassPointers               = true                                 {lp64_product} {ergonomic}
     bool UseCompressedOops                        = true                                 {lp64_product} {ergonomic}
     bool UseG1GC                                  = true                                      {product} {ergonomic}
     bool UseLargePagesIndividualAllocation        = false                                  {pd product} {ergonomic}

Logging:
Log output configuration:
 #0: stdout all=warning uptime,level,tags
 #1: stderr all=off uptime,level,tags

Environment Variables:
JAVA_HOME=C:\Program Files\Java\jdk-11.0.14
PATH=C:\Program Files (x86)\VMware\VMware Workstation\bin\;C:\WINDOWS\system32;C:\WINDOWS;C:\WINDOWS\System32\Wbem;C:\WINDOWS\System32\WindowsPowerShell\v1.0\;C:\WINDOWS\System32\OpenSSH\;C:\Program Files (x86)\Common Files\PCXTools;C:\Program Files\PuTTY\;C:\Program Files\Git\cmd;C:\Program Files\Docker\Docker\resources\bin;C:\ProgramData\DockerDesktop\version-bin;C:\Users\Skander Boussorra\AppData\Local\Microsoft\WindowsApps;C:\Program Files\JetBrains\IntelliJ IDEA 2022.1\bin;;C:\apache-maven-3.8.5\bin;C:\Program Files\Java\jdk-11.0.14\bin;C:\Program Files\apache-maven-3.5.0\bin;
USERNAME=Skander Boussorra
OS=Windows_NT
PROCESSOR_IDENTIFIER=Intel64 Family 6 Model 140 Stepping 1, GenuineIntel



---------------  S Y S T E M  ---------------

OS: Windows 11 , 64 bit Build 22000 (10.0.22000.675)
Hyper-V role detected

CPU:total 8 (initial active 8) (4 cores per cpu, 2 threads per core) family 6 model 140 stepping 1 microcode 0x86, cmov, cx8, fxsr, mmx, sse, sse2, sse3, ssse3, sse4.1, sse4.2, popcnt, avx, avx2, aes, clmul, erms, 3dnowpref, lzcnt, ht, tsc, tscinvbit, bmi1, bmi2, adx, evex, sha, fma

Memory: 4k page, system-wide physical 7859M (213M free)
TotalPageFile size 22978M (AvailPageFile size 12M)
current process WorkingSet (physical memory assigned to process): 112M, peak: 112M
current process commit charge ("private bytes"): 234M, peak: 234M

vm_info: Java HotSpot(TM) 64-Bit Server VM (11.0.14+8-LTS-263) for windows-amd64 JRE (11.0.14+8-LTS-263), built on Dec  7 2021 21:53:57 by "mach5one" with MS VC++ 15.9 (VS2017)

END.
