#
# There is insufficient memory for the Java Runtime Environment to continue.
# Native memory allocation (malloc) failed to allocate 168896 bytes for Chunk::new
# Possible reasons:
#   The system is out of physical RAM or swap space
#   The process is running with CompressedOops enabled, and the Java Heap may be blocking the growth of the native heap
# Possible solutions:
#   Reduce memory load on the system
#   Increase physical memory or swap space
#   Check if swap backing store is full
#   Decrease Java heap size (-Xmx/-Xms)
#   Decrease number of Java threads
#   Decrease Java thread stack sizes (-Xss)
#   Set larger code cache with -XX:ReservedCodeCacheSize=
#   JVM is running with Unscaled Compressed Oops mode in which the Java heap is
#     placed in the first 4GB address space. The Java Heap base address is the
#     maximum limit for the native heap growth. Please use -XX:HeapBaseMinAddress
#     to set the Java Heap base and to place the Java Heap above 4GB virtual address.
# This output file may be truncated or incomplete.
#
#  Out of Memory Error (./open/src/hotspot/share/memory/arena.cpp:197), pid=12800, tid=12996
#
# JRE version: Java(TM) SE Runtime Environment 18.9 (11.0.14+8) (build 11.0.14+8-LTS-263)
# Java VM: Java HotSpot(TM) 64-Bit Server VM 18.9 (11.0.14+8-LTS-263, mixed mode, tiered, compressed oops, g1 gc, windows-amd64)
# No core dump will be written. Minidumps are not enabled by default on client versions of Windows
#

---------------  S U M M A R Y ------------

Command Line: -Dmaven.multiModuleProjectDirectory=C:\Users\Skander Boussorra\Desktop\Projet DEVOPS\08_06_2022\restaurant-backend-devops\restaurant-backend-devops\order-MicroService -Dmaven.home=C:\Users\Skander Boussorra\.m2\wrapper\dists\apache-maven-3.8.4-bin\52ccbt68d252mdldqsfsn03jlf\apache-maven-3.8.4 -Dclassworlds.conf=C:\Users\Skander Boussorra\.m2\wrapper\dists\apache-maven-3.8.4-bin\52ccbt68d252mdldqsfsn03jlf\apache-maven-3.8.4\bin\m2.conf -Dmaven.ext.class.path=C:\Program Files\JetBrains\IntelliJ IDEA 2022.1\plugins\maven\lib\maven-event-listener.jar -javaagent:C:\Program Files\JetBrains\IntelliJ IDEA 2022.1\lib\idea_rt.jar=58913:C:\Program Files\JetBrains\IntelliJ IDEA 2022.1\bin -Dfile.encoding=UTF-8 org.codehaus.classworlds.Launcher -Didea.version=2022.1 install

Host: 11th Gen Intel(R) Core(TM) i5-1135G7 @ 2.40GHz, 8 cores, 7G,  Windows 11 , 64 bit Build 22000 (10.0.22000.675)
Time: Sat Jun 11 09:34:18 2022 Afr. centrale Ouest elapsed time: 9.205061 seconds (0d 0h 0m 9s)

---------------  T H R E A D  ---------------

Current thread (0x000002333e05f800):  JavaThread "C2 CompilerThread0" daemon [_thread_in_native, id=12996, stack(0x000000f9b5700000,0x000000f9b5800000)]


Current CompileTask:
C2:   9205 7995       4       sun.nio.cs.UTF_8$Encoder::encodeArrayLoop (489 bytes)

Stack: [0x000000f9b5700000,0x000000f9b5800000]
Native frames: (J=compiled Java code, j=interpreted, Vv=VM code, C=native code)
V  [jvm.dll+0x6296da]
V  [jvm.dll+0x76323f]
V  [jvm.dll+0x7648e9]
V  [jvm.dll+0x764f73]
V  [jvm.dll+0x23d7c8]
V  [jvm.dll+0xb297c]
V  [jvm.dll+0xb2f3c]
V  [jvm.dll+0x2ae594]
V  [jvm.dll+0x53cec6]
V  [jvm.dll+0x20069d]
V  [jvm.dll+0x1fa44a]
V  [jvm.dll+0x1f742d]
V  [jvm.dll+0x177b21]
V  [jvm.dll+0x206e26]
V  [jvm.dll+0x204fbb]
V  [jvm.dll+0x729170]
V  [jvm.dll+0x721d44]
V  [jvm.dll+0x6285d6]
C  [ucrtbase.dll+0x26c0c]
C  [KERNEL32.DLL+0x154e0]
C  [ntdll.dll+0x485b]


---------------  P R O C E S S  ---------------

Threads class SMR info:
_java_thread_list=0x0000023341f70c30, length=22, elements={
0x000002332032c000, 0x000002333e041000, 0x000002333e043000, 0x000002333e9f2800,
0x000002333e05e000, 0x000002333e05e800, 0x000002333e05f800, 0x000002333e064000,
0x000002333e065800, 0x000002333eb46000, 0x000002333ed4d800, 0x0000023342100800,
0x00000233415df000, 0x0000023343066000, 0x0000023341de5800, 0x0000023343066800,
0x0000023341edf800, 0x0000023341ee0800, 0x0000023342c76800, 0x0000023342f83800,
0x0000023342f82000, 0x0000023342f84800
}

Java Threads: ( => current thread )
  0x000002332032c000 JavaThread "main" [_thread_in_native, id=17340, stack(0x000000f9b4b00000,0x000000f9b4c00000)]
  0x000002333e041000 JavaThread "Reference Handler" daemon [_thread_blocked, id=16664, stack(0x000000f9b5200000,0x000000f9b5300000)]
  0x000002333e043000 JavaThread "Finalizer" daemon [_thread_blocked, id=4976, stack(0x000000f9b5300000,0x000000f9b5400000)]
  0x000002333e9f2800 JavaThread "Signal Dispatcher" daemon [_thread_blocked, id=1944, stack(0x000000f9b5400000,0x000000f9b5500000)]
  0x000002333e05e000 JavaThread "Attach Listener" daemon [_thread_blocked, id=23564, stack(0x000000f9b5500000,0x000000f9b5600000)]
  0x000002333e05e800 JavaThread "Service Thread" daemon [_thread_blocked, id=7620, stack(0x000000f9b5600000,0x000000f9b5700000)]
=>0x000002333e05f800 JavaThread "C2 CompilerThread0" daemon [_thread_in_native, id=12996, stack(0x000000f9b5700000,0x000000f9b5800000)]
  0x000002333e064000 JavaThread "C1 CompilerThread0" daemon [_thread_blocked, id=24032, stack(0x000000f9b5800000,0x000000f9b5900000)]
  0x000002333e065800 JavaThread "Sweeper thread" daemon [_thread_blocked, id=3960, stack(0x000000f9b5900000,0x000000f9b5a00000)]
  0x000002333eb46000 JavaThread "Common-Cleaner" daemon [_thread_blocked, id=13124, stack(0x000000f9b5a00000,0x000000f9b5b00000)]
  0x000002333ed4d800 JavaThread "Monitor Ctrl-Break" daemon [_thread_in_native, id=15052, stack(0x000000f9b5b00000,0x000000f9b5c00000)]
  0x0000023342100800 JavaThread "resolver-1" daemon [_thread_blocked, id=8832, stack(0x000000f9b6400000,0x000000f9b6500000)]
  0x00000233415df000 JavaThread "resolver-2" daemon [_thread_blocked, id=5796, stack(0x000000f9b6500000,0x000000f9b6600000)]
  0x0000023343066000 JavaThread "resolver-3" daemon [_thread_blocked, id=24316, stack(0x000000f9b6600000,0x000000f9b6700000)]
  0x0000023341de5800 JavaThread "resolver-4" daemon [_thread_blocked, id=14444, stack(0x000000f9b6700000,0x000000f9b6800000)]
  0x0000023343066800 JavaThread "resolver-5" daemon [_thread_blocked, id=23352, stack(0x000000f9b6800000,0x000000f9b6900000)]
  0x0000023341edf800 JavaThread "timeout-check-timer" daemon [_thread_blocked, id=8664, stack(0x000000f9b6900000,0x000000f9b6a00000)]
  0x0000023341ee0800 JavaThread "ping-timer-10s" daemon [_thread_blocked, id=12404, stack(0x000000f9b6a00000,0x000000f9b6b00000)]
  0x0000023342c76800 JavaThread "ThreadedStreamConsumer" daemon [_thread_blocked, id=23112, stack(0x000000f9b6b00000,0x000000f9b6c00000)]
  0x0000023342f83800 JavaThread "Thread-2" [_thread_blocked, id=24548, stack(0x000000f9b6c00000,0x000000f9b6d00000)]
  0x0000023342f82000 JavaThread "Thread-3" [_thread_in_native, id=7056, stack(0x000000f9b6d00000,0x000000f9b6e00000)]
  0x0000023342f84800 JavaThread "Thread-4" [_thread_in_native, id=22000, stack(0x000000f9b6e00000,0x000000f9b6f00000)]

Other Threads:
  0x000002333e01f000 VMThread "VM Thread" [stack: 0x000000f9b5100000,0x000000f9b5200000] [id=23060]
  0x000002333ed50000 WatcherThread [stack: 0x000000f9b5c00000,0x000000f9b5d00000] [id=14828]
  0x0000023320340000 GCTaskThread "GC Thread#0" [stack: 0x000000f9b4c00000,0x000000f9b4d00000] [id=17900]
  0x000002333f22d800 GCTaskThread "GC Thread#1" [stack: 0x000000f9b5d00000,0x000000f9b5e00000] [id=24508]
  0x0000023341f75800 GCTaskThread "GC Thread#2" [stack: 0x000000f9b6300000,0x000000f9b6400000] [id=11852]
  0x0000023320370800 ConcurrentGCThread "G1 Main Marker" [stack: 0x000000f9b4d00000,0x000000f9b4e00000] [id=6780]
  0x0000023320372000 ConcurrentGCThread "G1 Conc#0" [stack: 0x000000f9b4e00000,0x000000f9b4f00000] [id=20120]
  0x00000233416dc800 ConcurrentGCThread "G1 Conc#1" [stack: 0x000000f9b5e00000,0x000000f9b5f00000] [id=4368]
  0x0000023320406800 ConcurrentGCThread "G1 Refine#0" [stack: 0x000000f9b4f00000,0x000000f9b5000000] [id=1044]
  0x0000023341916000 ConcurrentGCThread "G1 Refine#1" [stack: 0x000000f9b5f00000,0x000000f9b6000000] [id=24304]
  0x000002334201c000 ConcurrentGCThread "G1 Refine#2" [stack: 0x000000f9b6000000,0x000000f9b6100000] [id=12476]
  0x0000023341e88000 ConcurrentGCThread "G1 Refine#3" [stack: 0x000000f9b6100000,0x000000f9b6200000] [id=19144]
  0x0000023341f8c000 ConcurrentGCThread "G1 Refine#4" [stack: 0x000000f9b6200000,0x000000f9b6300000] [id=496]
  0x0000023320407800 ConcurrentGCThread "G1 Young RemSet Sampling" [stack: 0x000000f9b5000000,0x000000f9b5100000] [id=3440]

Threads with active compile tasks:
C2 CompilerThread0   9226 7995       4       sun.nio.cs.UTF_8$Encoder::encodeArrayLoop (489 bytes)

VM state:not at safepoint (normal execution)

VM Mutex/Monitor currently owned by a thread: None

Heap address: 0x0000000085200000, size: 1966 MB, Compressed Oops mode: 32-bit
Narrow klass base: 0x0000000000000000, Narrow klass shift: 3
Compressed class space size: 1073741824 Address: 0x0000000100000000

Heap:
 garbage-first heap   total 183296K, used 90112K [0x0000000085200000, 0x0000000100000000)
  region size 1024K, 26 young (26624K), 3 survivors (3072K)
 Metaspace       used 40366K, capacity 41346K, committed 41648K, reserved 1087488K
  class space    used 4156K, capacity 4528K, committed 4608K, reserved 1048576K
Heap Regions: E=young(eden), S=young(survivor), O=old, HS=humongous(starts), HC=humongous(continues), CS=collection set, F=free, A=archive, TAMS=top-at-mark-start (previous, next)
|   0|0x0000000085200000, 0x0000000085300000, 0x0000000085300000|100%| O|  |TAMS 0x0000000085300000, 0x0000000085200000| Untracked 
|   1|0x0000000085300000, 0x0000000085400000, 0x0000000085400000|100%| O|  |TAMS 0x0000000085400000, 0x0000000085300000| Untracked 
|   2|0x0000000085400000, 0x0000000085500000, 0x0000000085500000|100%| O|  |TAMS 0x0000000085500000, 0x0000000085400000| Untracked 
|   3|0x0000000085500000, 0x0000000085600000, 0x0000000085600000|100%| O|  |TAMS 0x0000000085600000, 0x0000000085500000| Untracked 
|   4|0x0000000085600000, 0x0000000085700000, 0x0000000085700000|100%| O|  |TAMS 0x0000000085700000, 0x0000000085600000| Untracked 
|   5|0x0000000085700000, 0x0000000085800000, 0x0000000085800000|100%| O|  |TAMS 0x0000000085800000, 0x0000000085700000| Untracked 
|   6|0x0000000085800000, 0x0000000085900000, 0x0000000085900000|100%| O|  |TAMS 0x0000000085900000, 0x0000000085800000| Untracked 
|   7|0x0000000085900000, 0x0000000085a00000, 0x0000000085a00000|100%| O|  |TAMS 0x0000000085a00000, 0x0000000085900000| Untracked 
|   8|0x0000000085a00000, 0x0000000085b00000, 0x0000000085b00000|100%| O|  |TAMS 0x0000000085b00000, 0x0000000085a00000| Untracked 
|   9|0x0000000085b00000, 0x0000000085c00000, 0x0000000085c00000|100%|HS|  |TAMS 0x0000000085c00000, 0x0000000085b00000| Complete 
|  10|0x0000000085c00000, 0x0000000085c00000, 0x0000000085d00000|  0%| F|  |TAMS 0x0000000085c00000, 0x0000000085c00000| Untracked 
|  11|0x0000000085d00000, 0x0000000085e00000, 0x0000000085e00000|100%|HS|  |TAMS 0x0000000085e00000, 0x0000000085d00000| Complete 
|  12|0x0000000085e00000, 0x0000000085f00000, 0x0000000085f00000|100%| O|  |TAMS 0x0000000085f00000, 0x0000000085e00000| Untracked 
|  13|0x0000000085f00000, 0x0000000086000000, 0x0000000086000000|100%| O|  |TAMS 0x0000000086000000, 0x0000000085f00000| Untracked 
|  14|0x0000000086000000, 0x0000000086100000, 0x0000000086100000|100%| O|  |TAMS 0x0000000086100000, 0x0000000086000000| Untracked 
|  15|0x0000000086100000, 0x0000000086200000, 0x0000000086200000|100%| O|  |TAMS 0x0000000086200000, 0x0000000086100000| Untracked 
|  16|0x0000000086200000, 0x0000000086300000, 0x0000000086300000|100%| O|  |TAMS 0x0000000086300000, 0x0000000086200000| Untracked 
|  17|0x0000000086300000, 0x0000000086400000, 0x0000000086400000|100%| O|  |TAMS 0x0000000086400000, 0x0000000086300000| Untracked 
|  18|0x0000000086400000, 0x0000000086500000, 0x0000000086500000|100%| O|  |TAMS 0x0000000086500000, 0x0000000086400000| Untracked 
|  19|0x0000000086500000, 0x0000000086600000, 0x0000000086600000|100%| O|  |TAMS 0x0000000086600000, 0x0000000086500000| Untracked 
|  20|0x0000000086600000, 0x0000000086700000, 0x0000000086700000|100%| O|  |TAMS 0x0000000086700000, 0x0000000086600000| Untracked 
|  21|0x0000000086700000, 0x0000000086800000, 0x0000000086800000|100%| O|  |TAMS 0x0000000086800000, 0x0000000086700000| Untracked 
|  22|0x0000000086800000, 0x0000000086900000, 0x0000000086900000|100%| O|  |TAMS 0x0000000086900000, 0x0000000086800000| Untracked 
|  23|0x0000000086900000, 0x0000000086a00000, 0x0000000086a00000|100%| O|  |TAMS 0x0000000086a00000, 0x0000000086900000| Untracked 
|  24|0x0000000086a00000, 0x0000000086b00000, 0x0000000086b00000|100%| O|  |TAMS 0x0000000086b00000, 0x0000000086a00000| Untracked 
|  25|0x0000000086b00000, 0x0000000086c00000, 0x0000000086c00000|100%| O|  |TAMS 0x0000000086c00000, 0x0000000086b00000| Untracked 
|  26|0x0000000086c00000, 0x0000000086d00000, 0x0000000086d00000|100%| O|  |TAMS 0x0000000086d00000, 0x0000000086c00000| Untracked 
|  27|0x0000000086d00000, 0x0000000086e00000, 0x0000000086e00000|100%| O|  |TAMS 0x0000000086e00000, 0x0000000086d00000| Untracked 
|  28|0x0000000086e00000, 0x0000000086f00000, 0x0000000086f00000|100%| O|  |TAMS 0x0000000086f00000, 0x0000000086e00000| Untracked 
|  29|0x0000000086f00000, 0x0000000087000000, 0x0000000087000000|100%| O|  |TAMS 0x0000000087000000, 0x0000000086f00000| Untracked 
|  30|0x0000000087000000, 0x0000000087100000, 0x0000000087100000|100%| O|  |TAMS 0x0000000087100000, 0x0000000087000000| Untracked 
|  31|0x0000000087100000, 0x0000000087200000, 0x0000000087200000|100%| O|  |TAMS 0x0000000087200000, 0x0000000087100000| Untracked 
|  32|0x0000000087200000, 0x0000000087300000, 0x0000000087300000|100%| O|  |TAMS 0x0000000087300000, 0x0000000087200000| Untracked 
|  33|0x0000000087300000, 0x0000000087400000, 0x0000000087400000|100%| O|  |TAMS 0x0000000087400000, 0x0000000087300000| Untracked 
|  34|0x0000000087400000, 0x0000000087500000, 0x0000000087500000|100%| O|  |TAMS 0x0000000087500000, 0x0000000087400000| Untracked 
|  35|0x0000000087500000, 0x0000000087600000, 0x0000000087600000|100%| O|  |TAMS 0x0000000087600000, 0x0000000087500000| Untracked 
|  36|0x0000000087600000, 0x0000000087700000, 0x0000000087700000|100%| O|  |TAMS 0x0000000087700000, 0x0000000087600000| Untracked 
|  37|0x0000000087700000, 0x0000000087800000, 0x0000000087800000|100%| O|  |TAMS 0x0000000087800000, 0x0000000087700000| Untracked 
|  38|0x0000000087800000, 0x0000000087900000, 0x0000000087900000|100%| O|  |TAMS 0x0000000087900000, 0x0000000087800000| Untracked 
|  39|0x0000000087900000, 0x0000000087a00000, 0x0000000087a00000|100%| O|  |TAMS 0x0000000087980000, 0x0000000087900000| Untracked 
|  40|0x0000000087a00000, 0x0000000087b00000, 0x0000000087b00000|100%|HS|  |TAMS 0x0000000087a00000, 0x0000000087a00000| Complete 
|  41|0x0000000087b00000, 0x0000000087c00000, 0x0000000087c00000|100%| O|  |TAMS 0x0000000087b00000, 0x0000000087b00000| Untracked 
|  42|0x0000000087c00000, 0x0000000087d00000, 0x0000000087d00000|100%| O|  |TAMS 0x0000000087c00000, 0x0000000087c00000| Untracked 
|  43|0x0000000087d00000, 0x0000000087e00000, 0x0000000087e00000|100%| O|  |TAMS 0x0000000087d00000, 0x0000000087d00000| Untracked 
|  44|0x0000000087e00000, 0x0000000087f00000, 0x0000000087f00000|100%| O|  |TAMS 0x0000000087e00000, 0x0000000087e00000| Untracked 
|  45|0x0000000087f00000, 0x0000000088000000, 0x0000000088000000|100%| O|  |TAMS 0x0000000087f00000, 0x0000000087f00000| Untracked 
|  46|0x0000000088000000, 0x0000000088100000, 0x0000000088100000|100%| O|  |TAMS 0x0000000088000000, 0x0000000088000000| Untracked 
|  47|0x0000000088100000, 0x0000000088200000, 0x0000000088200000|100%| O|  |TAMS 0x0000000088100000, 0x0000000088100000| Untracked 
|  48|0x0000000088200000, 0x0000000088300000, 0x0000000088300000|100%| O|  |TAMS 0x0000000088200000, 0x0000000088200000| Untracked 
|  49|0x0000000088300000, 0x0000000088400000, 0x0000000088400000|100%| O|  |TAMS 0x0000000088300000, 0x0000000088300000| Untracked 
|  50|0x0000000088400000, 0x0000000088500000, 0x0000000088500000|100%| O|  |TAMS 0x0000000088400000, 0x0000000088400000| Untracked 
|  51|0x0000000088500000, 0x0000000088600000, 0x0000000088600000|100%| O|  |TAMS 0x0000000088500000, 0x0000000088500000| Untracked 
|  52|0x0000000088600000, 0x0000000088700000, 0x0000000088700000|100%| O|  |TAMS 0x0000000088600000, 0x0000000088600000| Untracked 
|  53|0x0000000088700000, 0x0000000088800000, 0x0000000088800000|100%| O|  |TAMS 0x0000000088700000, 0x0000000088700000| Untracked 
|  54|0x0000000088800000, 0x0000000088900000, 0x0000000088900000|100%| O|  |TAMS 0x0000000088800000, 0x0000000088800000| Untracked 
|  55|0x0000000088900000, 0x0000000088a00000, 0x0000000088a00000|100%| O|  |TAMS 0x0000000088900000, 0x0000000088900000| Untracked 
|  56|0x0000000088a00000, 0x0000000088b00000, 0x0000000088b00000|100%| O|  |TAMS 0x0000000088a00000, 0x0000000088a00000| Untracked 
|  57|0x0000000088b00000, 0x0000000088c00000, 0x0000000088c00000|100%| O|  |TAMS 0x0000000088b00000, 0x0000000088b00000| Untracked 
|  58|0x0000000088c00000, 0x0000000088d00000, 0x0000000088d00000|100%| O|  |TAMS 0x0000000088c00000, 0x0000000088c00000| Untracked 
|  59|0x0000000088d00000, 0x0000000088e00000, 0x0000000088e00000|100%| O|  |TAMS 0x0000000088d00000, 0x0000000088d00000| Untracked 
|  60|0x0000000088e00000, 0x0000000088f00000, 0x0000000088f00000|100%| O|  |TAMS 0x0000000088e00000, 0x0000000088e00000| Untracked 
|  61|0x0000000088f00000, 0x0000000089000000, 0x0000000089000000|100%| O|  |TAMS 0x0000000088f00000, 0x0000000088f00000| Untracked 
|  62|0x0000000089000000, 0x0000000089100000, 0x0000000089100000|100%| O|  |TAMS 0x0000000089000000, 0x0000000089000000| Untracked 
|  63|0x0000000089100000, 0x0000000089200000, 0x0000000089200000|100%| O|  |TAMS 0x0000000089100000, 0x0000000089100000| Untracked 
|  64|0x0000000089200000, 0x0000000089200000, 0x0000000089300000|  0%| F|  |TAMS 0x0000000089200000, 0x0000000089200000| Untracked 
|  65|0x0000000089300000, 0x0000000089300000, 0x0000000089400000|  0%| F|  |TAMS 0x0000000089300000, 0x0000000089300000| Untracked 
|  66|0x0000000089400000, 0x0000000089400000, 0x0000000089500000|  0%| F|  |TAMS 0x0000000089400000, 0x0000000089400000| Untracked 
|  67|0x0000000089500000, 0x0000000089500000, 0x0000000089600000|  0%| F|  |TAMS 0x0000000089500000, 0x0000000089500000| Untracked 
|  68|0x0000000089600000, 0x0000000089600000, 0x0000000089700000|  0%| F|  |TAMS 0x0000000089600000, 0x0000000089600000| Untracked 
|  69|0x0000000089700000, 0x0000000089700000, 0x0000000089800000|  0%| F|  |TAMS 0x0000000089700000, 0x0000000089700000| Untracked 
|  70|0x0000000089800000, 0x0000000089800000, 0x0000000089900000|  0%| F|  |TAMS 0x0000000089800000, 0x0000000089800000| Untracked 
|  71|0x0000000089900000, 0x0000000089900000, 0x0000000089a00000|  0%| F|  |TAMS 0x0000000089900000, 0x0000000089900000| Untracked 
|  72|0x0000000089a00000, 0x0000000089a00000, 0x0000000089b00000|  0%| F|  |TAMS 0x0000000089a00000, 0x0000000089a00000| Untracked 
|  73|0x0000000089b00000, 0x0000000089b00000, 0x0000000089c00000|  0%| F|  |TAMS 0x0000000089b00000, 0x0000000089b00000| Untracked 
|  74|0x0000000089c00000, 0x0000000089c00000, 0x0000000089d00000|  0%| F|  |TAMS 0x0000000089c00000, 0x0000000089c00000| Untracked 
|  75|0x0000000089d00000, 0x0000000089d00000, 0x0000000089e00000|  0%| F|  |TAMS 0x0000000089d00000, 0x0000000089d00000| Untracked 
|  76|0x0000000089e00000, 0x0000000089e00000, 0x0000000089f00000|  0%| F|  |TAMS 0x0000000089e00000, 0x0000000089e00000| Untracked 
|  77|0x0000000089f00000, 0x0000000089f00000, 0x000000008a000000|  0%| F|  |TAMS 0x0000000089f00000, 0x0000000089f00000| Untracked 
|  78|0x000000008a000000, 0x000000008a000000, 0x000000008a100000|  0%| F|  |TAMS 0x000000008a000000, 0x000000008a000000| Untracked 
|  79|0x000000008a100000, 0x000000008a100000, 0x000000008a200000|  0%| F|  |TAMS 0x000000008a100000, 0x000000008a100000| Untracked 
|  80|0x000000008a200000, 0x000000008a200000, 0x000000008a300000|  0%| F|  |TAMS 0x000000008a200000, 0x000000008a200000| Untracked 
|  81|0x000000008a300000, 0x000000008a300000, 0x000000008a400000|  0%| F|  |TAMS 0x000000008a300000, 0x000000008a300000| Untracked 
|  82|0x000000008a400000, 0x000000008a400000, 0x000000008a500000|  0%| F|  |TAMS 0x000000008a400000, 0x000000008a400000| Untracked 
|  83|0x000000008a500000, 0x000000008a500000, 0x000000008a600000|  0%| F|  |TAMS 0x000000008a500000, 0x000000008a500000| Untracked 
|  84|0x000000008a600000, 0x000000008a600000, 0x000000008a700000|  0%| F|  |TAMS 0x000000008a600000, 0x000000008a600000| Untracked 
|  85|0x000000008a700000, 0x000000008a700000, 0x000000008a800000|  0%| F|  |TAMS 0x000000008a700000, 0x000000008a700000| Untracked 
|  86|0x000000008a800000, 0x000000008a800000, 0x000000008a900000|  0%| F|  |TAMS 0x000000008a800000, 0x000000008a800000| Untracked 
|  87|0x000000008a900000, 0x000000008a900000, 0x000000008aa00000|  0%| F|  |TAMS 0x000000008a900000, 0x000000008a900000| Untracked 
|  88|0x000000008aa00000, 0x000000008aa00000, 0x000000008ab00000|  0%| F|  |TAMS 0x000000008aa00000, 0x000000008aa00000| Untracked 
|  89|0x000000008ab00000, 0x000000008ab00000, 0x000000008ac00000|  0%| F|  |TAMS 0x000000008ab00000, 0x000000008ab00000| Untracked 
|  90|0x000000008ac00000, 0x000000008ac00000, 0x000000008ad00000|  0%| F|  |TAMS 0x000000008ac00000, 0x000000008ac00000| Untracked 
|  91|0x000000008ad00000, 0x000000008ad00000, 0x000000008ae00000|  0%| F|  |TAMS 0x000000008ad00000, 0x000000008ad00000| Untracked 
|  92|0x000000008ae00000, 0x000000008ae00000, 0x000000008af00000|  0%| F|  |TAMS 0x000000008ae00000, 0x000000008ae00000| Untracked 
|  93|0x000000008af00000, 0x000000008af00000, 0x000000008b000000|  0%| F|  |TAMS 0x000000008af00000, 0x000000008af00000| Untracked 
|  94|0x000000008b000000, 0x000000008b000000, 0x000000008b100000|  0%| F|  |TAMS 0x000000008b000000, 0x000000008b000000| Untracked 
|  95|0x000000008b100000, 0x000000008b100000, 0x000000008b200000|  0%| F|  |TAMS 0x000000008b100000, 0x000000008b100000| Untracked 
|  96|0x000000008b200000, 0x000000008b200000, 0x000000008b300000|  0%| F|  |TAMS 0x000000008b200000, 0x000000008b200000| Untracked 
|  97|0x000000008b300000, 0x000000008b300000, 0x000000008b400000|  0%| F|  |TAMS 0x000000008b300000, 0x000000008b300000| Untracked 
|  98|0x000000008b400000, 0x000000008b400000, 0x000000008b500000|  0%| F|  |TAMS 0x000000008b400000, 0x000000008b400000| Untracked 
|  99|0x000000008b500000, 0x000000008b500000, 0x000000008b600000|  0%| F|  |TAMS 0x000000008b500000, 0x000000008b500000| Untracked 
| 100|0x000000008b600000, 0x000000008b600000, 0x000000008b700000|  0%| F|  |TAMS 0x000000008b600000, 0x000000008b600000| Untracked 
| 101|0x000000008b700000, 0x000000008b800000, 0x000000008b800000|100%| S|CS|TAMS 0x000000008b700000, 0x000000008b700000| Complete 
| 102|0x000000008b800000, 0x000000008b900000, 0x000000008b900000|100%| S|CS|TAMS 0x000000008b800000, 0x000000008b800000| Complete 
| 103|0x000000008b900000, 0x000000008ba00000, 0x000000008ba00000|100%| S|CS|TAMS 0x000000008b900000, 0x000000008b900000| Complete 
| 104|0x000000008ba00000, 0x000000008ba00000, 0x000000008bb00000|  0%| F|  |TAMS 0x000000008ba00000, 0x000000008ba00000| Untracked 
| 105|0x000000008bb00000, 0x000000008bb00000, 0x000000008bc00000|  0%| F|  |TAMS 0x000000008bb00000, 0x000000008bb00000| Untracked 
| 106|0x000000008bc00000, 0x000000008bc00000, 0x000000008bd00000|  0%| F|  |TAMS 0x000000008bc00000, 0x000000008bc00000| Untracked 
| 107|0x000000008bd00000, 0x000000008bd00000, 0x000000008be00000|  0%| F|  |TAMS 0x000000008bd00000, 0x000000008bd00000| Untracked 
| 108|0x000000008be00000, 0x000000008be00000, 0x000000008bf00000|  0%| F|  |TAMS 0x000000008be00000, 0x000000008be00000| Untracked 
| 109|0x000000008bf00000, 0x000000008bf00000, 0x000000008c000000|  0%| F|  |TAMS 0x000000008bf00000, 0x000000008bf00000| Untracked 
| 110|0x000000008c000000, 0x000000008c000000, 0x000000008c100000|  0%| F|  |TAMS 0x000000008c000000, 0x000000008c000000| Untracked 
| 111|0x000000008c100000, 0x000000008c100000, 0x000000008c200000|  0%| F|  |TAMS 0x000000008c100000, 0x000000008c100000| Untracked 
| 112|0x000000008c200000, 0x000000008c200000, 0x000000008c300000|  0%| F|  |TAMS 0x000000008c200000, 0x000000008c200000| Untracked 
| 113|0x000000008c300000, 0x000000008c300000, 0x000000008c400000|  0%| F|  |TAMS 0x000000008c300000, 0x000000008c300000| Untracked 
| 114|0x000000008c400000, 0x000000008c400000, 0x000000008c500000|  0%| F|  |TAMS 0x000000008c400000, 0x000000008c400000| Untracked 
| 115|0x000000008c500000, 0x000000008c500000, 0x000000008c600000|  0%| F|  |TAMS 0x000000008c500000, 0x000000008c500000| Untracked 
| 116|0x000000008c600000, 0x000000008c600000, 0x000000008c700000|  0%| F|  |TAMS 0x000000008c600000, 0x000000008c600000| Untracked 
| 117|0x000000008c700000, 0x000000008c700000, 0x000000008c800000|  0%| F|  |TAMS 0x000000008c700000, 0x000000008c700000| Untracked 
| 118|0x000000008c800000, 0x000000008c800000, 0x000000008c900000|  0%| F|  |TAMS 0x000000008c800000, 0x000000008c800000| Untracked 
| 119|0x000000008c900000, 0x000000008c900000, 0x000000008ca00000|  0%| F|  |TAMS 0x000000008c900000, 0x000000008c900000| Untracked 
| 120|0x000000008ca00000, 0x000000008ca00000, 0x000000008cb00000|  0%| F|  |TAMS 0x000000008ca00000, 0x000000008ca00000| Untracked 
| 121|0x000000008cb00000, 0x000000008cb00000, 0x000000008cc00000|  0%| F|  |TAMS 0x000000008cb00000, 0x000000008cb00000| Untracked 
| 122|0x000000008cc00000, 0x000000008cc00000, 0x000000008cd00000|  0%| F|  |TAMS 0x000000008cc00000, 0x000000008cc00000| Untracked 
| 123|0x000000008cd00000, 0x000000008cd00000, 0x000000008ce00000|  0%| F|  |TAMS 0x000000008cd00000, 0x000000008cd00000| Untracked 
| 124|0x000000008ce00000, 0x000000008ce00000, 0x000000008cf00000|  0%| F|  |TAMS 0x000000008ce00000, 0x000000008ce00000| Untracked 
| 125|0x000000008cf00000, 0x000000008cf00000, 0x000000008d000000|  0%| F|  |TAMS 0x000000008cf00000, 0x000000008cf00000| Untracked 
| 126|0x000000008d000000, 0x000000008d000000, 0x000000008d100000|  0%| F|  |TAMS 0x000000008d000000, 0x000000008d000000| Untracked 
| 127|0x000000008d100000, 0x000000008d100000, 0x000000008d200000|  0%| F|  |TAMS 0x000000008d100000, 0x000000008d100000| Untracked 
| 128|0x000000008d200000, 0x000000008d200000, 0x000000008d300000|  0%| F|  |TAMS 0x000000008d200000, 0x000000008d200000| Untracked 
| 129|0x000000008d300000, 0x000000008d300000, 0x000000008d400000|  0%| F|  |TAMS 0x000000008d300000, 0x000000008d300000| Untracked 
| 130|0x000000008d400000, 0x000000008d400000, 0x000000008d500000|  0%| F|  |TAMS 0x000000008d400000, 0x000000008d400000| Untracked 
| 131|0x000000008d500000, 0x000000008d500000, 0x000000008d600000|  0%| F|  |TAMS 0x000000008d500000, 0x000000008d500000| Untracked 
| 132|0x000000008d600000, 0x000000008d600000, 0x000000008d700000|  0%| F|  |TAMS 0x000000008d600000, 0x000000008d600000| Untracked 
| 133|0x000000008d700000, 0x000000008d700000, 0x000000008d800000|  0%| F|  |TAMS 0x000000008d700000, 0x000000008d700000| Untracked 
| 134|0x000000008d800000, 0x000000008d800000, 0x000000008d900000|  0%| F|  |TAMS 0x000000008d800000, 0x000000008d800000| Untracked 
| 135|0x000000008d900000, 0x000000008d900000, 0x000000008da00000|  0%| F|  |TAMS 0x000000008d900000, 0x000000008d900000| Untracked 
| 136|0x000000008da00000, 0x000000008da00000, 0x000000008db00000|  0%| F|  |TAMS 0x000000008da00000, 0x000000008da00000| Untracked 
| 137|0x000000008db00000, 0x000000008db00000, 0x000000008dc00000|  0%| F|  |TAMS 0x000000008db00000, 0x000000008db00000| Untracked 
| 138|0x000000008dc00000, 0x000000008dc00000, 0x000000008dd00000|  0%| F|  |TAMS 0x000000008dc00000, 0x000000008dc00000| Untracked 
| 139|0x000000008dd00000, 0x000000008dd00000, 0x000000008de00000|  0%| F|  |TAMS 0x000000008dd00000, 0x000000008dd00000| Untracked 
| 140|0x000000008de00000, 0x000000008de00000, 0x000000008df00000|  0%| F|  |TAMS 0x000000008de00000, 0x000000008de00000| Untracked 
| 141|0x000000008df00000, 0x000000008df00000, 0x000000008e000000|  0%| F|  |TAMS 0x000000008df00000, 0x000000008df00000| Untracked 
| 142|0x000000008e000000, 0x000000008e000000, 0x000000008e100000|  0%| F|  |TAMS 0x000000008e000000, 0x000000008e000000| Untracked 
| 143|0x000000008e100000, 0x000000008e100000, 0x000000008e200000|  0%| F|  |TAMS 0x000000008e100000, 0x000000008e100000| Untracked 
| 144|0x000000008e200000, 0x000000008e200000, 0x000000008e300000|  0%| F|  |TAMS 0x000000008e200000, 0x000000008e200000| Untracked 
| 145|0x000000008e300000, 0x000000008e300000, 0x000000008e400000|  0%| F|  |TAMS 0x000000008e300000, 0x000000008e300000| Untracked 
| 146|0x000000008e400000, 0x000000008e400000, 0x000000008e500000|  0%| F|  |TAMS 0x000000008e400000, 0x000000008e400000| Untracked 
| 147|0x000000008e500000, 0x000000008e500000, 0x000000008e600000|  0%| F|  |TAMS 0x000000008e500000, 0x000000008e500000| Untracked 
| 148|0x000000008e600000, 0x000000008e600000, 0x000000008e700000|  0%| F|  |TAMS 0x000000008e600000, 0x000000008e600000| Untracked 
| 149|0x000000008e700000, 0x000000008e700000, 0x000000008e800000|  0%| F|  |TAMS 0x000000008e700000, 0x000000008e700000| Untracked 
| 150|0x000000008e800000, 0x000000008e800000, 0x000000008e900000|  0%| F|  |TAMS 0x000000008e800000, 0x000000008e800000| Untracked 
| 151|0x000000008e900000, 0x000000008e900000, 0x000000008ea00000|  0%| F|  |TAMS 0x000000008e900000, 0x000000008e900000| Untracked 
| 152|0x000000008ea00000, 0x000000008ea00000, 0x000000008eb00000|  0%| F|  |TAMS 0x000000008ea00000, 0x000000008ea00000| Untracked 
| 153|0x000000008eb00000, 0x000000008eb00000, 0x000000008ec00000|  0%| F|  |TAMS 0x000000008eb00000, 0x000000008eb00000| Untracked 
| 154|0x000000008ec00000, 0x000000008ec00000, 0x000000008ed00000|  0%| F|  |TAMS 0x000000008ec00000, 0x000000008ec00000| Untracked 
| 155|0x000000008ed00000, 0x000000008ed00000, 0x000000008ee00000|  0%| F|  |TAMS 0x000000008ed00000, 0x000000008ed00000| Untracked 
| 156|0x000000008ee00000, 0x000000008ef00000, 0x000000008ef00000|100%| E|  |TAMS 0x000000008ee00000, 0x000000008ee00000| Complete 
| 157|0x000000008ef00000, 0x000000008f000000, 0x000000008f000000|100%| E|CS|TAMS 0x000000008ef00000, 0x000000008ef00000| Complete 
| 158|0x000000008f000000, 0x000000008f100000, 0x000000008f100000|100%| E|CS|TAMS 0x000000008f000000, 0x000000008f000000| Complete 
| 159|0x000000008f100000, 0x000000008f200000, 0x000000008f200000|100%| E|CS|TAMS 0x000000008f100000, 0x000000008f100000| Complete 
| 160|0x000000008f200000, 0x000000008f300000, 0x000000008f300000|100%| E|CS|TAMS 0x000000008f200000, 0x000000008f200000| Complete 
| 161|0x000000008f300000, 0x000000008f400000, 0x000000008f400000|100%| E|CS|TAMS 0x000000008f300000, 0x000000008f300000| Complete 
| 162|0x000000008f400000, 0x000000008f500000, 0x000000008f500000|100%| E|CS|TAMS 0x000000008f400000, 0x000000008f400000| Complete 
| 163|0x000000008f500000, 0x000000008f600000, 0x000000008f600000|100%| E|CS|TAMS 0x000000008f500000, 0x000000008f500000| Complete 
| 164|0x000000008f600000, 0x000000008f700000, 0x000000008f700000|100%| E|CS|TAMS 0x000000008f600000, 0x000000008f600000| Complete 
| 165|0x000000008f700000, 0x000000008f800000, 0x000000008f800000|100%| E|CS|TAMS 0x000000008f700000, 0x000000008f700000| Complete 
| 166|0x000000008f800000, 0x000000008f900000, 0x000000008f900000|100%| E|CS|TAMS 0x000000008f800000, 0x000000008f800000| Complete 
| 167|0x000000008f900000, 0x000000008fa00000, 0x000000008fa00000|100%| E|CS|TAMS 0x000000008f900000, 0x000000008f900000| Complete 
| 168|0x000000008fa00000, 0x000000008fb00000, 0x000000008fb00000|100%| E|CS|TAMS 0x000000008fa00000, 0x000000008fa00000| Complete 
| 169|0x000000008fb00000, 0x000000008fc00000, 0x000000008fc00000|100%| E|CS|TAMS 0x000000008fb00000, 0x000000008fb00000| Complete 
| 170|0x000000008fc00000, 0x000000008fd00000, 0x000000008fd00000|100%| E|CS|TAMS 0x000000008fc00000, 0x000000008fc00000| Complete 
| 171|0x000000008fd00000, 0x000000008fe00000, 0x000000008fe00000|100%| E|CS|TAMS 0x000000008fd00000, 0x000000008fd00000| Complete 
| 172|0x000000008fe00000, 0x000000008ff00000, 0x000000008ff00000|100%| E|CS|TAMS 0x000000008fe00000, 0x000000008fe00000| Complete 
| 173|0x000000008ff00000, 0x0000000090000000, 0x0000000090000000|100%| E|CS|TAMS 0x000000008ff00000, 0x000000008ff00000| Complete 
| 174|0x0000000090000000, 0x0000000090100000, 0x0000000090100000|100%| E|CS|TAMS 0x0000000090000000, 0x0000000090000000| Complete 
| 175|0x0000000090100000, 0x0000000090200000, 0x0000000090200000|100%| E|CS|TAMS 0x0000000090100000, 0x0000000090100000| Complete 
| 176|0x0000000090200000, 0x0000000090300000, 0x0000000090300000|100%| E|CS|TAMS 0x0000000090200000, 0x0000000090200000| Complete 
| 177|0x0000000090300000, 0x0000000090400000, 0x0000000090400000|100%| E|CS|TAMS 0x0000000090300000, 0x0000000090300000| Complete 
| 178|0x0000000090400000, 0x0000000090500000, 0x0000000090500000|100%| E|CS|TAMS 0x0000000090400000, 0x0000000090400000| Complete 

Card table byte_map: [0x00000233370c0000,0x00000233374a0000] _byte_map_base: 0x0000023336c97000

Marking Bits (Prev, Next): (CMBitMap*) 0x00000233203681b8, (CMBitMap*) 0x00000233203681f0
 Prev Bits: [0x0000023337880000, 0x0000023339738000)
 Next Bits: [0x0000023339740000, 0x000002333b5f8000)

Polling page: 0x000002331e4c0000

Metaspace:

Usage:
  Non-class:     35.96 MB capacity,    35.36 MB ( 98%) used,   528.06 KB (  1%) free+waste,    79.44 KB ( <1%) overhead. 
      Class:      4.42 MB capacity,     4.06 MB ( 92%) used,   338.05 KB (  7%) free+waste,    33.63 KB ( <1%) overhead. 
       Both:     40.38 MB capacity,    39.42 MB ( 98%) used,   866.12 KB (  2%) free+waste,   113.06 KB ( <1%) overhead. 

Virtual space:
  Non-class space:       38.00 MB reserved,      36.17 MB ( 95%) committed 
      Class space:        1.00 GB reserved,       4.50 MB ( <1%) committed 
             Both:        1.04 GB reserved,      40.67 MB (  4%) committed 

Chunk freelists:
   Non-Class:  3.75 KB
       Class:  2.00 KB
        Both:  5.75 KB

CodeHeap 'non-profiled nmethods': size=120000Kb used=3209Kb max_used=3209Kb free=116790Kb
 bounds [0x000002332f480000, 0x000002332f7b0000, 0x00000233369b0000]
CodeHeap 'profiled nmethods': size=120000Kb used=17319Kb max_used=17319Kb free=102680Kb
 bounds [0x0000023327f50000, 0x0000023329040000, 0x000002332f480000]
CodeHeap 'non-nmethods': size=5760Kb used=1177Kb max_used=1225Kb free=4582Kb
 bounds [0x00000233279b0000, 0x0000023327c20000, 0x0000023327f50000]
 total_blobs=8357 nmethods=7842 adapters=426
 compilation: enabled
              stopped_count=0, restarted_count=0
 full_count=0

Compilation events (10 events):
Event: 9.196 Thread 0x000002333e064000 nmethod 7992 0x000002332f7a2010 code [0x000002332f7a21a0, 0x000002332f7a23b8]
Event: 9.197 Thread 0x000002333e064000 7993       3       sun.nio.cs.StreamEncoder::write (37 bytes)
Event: 9.197 Thread 0x000002333e064000 nmethod 7993 0x0000023329038a90 code [0x0000023329038c60, 0x0000023329038fa8]
Event: 9.197 Thread 0x000002333e064000 7994       3       java.util.Calendar::internalGet (7 bytes)
Event: 9.198 Thread 0x000002333e064000 nmethod 7994 0x0000023329039110 code [0x00000233290392a0, 0x00000233290393d8]
Event: 9.198 Thread 0x000002333e05f800 7995       4       sun.nio.cs.UTF_8$Encoder::encodeArrayLoop (489 bytes)
Event: 9.199 Thread 0x000002333e064000 7996  s    3       java.lang.StringBuffer::append (13 bytes)
Event: 9.199 Thread 0x000002333e064000 nmethod 7996 0x0000023329039490 code [0x0000023329039640, 0x0000023329039908]
Event: 9.199 Thread 0x000002333e064000 7997       3       java.io.OutputStreamWriter::write (11 bytes)
Event: 9.199 Thread 0x000002333e064000 nmethod 7997 0x0000023329039a10 code [0x0000023329039bc0, 0x0000023329039d08]

GC Heap History (10 events):
Event: 5.743 GC heap before
{Heap before GC invocations=7 (full 0):
 garbage-first heap   total 152576K, used 94720K [0x0000000085200000, 0x0000000100000000)
  region size 1024K, 53 young (54272K), 2 survivors (2048K)
 Metaspace       used 34725K, capacity 35495K, committed 35632K, reserved 1081344K
  class space    used 3620K, capacity 3867K, committed 3968K, reserved 1048576K
}
Event: 5.748 GC heap after
{Heap after GC invocations=8 (full 0):
 garbage-first heap   total 152576K, used 42938K [0x0000000085200000, 0x0000000100000000)
  region size 1024K, 3 young (3072K), 3 survivors (3072K)
 Metaspace       used 34725K, capacity 35495K, committed 35632K, reserved 1081344K
  class space    used 3620K, capacity 3867K, committed 3968K, reserved 1048576K
}
Event: 5.946 GC heap before
{Heap before GC invocations=8 (full 0):
 garbage-first heap   total 152576K, used 87994K [0x0000000085200000, 0x0000000100000000)
  region size 1024K, 48 young (49152K), 3 survivors (3072K)
 Metaspace       used 35026K, capacity 35794K, committed 35888K, reserved 1081344K
  class space    used 3633K, capacity 3876K, committed 3968K, reserved 1048576K
}
Event: 5.950 GC heap after
{Heap after GC invocations=9 (full 0):
 garbage-first heap   total 152576K, used 43288K [0x0000000085200000, 0x0000000100000000)
  region size 1024K, 3 young (3072K), 3 survivors (3072K)
 Metaspace       used 35026K, capacity 35794K, committed 35888K, reserved 1081344K
  class space    used 3633K, capacity 3876K, committed 3968K, reserved 1048576K
}
Event: 6.717 GC heap before
{Heap before GC invocations=10 (full 0):
 garbage-first heap   total 152576K, used 102680K [0x0000000085200000, 0x0000000100000000)
  region size 1024K, 61 young (62464K), 3 survivors (3072K)
 Metaspace       used 36996K, capacity 37878K, committed 38192K, reserved 1083392K
  class space    used 3820K, capacity 4143K, committed 4224K, reserved 1048576K
}
Event: 6.725 GC heap after
{Heap after GC invocations=11 (full 0):
 garbage-first heap   total 152576K, used 47594K [0x0000000085200000, 0x0000000100000000)
  region size 1024K, 8 young (8192K), 8 survivors (8192K)
 Metaspace       used 36996K, capacity 37878K, committed 38192K, reserved 1083392K
  class space    used 3820K, capacity 4143K, committed 4224K, reserved 1048576K
}
Event: 7.316 GC heap before
{Heap before GC invocations=11 (full 0):
 garbage-first heap   total 152576K, used 108010K [0x0000000085200000, 0x0000000100000000)
  region size 1024K, 65 young (66560K), 8 survivors (8192K)
 Metaspace       used 37512K, capacity 38497K, committed 38704K, reserved 1083392K
  class space    used 3869K, capacity 4220K, committed 4224K, reserved 1048576K
}
Event: 7.332 GC heap after
{Heap after GC invocations=12 (full 0):
 garbage-first heap   total 152576K, used 66608K [0x0000000085200000, 0x0000000100000000)
  region size 1024K, 9 young (9216K), 9 survivors (9216K)
 Metaspace       used 37512K, capacity 38497K, committed 38704K, reserved 1083392K
  class space    used 3869K, capacity 4220K, committed 4224K, reserved 1048576K
}
Event: 8.202 GC heap before
{Heap before GC invocations=12 (full 0):
 garbage-first heap   total 152576K, used 112688K [0x0000000085200000, 0x0000000100000000)
  region size 1024K, 54 young (55296K), 9 survivors (9216K)
 Metaspace       used 39610K, capacity 40631K, committed 40752K, reserved 1085440K
  class space    used 4084K, capacity 4395K, committed 4480K, reserved 1048576K
}
Event: 8.211 GC heap after
{Heap after GC invocations=13 (full 0):
 garbage-first heap   total 183296K, used 67584K [0x0000000085200000, 0x0000000100000000)
  region size 1024K, 3 young (3072K), 3 survivors (3072K)
 Metaspace       used 39610K, capacity 40631K, committed 40752K, reserved 1085440K
  class space    used 4084K, capacity 4395K, committed 4480K, reserved 1048576K
}

Deoptimization events (10 events):
Event: 7.595 Thread 0x000002332032c000 Uncommon trap: reason=unstable_if action=reinterpret pc=0x000002332f622054 method=org.eclipse.aether.util.graph.transformer.ConflictResolver$State.deriveScope(Lorg/eclipse/aether/graph/DependencyNode;Ljava/lang/Object;)Ljava/lang/String; @ 8 c2
Event: 7.726 Thread 0x000002332032c000 Uncommon trap: reason=unstable_if action=reinterpret pc=0x000002332f6017b8 method=java.lang.ThreadLocal$ThreadLocalMap.getEntry(Ljava/lang/ThreadLocal;)Ljava/lang/ThreadLocal$ThreadLocalMap$Entry; @ 29 c2
Event: 7.726 Thread 0x000002332032c000 Uncommon trap: reason=unstable_if action=reinterpret pc=0x000002332f601c90 method=java.lang.ThreadLocal$ThreadLocalMap.getEntry(Ljava/lang/ThreadLocal;)Ljava/lang/ThreadLocal$ThreadLocalMap$Entry; @ 29 c2
Event: 7.741 Thread 0x000002332032c000 Uncommon trap: reason=unstable_if action=reinterpret pc=0x000002332f602f88 method=com.google.inject.internal.MoreTypes.canonicalize(Ljava/lang/reflect/Type;)Ljava/lang/reflect/Type; @ 16 c2
Event: 7.741 Thread 0x000002332032c000 Uncommon trap: reason=class_check action=maybe_recompile pc=0x000002332f71fc18 method=com.google.inject.internal.MoreTypes.getRawType(Ljava/lang/reflect/Type;)Ljava/lang/Class; @ 13 c2
Event: 7.742 Thread 0x000002332032c000 Uncommon trap: reason=class_check action=maybe_recompile pc=0x000002332f71fc18 method=com.google.inject.internal.MoreTypes.getRawType(Ljava/lang/reflect/Type;)Ljava/lang/Class; @ 13 c2
Event: 7.743 Thread 0x000002332032c000 Uncommon trap: reason=class_check action=maybe_recompile pc=0x000002332f71fc18 method=com.google.inject.internal.MoreTypes.getRawType(Ljava/lang/reflect/Type;)Ljava/lang/Class; @ 13 c2
Event: 7.750 Thread 0x000002332032c000 Uncommon trap: reason=class_check action=maybe_recompile pc=0x000002332f71fc18 method=com.google.inject.internal.MoreTypes.getRawType(Ljava/lang/reflect/Type;)Ljava/lang/Class; @ 13 c2
Event: 7.788 Thread 0x000002332032c000 Uncommon trap: reason=unstable_if action=reinterpret pc=0x000002332f62ff4c method=org.codehaus.plexus.classworlds.realm.Entry.matches(Ljava/lang/String;)Z @ 20 c2
Event: 8.247 Thread 0x0000023343066000 Uncommon trap: reason=unstable_if action=reinterpret pc=0x000002332f74abf0 method=java.util.concurrent.locks.AbstractQueuedSynchronizer.doReleaseShared()V @ 6 c2

Classes redefined (0 events):
No events

Internal exceptions (10 events):
Event: 7.527 Thread 0x000002332032c000 Exception <a 'sun/nio/fs/WindowsException'{0x000000008cfc9718}> (0x000000008cfc9718) thrown at [./open/src/hotspot/share/prims/jni.cpp, line 611]
Event: 7.527 Thread 0x000002332032c000 Exception <a 'sun/nio/fs/WindowsException'{0x000000008cfcae30}> (0x000000008cfcae30) thrown at [./open/src/hotspot/share/prims/jni.cpp, line 611]
Event: 7.757 Thread 0x000002332032c000 Exception <a 'java/lang/NoSuchMethodError'{0x000000008be246b0}: org.apache.maven.execution.MavenExecutionRequest.getFailureBehavior()Ljava/lang/String;> (0x000000008be246b0) thrown at [./open/src/hotspot/share/interpreter/linkResolver.cpp, line 864]
Event: 7.770 Thread 0x0000023342c45000 Exception <a 'java/lang/NoSuchMethodError'{0x000000008c0486f0}: java.lang.invoke.DirectMethodHandle$Holder.invokeStaticInit(Ljava/lang/Object;Ljava/lang/Object;JLjava/lang/Object;)Ljava/lang/Object;> (0x000000008c0486f0) thrown at [./open/src/hotspot/shar
Event: 7.771 Thread 0x0000023342c45000 Exception <a 'java/lang/NoSuchMethodError'{0x000000008be87ed0}: java.lang.invoke.Invokers$Holder.linkToTargetMethod(Ljava/lang/Object;JLjava/lang/Object;)Ljava/lang/Object;> (0x000000008be87ed0) thrown at [./open/src/hotspot/share/interpreter/linkResolver
Event: 8.174 Thread 0x000002332032c000 Exception <a 'java/lang/NoSuchMethodError'{0x000000008bddec18}: java.lang.invoke.DirectMethodHandle$Holder.invokeStaticInit(Ljava/lang/Object;Ljava/lang/Object;IIII)Ljava/lang/Object;> (0x000000008bddec18) thrown at [./open/src/hotspot/share/interpreter/l
Event: 8.392 Thread 0x000002332032c000 Exception <a 'java/lang/NoSuchMethodError'{0x000000008ef00060}: java.lang.invoke.DirectMethodHandle$Holder.invokeStatic(Ljava/lang/Object;J)V> (0x000000008ef00060) thrown at [./open/src/hotspot/share/interpreter/linkResolver.cpp, line 772]
Event: 8.393 Thread 0x000002332032c000 Exception <a 'java/lang/NoSuchMethodError'{0x000000008ef055a8}: java.lang.invoke.DirectMethodHandle$Holder.invokeStatic(Ljava/lang/Object;J)Ljava/lang/Object;> (0x000000008ef055a8) thrown at [./open/src/hotspot/share/interpreter/linkResolver.cpp, line 772
Event: 8.393 Thread 0x000002332032c000 Exception <a 'java/lang/NoSuchMethodError'{0x000000008ef088d0}: java.lang.invoke.DirectMethodHandle$Holder.invokeSpecial(Ljava/lang/Object;Ljava/lang/Object;J)Ljava/lang/Object;> (0x000000008ef088d0) thrown at [./open/src/hotspot/share/interpreter/linkRes
Event: 8.393 Thread 0x000002332032c000 Exception <a 'java/lang/NoSuchMethodError'{0x000000008ef0b638}: java.lang.invoke.Invokers$Holder.linkToTargetMethod(JLjava/lang/Object;)Ljava/lang/Object;> (0x000000008ef0b638) thrown at [./open/src/hotspot/share/interpreter/linkResolver.cpp, line 772]

Events (10 events):
Event: 9.188 loading class org/apache/maven/plugin/surefire/booterclient/output/InPluginProcessDumpSingleton
Event: 9.188 loading class org/apache/maven/plugin/surefire/booterclient/output/InPluginProcessDumpSingleton done
Event: 9.192 loading class java/lang/Throwable$WrappedPrintWriter
Event: 9.192 loading class java/lang/Throwable$PrintStreamOrWriter
Event: 9.192 loading class java/lang/Throwable$PrintStreamOrWriter done
Event: 9.192 loading class java/lang/Throwable$WrappedPrintWriter done
Event: 9.193 Executing VM operation: RevokeBias
Event: 9.193 Executing VM operation: RevokeBias done
Event: 9.198 Thread 0x0000023342c76800 DEOPT PACKING pc=0x0000023328ebfe07 sp=0x000000f9b6bfee50
Event: 9.198 Thread 0x0000023342c76800 DEOPT UNPACKING pc=0x00000233279d7c0e sp=0x000000f9b6bfe3b8 mode 0


Dynamic libraries:
0x00007ff7331d0000 - 0x00007ff7331df000 	C:\Program Files\Java\jdk-11.0.14\bin\java.exe
0x00007ffb3f7c0000 - 0x00007ffb3f9c9000 	C:\WINDOWS\SYSTEM32\ntdll.dll
0x00007ffb3dcb0000 - 0x00007ffb3dd6d000 	C:\WINDOWS\System32\KERNEL32.DLL
0x00007ffb3ccb0000 - 0x00007ffb3d029000 	C:\WINDOWS\System32\KERNELBASE.dll
0x00007ffb3d430000 - 0x00007ffb3d541000 	C:\WINDOWS\System32\ucrtbase.dll
0x00007ffae5730000 - 0x00007ffae5748000 	C:\Program Files\Java\jdk-11.0.14\bin\jli.dll
0x00007ffae5470000 - 0x00007ffae5485000 	C:\Program Files\Java\jdk-11.0.14\bin\VCRUNTIME140.dll
0x00007ffb3d6d0000 - 0x00007ffb3d77e000 	C:\WINDOWS\System32\ADVAPI32.dll
0x00007ffb3dba0000 - 0x00007ffb3dc43000 	C:\WINDOWS\System32\msvcrt.dll
0x00007ffb3f1e0000 - 0x00007ffb3f27e000 	C:\WINDOWS\System32\sechost.dll
0x00007ffb3d800000 - 0x00007ffb3d920000 	C:\WINDOWS\System32\RPCRT4.dll
0x00007ffb3d9f0000 - 0x00007ffb3db9c000 	C:\WINDOWS\System32\USER32.dll
0x00007ffb1fea0000 - 0x00007ffb20145000 	C:\WINDOWS\WinSxS\amd64_microsoft.windows.common-controls_6595b64144ccf1df_6.0.22000.120_none_9d947278b86cc467\COMCTL32.dll
0x00007ffb3d0b0000 - 0x00007ffb3d0d6000 	C:\WINDOWS\System32\win32u.dll
0x00007ffb3dd80000 - 0x00007ffb3dda9000 	C:\WINDOWS\System32\GDI32.dll
0x00007ffb3d310000 - 0x00007ffb3d422000 	C:\WINDOWS\System32\gdi32full.dll
0x00007ffb3d550000 - 0x00007ffb3d5ed000 	C:\WINDOWS\System32\msvcp_win.dll
0x00007ffb32780000 - 0x00007ffb3278a000 	C:\WINDOWS\SYSTEM32\VERSION.dll
0x00007ffb3d9b0000 - 0x00007ffb3d9e1000 	C:\WINDOWS\System32\IMM32.DLL
0x00007ffad74c0000 - 0x00007ffad755b000 	C:\Program Files\Java\jdk-11.0.14\bin\msvcp140.dll
0x00007ffad0310000 - 0x00007ffad0e26000 	C:\Program Files\Java\jdk-11.0.14\bin\server\jvm.dll
0x00007ffb3edf0000 - 0x00007ffb3edf8000 	C:\WINDOWS\System32\PSAPI.DLL
0x00007ffb35050000 - 0x00007ffb35083000 	C:\WINDOWS\SYSTEM32\WINMM.dll
0x00007ffb181f0000 - 0x00007ffb181f9000 	C:\WINDOWS\SYSTEM32\WSOCK32.dll
0x00007ffb3eba0000 - 0x00007ffb3ec0f000 	C:\WINDOWS\System32\WS2_32.dll
0x00007ffb3bea0000 - 0x00007ffb3beb8000 	C:\WINDOWS\SYSTEM32\kernel.appcore.dll
0x00007ffb17d20000 - 0x00007ffb17d30000 	C:\Program Files\Java\jdk-11.0.14\bin\verify.dll
0x00007ffb3a7a0000 - 0x00007ffb3a9c1000 	C:\WINDOWS\SYSTEM32\DBGHELP.DLL
0x00007ffb1c0a0000 - 0x00007ffb1c0d1000 	C:\WINDOWS\SYSTEM32\dbgcore.DLL
0x00007ffb3d030000 - 0x00007ffb3d0af000 	C:\WINDOWS\System32\bcryptPrimitives.dll
0x00007ffae42c0000 - 0x00007ffae42e8000 	C:\Program Files\Java\jdk-11.0.14\bin\java.dll
0x00007ffafa060000 - 0x00007ffafa06a000 	C:\Program Files\Java\jdk-11.0.14\bin\jimage.dll
0x00007ffb39850000 - 0x00007ffb3985e000 	C:\Program Files\Java\jdk-11.0.14\bin\instrument.dll
0x00007ffae5450000 - 0x00007ffae5466000 	C:\Program Files\Java\jdk-11.0.14\bin\zip.dll
0x00007ffb3ddb0000 - 0x00007ffb3e55f000 	C:\WINDOWS\System32\SHELL32.dll
0x00007ffb3adf0000 - 0x00007ffb3b658000 	C:\WINDOWS\SYSTEM32\windows.storage.dll
0x00007ffb3ee60000 - 0x00007ffb3f1d8000 	C:\WINDOWS\System32\combase.dll
0x00007ffb3ac80000 - 0x00007ffb3ade6000 	C:\WINDOWS\SYSTEM32\wintypes.dll
0x00007ffb3f280000 - 0x00007ffb3f36a000 	C:\WINDOWS\System32\SHCORE.dll
0x00007ffb3ee00000 - 0x00007ffb3ee5d000 	C:\WINDOWS\System32\shlwapi.dll
0x00007ffb3cbe0000 - 0x00007ffb3cc01000 	C:\WINDOWS\SYSTEM32\profapi.dll
0x00007ffae42a0000 - 0x00007ffae42b9000 	C:\Program Files\Java\jdk-11.0.14\bin\net.dll
0x00007ffb34120000 - 0x00007ffb3422c000 	C:\WINDOWS\SYSTEM32\WINHTTP.dll
0x00007ffb3c2d0000 - 0x00007ffb3c337000 	C:\WINDOWS\system32\mswsock.dll
0x00007ffae41c0000 - 0x00007ffae41d2000 	C:\Program Files\Java\jdk-11.0.14\bin\nio.dll
0x00007ffb38d80000 - 0x00007ffb38d9a000 	C:\Program Files\JetBrains\IntelliJ IDEA 2022.1\bin\breakgen64.dll
0x0000000069ac0000 - 0x0000000069ae4000 	C:\Users\Skander Boussorra\AppData\Local\Temp\jansi-2.4.0-e68da0d436ac6cdf-jansi.dll
0x00007ffb3c510000 - 0x00007ffb3c528000 	C:\WINDOWS\SYSTEM32\CRYPTSP.dll
0x00007ffb3be00000 - 0x00007ffb3be35000 	C:\WINDOWS\system32\rsaenh.dll
0x00007ffb3c3c0000 - 0x00007ffb3c3e9000 	C:\WINDOWS\SYSTEM32\USERENV.dll
0x00007ffb3c690000 - 0x00007ffb3c6b7000 	C:\WINDOWS\SYSTEM32\bcrypt.dll
0x00007ffb3c530000 - 0x00007ffb3c53c000 	C:\WINDOWS\SYSTEM32\CRYPTBASE.dll
0x00007ffb3b9b0000 - 0x00007ffb3b9dd000 	C:\WINDOWS\SYSTEM32\IPHLPAPI.DLL
0x00007ffb3d9a0000 - 0x00007ffb3d9a9000 	C:\WINDOWS\System32\NSI.dll
0x00007ffb34240000 - 0x00007ffb34259000 	C:\WINDOWS\SYSTEM32\dhcpcsvc6.DLL
0x00007ffb350e0000 - 0x00007ffb350fe000 	C:\WINDOWS\SYSTEM32\dhcpcsvc.DLL
0x00007ffb3ba20000 - 0x00007ffb3bb08000 	C:\WINDOWS\SYSTEM32\DNSAPI.dll

dbghelp: loaded successfully - version: 4.0.5 - missing functions: none
symbol engine: initialized successfully - sym options: 0x614 - pdb path: .;C:\Program Files\Java\jdk-11.0.14\bin;C:\WINDOWS\SYSTEM32;C:\WINDOWS\WinSxS\amd64_microsoft.windows.common-controls_6595b64144ccf1df_6.0.22000.120_none_9d947278b86cc467;C:\Program Files\Java\jdk-11.0.14\bin\server;C:\Program Files\JetBrains\IntelliJ IDEA 2022.1\bin;C:\Users\Skander Boussorra\AppData\Local\Temp

VM Arguments:
jvm_args: -Dmaven.multiModuleProjectDirectory=C:\Users\Skander Boussorra\Desktop\Projet DEVOPS\08_06_2022\restaurant-backend-devops\restaurant-backend-devops\order-MicroService -Dmaven.home=C:\Users\Skander Boussorra\.m2\wrapper\dists\apache-maven-3.8.4-bin\52ccbt68d252mdldqsfsn03jlf\apache-maven-3.8.4 -Dclassworlds.conf=C:\Users\Skander Boussorra\.m2\wrapper\dists\apache-maven-3.8.4-bin\52ccbt68d252mdldqsfsn03jlf\apache-maven-3.8.4\bin\m2.conf -Dmaven.ext.class.path=C:\Program Files\JetBrains\IntelliJ IDEA 2022.1\plugins\maven\lib\maven-event-listener.jar -javaagent:C:\Program Files\JetBrains\IntelliJ IDEA 2022.1\lib\idea_rt.jar=58913:C:\Program Files\JetBrains\IntelliJ IDEA 2022.1\bin -Dfile.encoding=UTF-8 
java_command: org.codehaus.classworlds.Launcher -Didea.version=2022.1 install
java_class_path (initial): C:\Users\Skander Boussorra\.m2\wrapper\dists\apache-maven-3.8.4-bin\52ccbt68d252mdldqsfsn03jlf\apache-maven-3.8.4\boot\plexus-classworlds-2.6.0.jar;C:\Users\Skander Boussorra\.m2\wrapper\dists\apache-maven-3.8.4-bin\52ccbt68d252mdldqsfsn03jlf\apache-maven-3.8.4\boot\plexus-classworlds.license
Launcher Type: SUN_STANDARD

[Global flags]
     intx CICompilerCount                          = 4                                         {product} {ergonomic}
     uint ConcGCThreads                            = 2                                         {product} {ergonomic}
     uint G1ConcRefinementThreads                  = 8                                         {product} {ergonomic}
   size_t G1HeapRegionSize                         = 1048576                                   {product} {ergonomic}
    uintx GCDrainStackTargetSize                   = 64                                        {product} {ergonomic}
   size_t InitialHeapSize                          = 130023424                                 {product} {ergonomic}
   size_t MarkStackSize                            = 4194304                                   {product} {ergonomic}
   size_t MaxHeapSize                              = 2061500416                                {product} {ergonomic}
   size_t MaxNewSize                               = 1236271104                                {product} {ergonomic}
   size_t MinHeapDeltaBytes                        = 1048576                                   {product} {ergonomic}
    uintx NonNMethodCodeHeapSize                   = 5836300                                {pd product} {ergonomic}
    uintx NonProfiledCodeHeapSize                  = 122910970                              {pd product} {ergonomic}
    uintx ProfiledCodeHeapSize                     = 122910970                              {pd product} {ergonomic}
    uintx ReservedCodeCacheSize                    = 251658240                              {pd product} {ergonomic}
     bool SegmentedCodeCache                       = true                                      {product} {ergonomic}
     bool UseCompressedClassPointers               = true                                 {lp64_product} {ergonomic}
     bool UseCompressedOops                        = true                                 {lp64_product} {ergonomic}
     bool UseG1GC                                  = true                                      {product} {ergonomic}
     bool UseLargePagesIndividualAllocation        = false                                  {pd product} {ergonomic}

Logging:
Log output configuration:
 #0: stdout all=warning uptime,level,tags
 #1: stderr all=off uptime,level,tags

Environment Variables:
JAVA_HOME=C:\Program Files\Java\jdk-11.0.14
PATH=C:\Program Files (x86)\VMware\VMware Workstation\bin\;C:\WINDOWS\system32;C:\WINDOWS;C:\WINDOWS\System32\Wbem;C:\WINDOWS\System32\WindowsPowerShell\v1.0\;C:\WINDOWS\System32\OpenSSH\;C:\Program Files (x86)\Common Files\PCXTools;C:\Program Files\PuTTY\;C:\Program Files\Git\cmd;C:\Program Files\Docker\Docker\resources\bin;C:\ProgramData\DockerDesktop\version-bin;C:\Users\Skander Boussorra\AppData\Local\Microsoft\WindowsApps;C:\Program Files\JetBrains\IntelliJ IDEA 2022.1\bin;;C:\apache-maven-3.8.5\bin;C:\Program Files\Java\jdk-11.0.14\bin;C:\Program Files\apache-maven-3.5.0\bin;
USERNAME=Skander Boussorra
OS=Windows_NT
PROCESSOR_IDENTIFIER=Intel64 Family 6 Model 140 Stepping 1, GenuineIntel



---------------  S Y S T E M  ---------------

OS: Windows 11 , 64 bit Build 22000 (10.0.22000.675)
Hyper-V role detected

CPU:total 8 (initial active 8) (4 cores per cpu, 2 threads per core) family 6 model 140 stepping 1 microcode 0x86, cmov, cx8, fxsr, mmx, sse, sse2, sse3, ssse3, sse4.1, sse4.2, popcnt, avx, avx2, aes, clmul, erms, 3dnowpref, lzcnt, ht, tsc, tscinvbit, bmi1, bmi2, adx, evex, sha, fma

Memory: 4k page, system-wide physical 7859M (365M free)
TotalPageFile size 22978M (AvailPageFile size 0M)
current process WorkingSet (physical memory assigned to process): 314M, peak: 321M
current process commit charge ("private bytes"): 360M, peak: 368M

vm_info: Java HotSpot(TM) 64-Bit Server VM (11.0.14+8-LTS-263) for windows-amd64 JRE (11.0.14+8-LTS-263), built on Dec  7 2021 21:53:57 by "mach5one" with MS VC++ 15.9 (VS2017)

END.
