2022-06-12 12:55:41 [INFO ] io.order.manager.food.order.manager.services.impl.CategoryServicesImp.ListCategories(CategoryServicesImp.java:74):74 - ** Commencer  ListCategories() : 
2022-06-12 12:55:41 [DEBUG] io.order.manager.food.order.manager.services.impl.CategoryServicesImp.ListCategories(CategoryServicesImp.java:78):78 -  --  La liste des catégories :[Category{id=1, nom='testt', description='didi'}, Category{id=2, nom='didi', description='didi'}, Category{id=3, nom='didi', description='didi'}, Category{id=4, nom='skon', description='skon'}, Category{id=5, nom='skon', description='skon'}, Category{id=6, nom='skon', description='skon'}]
2022-06-12 12:55:41 [DEBUG] io.order.manager.food.order.manager.services.impl.CategoryServicesImp.ListCategories(CategoryServicesImp.java:79):79 -  -- Le nombre des catégories :6
2022-06-12 12:55:41 [INFO ] io.order.manager.food.order.manager.services.impl.CategoryServicesImp.ListCategories(CategoryServicesImp.java:80):80 - ** Terminer ListCategories() sans erreurs! 
2022-06-12 12:55:41 [INFO ] io.order.manager.food.order.manager.services.impl.CategoryServicesImp.ModifierNomCategorie(CategoryServicesImp.java:103):103 - ** Commencer MettreAjourNomCategorie(): 
2022-06-12 12:55:41 [DEBUG] io.order.manager.food.order.manager.services.impl.CategoryServicesImp.ModifierNomCategorie(CategoryServicesImp.java:105):105 -  La catégorie1 aura un nouveau nom :testt
2022-06-12 12:55:41 [DEBUG] io.order.manager.food.order.manager.services.impl.CategoryServicesImp.ModifierNomCategorie(CategoryServicesImp.java:107):107 - 1 succès de la mise à jour de nom 
2022-06-12 12:55:41 [INFO ] io.order.manager.food.order.manager.services.impl.CategoryServicesImp.ModifierNomCategorie(CategoryServicesImp.java:108):108 - ** Terminer MettreAjourNomCategorie() sans erreurs !  
2022-06-12 12:55:41 [INFO ] io.order.manager.food.order.manager.services.impl.CategoryServicesImp.ListCategories(CategoryServicesImp.java:74):74 - ** Commencer  ListCategories() : 
2022-06-12 12:55:41 [DEBUG] io.order.manager.food.order.manager.services.impl.CategoryServicesImp.ListCategories(CategoryServicesImp.java:78):78 -  --  La liste des catégories :[Category{id=1, nom='testt', description='didi'}, Category{id=2, nom='didi', description='didi'}, Category{id=3, nom='didi', description='didi'}, Category{id=4, nom='skon', description='skon'}, Category{id=5, nom='skon', description='skon'}, Category{id=6, nom='skon', description='skon'}]
2022-06-12 12:55:41 [DEBUG] io.order.manager.food.order.manager.services.impl.CategoryServicesImp.ListCategories(CategoryServicesImp.java:79):79 -  -- Le nombre des catégories :6
2022-06-12 12:55:41 [INFO ] io.order.manager.food.order.manager.services.impl.CategoryServicesImp.ListCategories(CategoryServicesImp.java:80):80 - ** Terminer ListCategories() sans erreurs! 
2022-06-12 13:19:07 [INFO ] io.order.manager.food.order.manager.services.impl.CategoryServicesImp.ListCategories(CategoryServicesImp.java:72):72 - ** Commencer  ListCategories() : 
2022-06-12 13:19:07 [DEBUG] io.order.manager.food.order.manager.services.impl.CategoryServicesImp.ListCategories(CategoryServicesImp.java:76):76 -  --  La liste des catégories :[Category{id=1, nom='testt', description='didi'}, Category{id=2, nom='didi', description='didi'}, Category{id=3, nom='didi', description='didi'}, Category{id=4, nom='skon', description='skon'}, Category{id=5, nom='skon', description='skon'}, Category{id=6, nom='skon', description='skon'}]
2022-06-12 13:19:07 [DEBUG] io.order.manager.food.order.manager.services.impl.CategoryServicesImp.ListCategories(CategoryServicesImp.java:77):77 -  -- Le nombre des catégories :6
2022-06-12 13:19:07 [INFO ] io.order.manager.food.order.manager.services.impl.CategoryServicesImp.ListCategories(CategoryServicesImp.java:78):78 - ** Terminer ListCategories() sans erreurs! 
2022-06-12 13:19:07 [INFO ] io.order.manager.food.order.manager.services.impl.CategoryServicesImp.SupprimerCategorie(CategoryServicesImp.java:115):115 - Dans deleteEmployeById() : 
2022-06-12 13:19:07 [DEBUG] io.order.manager.food.order.manager.services.impl.CategoryServicesImp.SupprimerCategorie(CategoryServicesImp.java:116):116 - supperssion de l employé 1
2022-06-12 13:19:07 [DEBUG] io.order.manager.food.order.manager.services.impl.CategoryServicesImp.SupprimerCategorie(CategoryServicesImp.java:120):120 - suppression faite !!!
2022-06-12 13:19:07 [INFO ] io.order.manager.food.order.manager.services.impl.CategoryServicesImp.SupprimerCategorie(CategoryServicesImp.java:121):121 - Sortie de deleteContratById sans erreurs
2022-06-12 13:19:07 [INFO ] io.order.manager.food.order.manager.services.impl.CategoryServicesImp.NomsCategories(CategoryServicesImp.java:59):59 - ** commencer ListCategories() : 
2022-06-12 13:19:07 [DEBUG] io.order.manager.food.order.manager.services.impl.CategoryServicesImp.NomsCategories(CategoryServicesImp.java:63):63 -  -- N° 1 : Les noms des catégories: [didi, didi, skon, skon, skon]
2022-06-12 13:19:07 [INFO ] io.order.manager.food.order.manager.services.impl.CategoryServicesImp.NomsCategories(CategoryServicesImp.java:64):64 - ** terminer NomsCategories() sans erreurs ! 

2022-06-12 13:20:38 [INFO ] io.order.manager.food.order.manager.services.impl.CategoryServicesImp.ListCategories(CategoryServicesImp.java:72):72 - ** Commencer  ListCategories() :
2022-06-12 13:20:38 [DEBUG] io.order.manager.food.order.manager.services.impl.CategoryServicesImp.ListCategories(CategoryServicesImp.java:76):76 -  --  La liste des catégories :[Category{id=2, nom='didi', description='didi'}, Category{id=3, nom='didi', description='didi'}, Category{id=4, nom='skon', description='skon'}, Category{id=5, nom='skon', description='skon'}, Category{id=6, nom='skon', description='skon'}]
2022-06-12 13:20:38 [DEBUG] io.order.manager.food.order.manager.services.impl.CategoryServicesImp.ListCategories(CategoryServicesImp.java:77):77 -  -- Le nombre des catégories :5
2022-06-12 13:20:38 [INFO ] io.order.manager.food.order.manager.services.impl.CategoryServicesImp.ListCategories(CategoryServicesImp.java:78):78 - ** Terminer ListCategories() sans erreurs! 
2022-06-12 13:20:38 [INFO ] io.order.manager.food.order.manager.services.impl.CategoryServicesImp.ModifierNomCategorie(CategoryServicesImp.java:101):101 - ** Commencer MettreAjourNomCategorie(): 
2022-06-12 13:20:38 [DEBUG] io.order.manager.food.order.manager.services.impl.CategoryServicesImp.ModifierNomCategorie(CategoryServicesImp.java:103):103 -  La catégorie2 aura un nouveau nom :supp
2022-06-12 13:20:38 [DEBUG] io.order.manager.food.order.manager.services.impl.CategoryServicesImp.ModifierNomCategorie(CategoryServicesImp.java:105):105 -  succès de la mise à jour de nom pour la catégorie 2
2022-06-12 13:20:38 [INFO ] io.order.manager.food.order.manager.services.impl.CategoryServicesImp.ModifierNomCategorie(CategoryServicesImp.java:106):106 - ** Terminer MettreAjourNomCategorie() sans erreurs !  
2022-06-12 13:20:38 [INFO ] io.order.manager.food.order.manager.services.impl.CategoryServicesImp.ListCategories(CategoryServicesImp.java:72):72 - ** Commencer  ListCategories() : 
2022-06-12 13:20:38 [DEBUG] io.order.manager.food.order.manager.services.impl.CategoryServicesImp.ListCategories(CategoryServicesImp.java:76):76 -  --  La liste des catégories :[Category{id=2, nom='supp', description='didi'}, Category{id=3, nom='didi', description='didi'}, Category{id=4, nom='skon', description='skon'}, Category{id=5, nom='skon', description='skon'}, Category{id=6, nom='skon', description='skon'}]
2022-06-12 13:20:38 [DEBUG] io.order.manager.food.order.manager.services.impl.CategoryServicesImp.ListCategories(CategoryServicesImp.java:77):77 -  -- Le nombre des catégories :5
2022-06-12 13:20:38 [INFO ] io.order.manager.food.order.manager.services.impl.CategoryServicesImp.ListCategories(CategoryServicesImp.java:78):78 - ** Terminer ListCategories() sans erreurs! 
2022-06-12 13:22:00 [INFO ] io.order.manager.food.order.manager.services.impl.CategoryServicesImp.ListCategories(CategoryServicesImp.java:72):72 - ** Commencer  ListCategories() : 
2022-06-12 13:22:00 [DEBUG] io.order.manager.food.order.manager.services.impl.CategoryServicesImp.ListCategories(CategoryServicesImp.java:76):76 -  --  La liste des catégories :[Category{id=2, nom='supp', description='didi'}, Category{id=3, nom='didi', description='didi'}, Category{id=4, nom='skon', description='skon'}, Category{id=5, nom='skon', description='skon'}, Category{id=6, nom='skon', description='skon'}]
2022-06-12 13:22:00 [DEBUG] io.order.manager.food.order.manager.services.impl.CategoryServicesImp.ListCategories(CategoryServicesImp.java:77):77 -  -- Le nombre des catégories :5
2022-06-12 13:22:00 [INFO ] io.order.manager.food.order.manager.services.impl.CategoryServicesImp.ListCategories(CategoryServicesImp.java:78):78 - ** Terminer ListCategories() sans erreurs! 
2022-06-12 13:22:00 [INFO ] io.order.manager.food.order.manager.services.impl.CategoryServicesImp.SupprimerCategorie(CategoryServicesImp.java:115):115 - Dans deleteEmployeById() : 
2022-06-12 13:22:00 [DEBUG] io.order.manager.food.order.manager.services.impl.CategoryServicesImp.SupprimerCategorie(CategoryServicesImp.java:116):116 - supperssion de l employé 2
2022-06-12 13:22:01 [DEBUG] io.order.manager.food.order.manager.services.impl.CategoryServicesImp.SupprimerCategorie(CategoryServicesImp.java:120):120 - suppression faite !!!
2022-06-12 13:22:01 [INFO ] io.order.manager.food.order.manager.services.impl.CategoryServicesImp.SupprimerCategorie(CategoryServicesImp.java:121):121 - Sortie de deleteContratById sans erreurs
2022-06-12 13:22:01 [INFO ] io.order.manager.food.order.manager.services.impl.CategoryServicesImp.NomsCategories(CategoryServicesImp.java:59):59 - ** commencer ListCategories() : 
2022-06-12 13:22:01 [DEBUG] io.order.manager.food.order.manager.services.impl.CategoryServicesImp.NomsCategories(CategoryServicesImp.java:63):63 -  -- N° 1 : Les noms des catégories: [didi, skon, skon, skon]
2022-06-12 13:22:01 [INFO ] io.order.manager.food.order.manager.services.impl.CategoryServicesImp.NomsCategories(CategoryServicesImp.java:64):64 - ** terminer NomsCategories() sans erreurs ! 
